<?xml version="1.0" encoding="UTF-8"?>
<coverage generated="1784561824591" clover="3.2.0">
  <project timestamp="1784561824591" name="All files">
    <metrics statements="3433" coveredstatements="3425" conditionals="2604" coveredconditionals="2482" methods="815" coveredmethods="810" elements="6852" coveredelements="6717" complexity="0" loc="3433" ncloc="3433" packages="31" files="138" classes="138"/>
    <package name="components.blog">
      <metrics statements="3" coveredstatements="3" conditionals="6" coveredconditionals="6" methods="2" coveredmethods="2"/>
      <file name="BlogCard.tsx" path="/Users/emmett/nextjs/emmett_portofolio/src/components/blog/BlogCard.tsx">
        <metrics statements="3" coveredstatements="3" conditionals="6" coveredconditionals="6" methods="2" coveredmethods="2"/>
        <line num="1" count="1" type="stmt"/>
        <line num="26" count="16" type="stmt"/>
        <line num="65" count="48" type="stmt"/>
      </file>
    </package>
    <package name="components.chat">
      <metrics statements="492" coveredstatements="492" conditionals="373" coveredconditionals="366" methods="136" coveredmethods="135"/>
      <file name="ChatBookingCards.tsx" path="/Users/emmett/nextjs/emmett_portofolio/src/components/chat/ChatBookingCards.tsx">
        <metrics statements="11" coveredstatements="11" conditionals="8" coveredconditionals="8" methods="2" coveredmethods="2"/>
        <line num="1" count="6" type="stmt"/>
        <line num="8" count="6" type="stmt"/>
        <line num="9" count="6" type="stmt"/>
        <line num="12" count="6" type="stmt"/>
        <line num="13" count="6" type="stmt"/>
        <line num="14" count="6" type="stmt"/>
        <line num="15" count="6" type="stmt"/>
        <line num="17" count="6" type="cond" truecount="2" falsecount="0"/>
        <line num="18" count="6" type="cond" truecount="2" falsecount="0"/>
        <line num="20" count="5" type="stmt"/>
        <line num="28" count="1" type="stmt"/>
      </file>
      <file name="ChatBubble.tsx" path="/Users/emmett/nextjs/emmett_portofolio/src/components/chat/ChatBubble.tsx">
        <metrics statements="4" coveredstatements="4" conditionals="9" coveredconditionals="9" methods="1" coveredmethods="1"/>
        <line num="1" count="1" type="stmt"/>
        <line num="10" count="7" type="stmt"/>
        <line num="11" count="7" type="stmt"/>
        <line num="13" count="7" type="stmt"/>
      </file>
      <file name="ChatContactForm.tsx" path="/Users/emmett/nextjs/emmett_portofolio/src/components/chat/ChatContactForm.tsx">
        <metrics statements="22" coveredstatements="22" conditionals="19" coveredconditionals="18" methods="7" coveredmethods="6"/>
        <line num="1" count="1" type="stmt"/>
        <line num="16" count="182" type="stmt"/>
        <line num="17" count="182" type="stmt"/>
        <line num="18" count="182" type="cond" truecount="3" falsecount="0"/>
        <line num="20" count="182" type="cond" truecount="2" falsecount="1"/>
        <line num="21" count="182" type="stmt"/>
        <line num="22" count="182" type="stmt"/>
        <line num="29" count="182" type="stmt"/>
        <line num="30" count="5" type="stmt"/>
        <line num="31" count="5" type="cond" truecount="5" falsecount="0"/>
        <line num="32" count="4" type="stmt"/>
        <line num="34" count="4" type="stmt"/>
        <line num="35" count="4" type="stmt"/>
        <line num="48" count="2" type="cond" truecount="2" falsecount="0"/>
        <line num="49" count="1" type="stmt"/>
        <line num="53" count="1" type="stmt"/>
        <line num="55" count="3" type="stmt"/>
        <line num="59" count="182" type="stmt"/>
        <line num="77" count="48" type="stmt"/>
        <line num="88" count="96" type="stmt"/>
        <line num="99" count="11" type="stmt"/>
        <line num="109" count="8" type="stmt"/>
      </file>
      <file name="ChatFeedback.tsx" path="/Users/emmett/nextjs/emmett_portofolio/src/components/chat/ChatFeedback.tsx">
        <metrics statements="28" coveredstatements="28" conditionals="26" coveredconditionals="26" methods="8" coveredmethods="8"/>
        <line num="1" count="1" type="stmt"/>
        <line num="15" count="34" type="stmt"/>
        <line num="16" count="34" type="stmt"/>
        <line num="17" count="34" type="cond" truecount="3" falsecount="0"/>
        <line num="18" count="34" type="cond" truecount="3" falsecount="0"/>
        <line num="19" count="34" type="stmt"/>
        <line num="20" count="34" type="stmt"/>
        <line num="21" count="34" type="stmt"/>
        <line num="22" count="34" type="stmt"/>
        <line num="25" count="34" type="stmt"/>
        <line num="26" count="8" type="cond" truecount="2" falsecount="0"/>
        <line num="27" count="7" type="stmt"/>
        <line num="28" count="7" type="stmt"/>
        <line num="38" count="6" type="stmt"/>
        <line num="39" count="6" type="stmt"/>
        <line num="41" count="1" type="stmt"/>
        <line num="45" count="34" type="stmt"/>
        <line num="46" count="9" type="stmt"/>
        <line num="47" count="9" type="stmt"/>
        <line num="50" count="34" type="stmt"/>
        <line num="51" count="13" type="cond" truecount="4" falsecount="0"/>
        <line num="52" count="8" type="stmt"/>
        <line num="56" count="34" type="cond" truecount="2" falsecount="0"/>
        <line num="57" count="6" type="stmt"/>
        <line num="70" count="28" type="stmt"/>
        <line num="81" count="140" type="stmt"/>
        <line num="83" count="9" type="stmt"/>
        <line num="103" count="5" type="stmt"/>
      </file>
      <file name="ChatMessage.tsx" path="/Users/emmett/nextjs/emmett_portofolio/src/components/chat/ChatMessage.tsx">
        <metrics statements="37" coveredstatements="37" conditionals="30" coveredconditionals="29" methods="19" coveredmethods="19"/>
        <line num="1" count="1" type="stmt"/>
        <line num="14" count="18" type="stmt"/>
        <line num="15" count="18" type="stmt"/>
        <line num="19" count="18" type="stmt"/>
        <line num="20" count="18" type="stmt"/>
        <line num="21" count="18" type="stmt"/>
        <line num="22" count="18" type="cond" truecount="2" falsecount="0"/>
        <line num="23" count="1" type="stmt"/>
        <line num="27" count="6" type="stmt"/>
        <line num="28" count="6" type="stmt"/>
        <line num="29" count="6" type="cond" truecount="2" falsecount="0"/>
        <line num="30" count="6" type="cond" truecount="2" falsecount="0"/>
        <line num="31" count="6" type="stmt"/>
        <line num="33" count="6" type="stmt"/>
        <line num="34" count="2" type="stmt"/>
        <line num="35" count="2" type="stmt"/>
        <line num="36" count="2" type="stmt"/>
        <line num="39" count="6" type="cond" truecount="2" falsecount="0"/>
        <line num="40" count="5" type="stmt"/>
        <line num="63" count="1" type="stmt"/>
        <line num="71" count="18" type="stmt"/>
        <line num="72" count="18" type="stmt"/>
        <line num="73" count="18" type="stmt"/>
        <line num="75" count="18" type="stmt"/>
        <line num="97" count="1" type="stmt"/>
        <line num="103" count="1" type="stmt"/>
        <line num="110" count="2" type="stmt"/>
        <line num="115" count="2" type="stmt"/>
        <line num="120" count="1" type="stmt"/>
        <line num="125" count="2" type="stmt"/>
        <line num="128" count="1" type="stmt"/>
        <line num="131" count="6" type="stmt"/>
        <line num="134" count="1" type="stmt"/>
        <line num="137" count="1" type="stmt"/>
        <line num="140" count="1" type="stmt"/>
        <line num="142" count="1" type="stmt"/>
        <line num="144" count="2" type="cond" truecount="1" falsecount="1"/>
      </file>
      <file name="ChatProvider.tsx" path="/Users/emmett/nextjs/emmett_portofolio/src/components/chat/ChatProvider.tsx">
        <metrics statements="162" coveredstatements="162" conditionals="78" coveredconditionals="76" methods="35" coveredmethods="35"/>
        <line num="1" count="11" type="stmt"/>
        <line num="40" count="11" type="stmt"/>
        <line num="44" count="106" type="stmt"/>
        <line num="45" count="106" type="cond" truecount="2" falsecount="0"/>
        <line num="46" count="104" type="stmt"/>
        <line num="49" count="11" type="stmt"/>
        <line num="51" count="11" type="stmt"/>
        <line num="58" count="35" type="cond" truecount="2" falsecount="0"/>
        <line num="62" count="108" type="cond" truecount="1" falsecount="1"/>
        <line num="63" count="108" type="stmt"/>
        <line num="64" count="108" type="stmt"/>
        <line num="65" count="108" type="cond" truecount="2" falsecount="0"/>
        <line num="67" count="1" type="stmt"/>
        <line num="72" count="119" type="cond" truecount="1" falsecount="1"/>
        <line num="73" count="119" type="stmt"/>
        <line num="74" count="119" type="stmt"/>
        <line num="81" count="69" type="stmt"/>
        <line num="82" count="69" type="stmt"/>
        <line num="83" count="69" type="stmt"/>
        <line num="84" count="36" type="stmt"/>
        <line num="86" count="69" type="stmt"/>
        <line num="87" count="36" type="stmt"/>
        <line num="89" count="69" type="stmt"/>
        <line num="90" count="69" type="stmt"/>
        <line num="91" count="69" type="stmt"/>
        <line num="92" count="69" type="stmt"/>
        <line num="93" count="69" type="stmt"/>
        <line num="94" count="69" type="stmt"/>
        <line num="95" count="69" type="stmt"/>
        <line num="100" count="69" type="stmt"/>
        <line num="101" count="36" type="stmt"/>
        <line num="102" count="36" type="cond" truecount="2" falsecount="0"/>
        <line num="103" count="35" type="stmt"/>
        <line num="104" count="35" type="stmt"/>
        <line num="105" count="35" type="stmt"/>
        <line num="109" count="69" type="stmt"/>
        <line num="112" count="69" type="stmt"/>
        <line num="113" count="49" type="stmt"/>
        <line num="114" count="8" type="cond" truecount="2" falsecount="0"/>
        <line num="115" count="3" type="stmt"/>
        <line num="117" count="5" type="stmt"/>
        <line num="118" count="5" type="stmt"/>
        <line num="121" count="49" type="stmt"/>
        <line num="125" count="69" type="stmt"/>
        <line num="126" count="59" type="cond" truecount="2" falsecount="0"/>
        <line num="127" count="22" type="stmt"/>
        <line num="129" count="37" type="stmt"/>
        <line num="134" count="69" type="stmt"/>
        <line num="135" count="50" type="cond" truecount="4" falsecount="0"/>
        <line num="136" count="15" type="stmt"/>
        <line num="138" count="15" type="cond" truecount="2" falsecount="0"/>
        <line num="139" count="14" type="stmt"/>
        <line num="142" count="7" type="cond" truecount="2" falsecount="0"/>
        <line num="143" count="1" type="stmt"/>
        <line num="144" count="1" type="stmt"/>
        <line num="153" count="69" type="stmt"/>
        <line num="154" count="3" type="stmt"/>
        <line num="155" count="3" type="stmt"/>
        <line num="158" count="69" type="stmt"/>
        <line num="159" count="1" type="stmt"/>
        <line num="160" count="1" type="stmt"/>
        <line num="161" count="1" type="stmt"/>
        <line num="162" count="1" type="stmt"/>
        <line num="163" count="1" type="stmt"/>
        <line num="164" count="1" type="stmt"/>
        <line num="165" count="1" type="stmt"/>
        <line num="166" count="1" type="stmt"/>
        <line num="167" count="1" type="stmt"/>
        <line num="168" count="1" type="stmt"/>
        <line num="171" count="69" type="stmt"/>
        <line num="172" count="2" type="stmt"/>
        <line num="173" count="2" type="cond" truecount="2" falsecount="0"/>
        <line num="174" count="2" type="stmt"/>
        <line num="177" count="2" type="stmt"/>
        <line num="178" count="2" type="stmt"/>
        <line num="181" count="69" type="stmt"/>
        <line num="183" count="69" type="stmt"/>
        <line num="185" count="69" type="stmt"/>
        <line num="186" count="1" type="stmt"/>
        <line num="187" count="1" type="stmt"/>
        <line num="188" count="1" type="stmt"/>
        <line num="189" count="1" type="stmt"/>
        <line num="190" count="1" type="stmt"/>
        <line num="191" count="1" type="stmt"/>
        <line num="192" count="1" type="stmt"/>
        <line num="193" count="1" type="stmt"/>
        <line num="194" count="1" type="stmt"/>
        <line num="197" count="69" type="stmt"/>
        <line num="198" count="21" type="cond" truecount="2" falsecount="0"/>
        <line num="201" count="20" type="stmt"/>
        <line num="203" count="20" type="stmt"/>
        <line num="212" count="21" type="stmt"/>
        <line num="213" count="21" type="stmt"/>
        <line num="215" count="21" type="stmt"/>
        <line num="216" count="21" type="stmt"/>
        <line num="217" count="21" type="stmt"/>
        <line num="219" count="21" type="stmt"/>
        <line num="230" count="19" type="cond" truecount="2" falsecount="0"/>
        <line num="231" count="5" type="cond" truecount="2" falsecount="0"/>
        <line num="232" count="1" type="stmt"/>
        <line num="234" count="4" type="stmt"/>
        <line num="235" count="4" type="stmt"/>
        <line num="236" count="4" type="stmt"/>
        <line num="237" count="2" type="cond" truecount="2" falsecount="0"/>
        <line num="239" count="2" type="stmt"/>
        <line num="240" count="2" type="stmt"/>
        <line num="241" count="2" type="cond" truecount="2" falsecount="0"/>
        <line num="244" count="4" type="stmt"/>
        <line num="247" count="14" type="cond" truecount="2" falsecount="0"/>
        <line num="249" count="21" type="cond" truecount="2" falsecount="0"/>
        <line num="250" count="8" type="stmt"/>
        <line num="251" count="8" type="cond" truecount="2" falsecount="0"/>
        <line num="253" count="7" type="stmt"/>
        <line num="254" count="7" type="stmt"/>
        <line num="255" count="7" type="stmt"/>
        <line num="257" count="7" type="stmt"/>
        <line num="269" count="7" type="stmt"/>
        <line num="270" count="7" type="stmt"/>
        <line num="272" count="7" type="stmt"/>
        <line num="273" count="14" type="stmt"/>
        <line num="274" count="14" type="cond" truecount="2" falsecount="0"/>
        <line num="276" count="7" type="stmt"/>
        <line num="277" count="7" type="stmt"/>
        <line num="278" count="7" type="cond" truecount="2" falsecount="0"/>
        <line num="280" count="14" type="stmt"/>
        <line num="281" count="30" type="cond" truecount="2" falsecount="0"/>
        <line num="284" count="15" type="stmt"/>
        <line num="286" count="14" type="cond" truecount="2" falsecount="0"/>
        <line num="287" count="7" type="stmt"/>
        <line num="288" count="7" type="stmt"/>
        <line num="289" count="7" type="stmt"/>
        <line num="290" count="7" type="cond" truecount="2" falsecount="0"/>
        <line num="291" count="1" type="stmt"/>
        <line num="292" count="1" type="stmt"/>
        <line num="293" count="2" type="cond" truecount="2" falsecount="0"/>
        <line num="297" count="7" type="cond" truecount="2" falsecount="0"/>
        <line num="298" count="1" type="stmt"/>
        <line num="300" count="7" type="cond" truecount="2" falsecount="0"/>
        <line num="301" count="1" type="stmt"/>
        <line num="302" count="6" type="cond" truecount="2" falsecount="0"/>
        <line num="303" count="1" type="stmt"/>
        <line num="304" count="1" type="stmt"/>
        <line num="305" count="1" type="stmt"/>
        <line num="306" count="2" type="cond" truecount="2" falsecount="0"/>
        <line num="309" count="5" type="cond" truecount="2" falsecount="0"/>
        <line num="310" count="4" type="stmt"/>
        <line num="311" count="4" type="stmt"/>
        <line num="312" count="8" type="cond" truecount="2" falsecount="0"/>
        <line num="318" count="6" type="stmt"/>
        <line num="320" count="6" type="stmt"/>
        <line num="321" count="6" type="stmt"/>
        <line num="323" count="6" type="stmt"/>
        <line num="332" count="6" type="stmt"/>
        <line num="334" count="6" type="cond" truecount="2" falsecount="0"/>
        <line num="335" count="1" type="stmt"/>
        <line num="337" count="6" type="cond" truecount="2" falsecount="0"/>
        <line num="338" count="1" type="stmt"/>
        <line num="342" count="7" type="stmt"/>
        <line num="343" count="7" type="stmt"/>
        <line num="351" count="7" type="stmt"/>
        <line num="353" count="20" type="stmt"/>
        <line num="357" count="69" type="stmt"/>
      </file>
      <file name="ChatSuggestions.tsx" path="/Users/emmett/nextjs/emmett_portofolio/src/components/chat/ChatSuggestions.tsx">
        <metrics statements="5" coveredstatements="5" conditionals="0" coveredconditionals="0" methods="3" coveredmethods="3"/>
        <line num="1" count="1" type="stmt"/>
        <line num="13" count="3" type="stmt"/>
        <line num="14" count="3" type="stmt"/>
        <line num="21" count="6" type="stmt"/>
        <line num="26" count="1" type="stmt"/>
      </file>
      <file name="ChatWidgetWrapper.tsx" path="/Users/emmett/nextjs/emmett_portofolio/src/components/chat/ChatWidgetWrapper.tsx">
        <metrics statements="59" coveredstatements="59" conditionals="30" coveredconditionals="29" methods="17" coveredmethods="17"/>
        <line num="1" count="1" type="stmt"/>
        <line num="9" count="1" type="stmt"/>
        <line num="22" count="12" type="stmt"/>
        <line num="23" count="12" type="stmt"/>
        <line num="24" count="12" type="stmt"/>
        <line num="25" count="12" type="stmt"/>
        <line num="26" count="12" type="stmt"/>
        <line num="28" count="12" type="stmt"/>
        <line num="33" count="12" type="stmt"/>
        <line num="34" count="12" type="stmt"/>
        <line num="35" count="12" type="cond" truecount="4" falsecount="0"/>
        <line num="36" count="1" type="stmt"/>
        <line num="37" count="1" type="stmt"/>
        <line num="38" count="1" type="stmt"/>
        <line num="40" count="1" type="stmt"/>
        <line num="41" count="1" type="stmt"/>
        <line num="42" count="1" type="stmt"/>
        <line num="43" count="1" type="stmt"/>
        <line num="44" count="1" type="stmt"/>
        <line num="49" count="1" type="stmt"/>
        <line num="51" count="1" type="stmt"/>
        <line num="57" count="11" type="stmt"/>
        <line num="58" count="11" type="stmt"/>
        <line num="60" count="11" type="cond" truecount="5" falsecount="0"/>
        <line num="61" count="3" type="stmt"/>
        <line num="62" count="2" type="cond" truecount="1" falsecount="1"/>
        <line num="63" count="2" type="stmt"/>
        <line num="64" count="2" type="stmt"/>
        <line num="66" count="2" type="stmt"/>
        <line num="72" count="2" type="stmt"/>
        <line num="73" count="2" type="stmt"/>
        <line num="74" count="2" type="stmt"/>
        <line num="75" count="1" type="stmt"/>
        <line num="83" count="11" type="stmt"/>
        <line num="84" count="11" type="stmt"/>
        <line num="87" count="5" type="cond" truecount="2" falsecount="0"/>
        <line num="88" count="4" type="cond" truecount="4" falsecount="0"/>
        <line num="89" count="3" type="cond" truecount="2" falsecount="0"/>
        <line num="91" count="2" type="stmt"/>
        <line num="92" count="2" type="stmt"/>
        <line num="94" count="2" type="stmt"/>
        <line num="100" count="2" type="stmt"/>
        <line num="101" count="2" type="stmt"/>
        <line num="102" count="2" type="stmt"/>
        <line num="103" count="1" type="stmt"/>
        <line num="107" count="11" type="stmt"/>
        <line num="109" count="11" type="stmt"/>
        <line num="110" count="11" type="cond" truecount="2" falsecount="0"/>
        <line num="111" count="11" type="stmt"/>
        <line num="115" count="12" type="stmt"/>
        <line num="120" count="32" type="stmt"/>
        <line num="121" count="32" type="cond" truecount="3" falsecount="0"/>
        <line num="122" count="32" type="stmt"/>
        <line num="124" count="32" type="stmt"/>
        <line num="125" count="17" type="stmt"/>
        <line num="126" count="16" type="cond" truecount="2" falsecount="0"/>
        <line num="127" count="16" type="stmt"/>
        <line num="128" count="1" type="stmt"/>
        <line num="131" count="32" type="stmt"/>
      </file>
      <file name="ChatWindow.tsx" path="/Users/emmett/nextjs/emmett_portofolio/src/components/chat/ChatWindow.tsx">
        <metrics statements="35" coveredstatements="35" conditionals="38" coveredconditionals="37" methods="11" coveredmethods="11"/>
        <line num="1" count="1" type="stmt"/>
        <line num="25" count="27" type="stmt"/>
        <line num="26" count="27" type="stmt"/>
        <line num="46" count="27" type="stmt"/>
        <line num="48" count="27" type="stmt"/>
        <line num="49" count="27" type="stmt"/>
        <line num="50" count="27" type="stmt"/>
        <line num="51" count="27" type="stmt"/>
        <line num="52" count="27" type="stmt"/>
        <line num="54" count="27" type="stmt"/>
        <line num="55" count="19" type="stmt"/>
        <line num="58" count="27" type="stmt"/>
        <line num="59" count="19" type="stmt"/>
        <line num="62" count="27" type="stmt"/>
        <line num="63" count="19" type="cond" truecount="2" falsecount="0"/>
        <line num="64" count="18" type="stmt"/>
        <line num="68" count="27" type="stmt"/>
        <line num="69" count="2" type="stmt"/>
        <line num="70" count="2" type="cond" truecount="1" falsecount="1"/>
        <line num="71" count="2" type="stmt"/>
        <line num="72" count="2" type="stmt"/>
        <line num="75" count="27" type="stmt"/>
        <line num="76" count="2" type="stmt"/>
        <line num="77" count="2" type="cond" truecount="4" falsecount="0"/>
        <line num="78" count="1" type="stmt"/>
        <line num="79" count="1" type="stmt"/>
        <line num="80" count="1" type="stmt"/>
        <line num="83" count="27" type="stmt"/>
        <line num="84" count="1" type="stmt"/>
        <line num="85" count="1" type="stmt"/>
        <line num="88" count="27" type="stmt"/>
        <line num="90" count="27" type="stmt"/>
        <line num="120" count="2" type="stmt"/>
        <line num="165" count="26" type="stmt"/>
        <line num="222" count="5" type="stmt"/>
      </file>
      <file name="ConversationReplyPanel.tsx" path="/Users/emmett/nextjs/emmett_portofolio/src/components/chat/ConversationReplyPanel.tsx">
        <metrics statements="43" coveredstatements="43" conditionals="71" coveredconditionals="71" methods="10" coveredmethods="10"/>
        <line num="1" count="1" type="stmt"/>
        <line num="39" count="1" type="stmt"/>
        <line num="60" count="129" type="stmt"/>
        <line num="61" count="129" type="stmt"/>
        <line num="62" count="129" type="stmt"/>
        <line num="63" count="129" type="stmt"/>
        <line num="64" count="129" type="stmt"/>
        <line num="65" count="129" type="stmt"/>
        <line num="66" count="129" type="stmt"/>
        <line num="67" count="129" type="stmt"/>
        <line num="69" count="129" type="stmt"/>
        <line num="70" count="129" type="stmt"/>
        <line num="72" count="129" type="stmt"/>
        <line num="73" count="35" type="stmt"/>
        <line num="76" count="129" type="stmt"/>
        <line num="77" count="12" type="cond" truecount="4" falsecount="0"/>
        <line num="79" count="11" type="stmt"/>
        <line num="80" count="11" type="stmt"/>
        <line num="81" count="11" type="stmt"/>
        <line num="90" count="9" type="cond" truecount="2" falsecount="0"/>
        <line num="91" count="2" type="stmt"/>
        <line num="92" count="2" type="cond" truecount="2" falsecount="0"/>
        <line num="95" count="7" type="stmt"/>
        <line num="98" count="7" type="stmt"/>
        <line num="109" count="7" type="stmt"/>
        <line num="110" count="7" type="stmt"/>
        <line num="111" count="7" type="cond" truecount="2" falsecount="0"/>
        <line num="114" count="7" type="stmt"/>
        <line num="116" count="4" type="stmt"/>
        <line num="117" count="4" type="cond" truecount="2" falsecount="0"/>
        <line num="119" count="11" type="stmt"/>
        <line num="120" count="11" type="stmt"/>
        <line num="124" count="129" type="stmt"/>
        <line num="125" count="79" type="cond" truecount="4" falsecount="0"/>
        <line num="126" count="2" type="stmt"/>
        <line num="127" count="2" type="stmt"/>
        <line num="131" count="129" type="stmt"/>
        <line num="150" count="264" type="stmt"/>
        <line num="151" count="264" type="stmt"/>
        <line num="152" count="264" type="stmt"/>
        <line num="217" count="77" type="stmt"/>
        <line num="233" count="1" type="stmt"/>
        <line num="348" count="2" type="stmt"/>
      </file>
      <file name="FullPageChat.tsx" path="/Users/emmett/nextjs/emmett_portofolio/src/components/chat/FullPageChat.tsx">
        <metrics statements="86" coveredstatements="86" conditionals="64" coveredconditionals="63" methods="23" coveredmethods="23"/>
        <line num="1" count="1" type="stmt"/>
        <line num="7" count="1" type="cond" truecount="2" falsecount="0"/>
        <line num="16" count="174" type="stmt"/>
        <line num="17" count="174" type="stmt"/>
        <line num="25" count="174" type="stmt"/>
        <line num="26" count="174" type="stmt"/>
        <line num="27" count="174" type="stmt"/>
        <line num="28" count="174" type="stmt"/>
        <line num="29" count="174" type="stmt"/>
        <line num="30" count="174" type="stmt"/>
        <line num="31" count="174" type="stmt"/>
        <line num="32" count="174" type="stmt"/>
        <line num="34" count="174" type="stmt"/>
        <line num="35" count="59" type="stmt"/>
        <line num="38" count="174" type="stmt"/>
        <line num="39" count="59" type="stmt"/>
        <line num="42" count="174" type="stmt"/>
        <line num="43" count="24" type="stmt"/>
        <line num="46" count="174" type="stmt"/>
        <line num="47" count="24" type="stmt"/>
        <line num="48" count="18" type="stmt"/>
        <line num="49" count="18" type="cond" truecount="2" falsecount="0"/>
        <line num="51" count="24" type="stmt"/>
        <line num="54" count="174" type="stmt"/>
        <line num="55" count="35" type="cond" truecount="2" falsecount="0"/>
        <line num="56" count="11" type="stmt"/>
        <line num="60" count="174" type="stmt"/>
        <line num="61" count="19" type="cond" truecount="4" falsecount="0"/>
        <line num="63" count="18" type="stmt"/>
        <line num="72" count="19" type="stmt"/>
        <line num="73" count="19" type="stmt"/>
        <line num="74" count="19" type="stmt"/>
        <line num="76" count="19" type="stmt"/>
        <line num="77" count="19" type="stmt"/>
        <line num="78" count="19" type="stmt"/>
        <line num="80" count="19" type="stmt"/>
        <line num="90" count="17" type="cond" truecount="2" falsecount="0"/>
        <line num="92" count="15" type="cond" truecount="2" falsecount="0"/>
        <line num="94" count="19" type="cond" truecount="2" falsecount="0"/>
        <line num="95" count="6" type="stmt"/>
        <line num="96" count="6" type="cond" truecount="2" falsecount="0"/>
        <line num="98" count="5" type="stmt"/>
        <line num="99" count="5" type="stmt"/>
        <line num="100" count="5" type="stmt"/>
        <line num="102" count="5" type="stmt"/>
        <line num="114" count="5" type="stmt"/>
        <line num="115" count="5" type="stmt"/>
        <line num="117" count="5" type="stmt"/>
        <line num="118" count="10" type="stmt"/>
        <line num="119" count="10" type="cond" truecount="2" falsecount="0"/>
        <line num="121" count="5" type="stmt"/>
        <line num="122" count="5" type="stmt"/>
        <line num="123" count="5" type="cond" truecount="2" falsecount="0"/>
        <line num="125" count="10" type="stmt"/>
        <line num="126" count="22" type="cond" truecount="2" falsecount="0"/>
        <line num="129" count="11" type="stmt"/>
        <line num="131" count="10" type="cond" truecount="2" falsecount="0"/>
        <line num="132" count="4" type="stmt"/>
        <line num="133" count="4" type="stmt"/>
        <line num="134" count="4" type="cond" truecount="2" falsecount="0"/>
        <line num="135" count="1" type="stmt"/>
        <line num="136" count="1" type="stmt"/>
        <line num="137" count="2" type="cond" truecount="2" falsecount="0"/>
        <line num="141" count="6" type="cond" truecount="2" falsecount="0"/>
        <line num="142" count="1" type="stmt"/>
        <line num="143" count="1" type="stmt"/>
        <line num="144" count="1" type="stmt"/>
        <line num="145" count="2" type="cond" truecount="2" falsecount="0"/>
        <line num="148" count="5" type="cond" truecount="2" falsecount="0"/>
        <line num="149" count="4" type="stmt"/>
        <line num="150" count="4" type="stmt"/>
        <line num="151" count="8" type="cond" truecount="2" falsecount="0"/>
        <line num="157" count="9" type="stmt"/>
        <line num="158" count="9" type="stmt"/>
        <line num="160" count="9" type="stmt"/>
        <line num="172" count="9" type="stmt"/>
        <line num="174" count="9" type="cond" truecount="2" falsecount="0"/>
        <line num="175" count="1" type="stmt"/>
        <line num="179" count="3" type="stmt"/>
        <line num="191" count="17" type="stmt"/>
        <line num="195" count="174" type="stmt"/>
        <line num="196" count="18" type="stmt"/>
        <line num="197" count="18" type="stmt"/>
        <line num="200" count="174" type="stmt"/>
        <line num="247" count="136" type="stmt"/>
        <line num="289" count="114" type="stmt"/>
      </file>
    </package>
    <package name="components.contact">
      <metrics statements="205" coveredstatements="205" conditionals="148" coveredconditionals="144" methods="64" coveredmethods="63"/>
      <file name="BottomCTA.tsx" path="/Users/emmett/nextjs/emmett_portofolio/src/components/contact/BottomCTA.tsx">
        <metrics statements="11" coveredstatements="11" conditionals="0" coveredconditionals="0" methods="3" coveredmethods="3"/>
        <line num="1" count="1" type="stmt"/>
        <line num="9" count="7" type="stmt"/>
        <line num="10" count="7" type="stmt"/>
        <line num="11" count="2" type="stmt"/>
        <line num="12" count="2" type="stmt"/>
        <line num="13" count="2" type="stmt"/>
        <line num="14" count="2" type="stmt"/>
        <line num="21" count="7" type="stmt"/>
        <line num="22" count="1" type="stmt"/>
        <line num="23" count="1" type="stmt"/>
        <line num="26" count="7" type="stmt"/>
      </file>
      <file name="CalendarContactCards.tsx" path="/Users/emmett/nextjs/emmett_portofolio/src/components/contact/CalendarContactCards.tsx">
        <metrics statements="8" coveredstatements="8" conditionals="8" coveredconditionals="8" methods="1" coveredmethods="1"/>
        <line num="1" count="8" type="stmt"/>
        <line num="7" count="8" type="stmt"/>
        <line num="8" count="8" type="stmt"/>
        <line num="11" count="8" type="stmt"/>
        <line num="12" count="8" type="stmt"/>
        <line num="14" count="8" type="cond" truecount="2" falsecount="0"/>
        <line num="15" count="8" type="cond" truecount="2" falsecount="0"/>
        <line num="17" count="7" type="stmt"/>
      </file>
      <file name="ContactFaqList.tsx" path="/Users/emmett/nextjs/emmett_portofolio/src/components/contact/ContactFaqList.tsx">
        <metrics statements="3" coveredstatements="3" conditionals="0" coveredconditionals="0" methods="2" coveredmethods="2"/>
        <line num="1" count="1" type="stmt"/>
        <line num="10" count="6" type="stmt"/>
        <line num="13" count="10" type="stmt"/>
      </file>
      <file name="ContactForm.tsx" path="/Users/emmett/nextjs/emmett_portofolio/src/components/contact/ContactForm.tsx">
        <metrics statements="100" coveredstatements="100" conditionals="66" coveredconditionals="64" methods="28" coveredmethods="27"/>
        <line num="1" count="1" type="stmt"/>
        <line num="26" count="1" type="stmt"/>
        <line num="29" count="1855" type="stmt"/>
        <line num="30" count="1855" type="stmt"/>
        <line num="31" count="1855" type="stmt"/>
        <line num="33" count="1855" type="stmt"/>
        <line num="45" count="1855" type="stmt"/>
        <line num="46" count="1855" type="stmt"/>
        <line num="47" count="1855" type="stmt"/>
        <line num="48" count="1855" type="stmt"/>
        <line num="49" count="1855" type="stmt"/>
        <line num="51" count="1855" type="stmt"/>
        <line num="52" count="20" type="stmt"/>
        <line num="54" count="20" type="cond" truecount="2" falsecount="0"/>
        <line num="55" count="20" type="cond" truecount="2" falsecount="0"/>
        <line num="56" count="3" type="stmt"/>
        <line num="57" count="17" type="cond" truecount="2" falsecount="0"/>
        <line num="58" count="1" type="stmt"/>
        <line num="60" count="20" type="cond" truecount="2" falsecount="0"/>
        <line num="61" count="20" type="cond" truecount="2" falsecount="0"/>
        <line num="62" count="20" type="cond" truecount="2" falsecount="0"/>
        <line num="63" count="4" type="stmt"/>
        <line num="64" count="16" type="cond" truecount="2" falsecount="0"/>
        <line num="65" count="1" type="stmt"/>
        <line num="68" count="20" type="stmt"/>
        <line num="69" count="20" type="stmt"/>
        <line num="70" count="20" type="stmt"/>
        <line num="73" count="1855" type="stmt"/>
        <line num="74" count="20" type="stmt"/>
        <line num="75" count="20" type="stmt"/>
        <line num="76" count="20" type="stmt"/>
        <line num="77" count="20" type="cond" truecount="2" falsecount="0"/>
        <line num="78" count="5" type="stmt"/>
        <line num="79" count="5" type="stmt"/>
        <line num="83" count="15" type="cond" truecount="2" falsecount="0"/>
        <line num="85" count="14" type="stmt"/>
        <line num="87" count="14" type="stmt"/>
        <line num="88" count="14" type="stmt"/>
        <line num="91" count="14" type="cond" truecount="2" falsecount="0"/>
        <line num="92" count="3" type="stmt"/>
        <line num="93" count="3" type="stmt"/>
        <line num="96" count="1" type="stmt"/>
        <line num="97" count="1" type="cond" truecount="1" falsecount="1"/>
        <line num="99" count="1" type="stmt"/>
        <line num="100" count="1" type="stmt"/>
        <line num="101" count="1" type="stmt"/>
        <line num="105" count="12" type="stmt"/>
        <line num="107" count="12" type="stmt"/>
        <line num="108" count="12" type="stmt"/>
        <line num="119" count="9" type="cond" truecount="2" falsecount="0"/>
        <line num="120" count="6" type="stmt"/>
        <line num="121" count="6" type="stmt"/>
        <line num="133" count="6" type="stmt"/>
        <line num="134" count="6" type="stmt"/>
        <line num="135" count="6" type="stmt"/>
        <line num="137" count="3" type="stmt"/>
        <line num="138" count="3" type="cond" truecount="2" falsecount="0"/>
        <line num="139" count="1" type="stmt"/>
        <line num="140" count="1" type="stmt"/>
        <line num="141" count="1" type="stmt"/>
        <line num="143" count="1" type="stmt"/>
        <line num="145" count="3" type="stmt"/>
        <line num="146" count="3" type="stmt"/>
        <line num="149" count="1" type="stmt"/>
        <line num="150" count="1" type="stmt"/>
        <line num="154" count="1855" type="stmt"/>
        <line num="155" count="16695" type="stmt"/>
        <line num="164" count="1855" type="stmt"/>
        <line num="165" count="1855" type="stmt"/>
        <line num="171" count="1855" type="stmt"/>
        <line num="172" count="8" type="stmt"/>
        <line num="173" count="8" type="cond" truecount="1" falsecount="1"/>
        <line num="176" count="8" type="cond" truecount="2" falsecount="0"/>
        <line num="177" count="1" type="stmt"/>
        <line num="178" count="1" type="stmt"/>
        <line num="182" count="7" type="stmt"/>
        <line num="183" count="8" type="cond" truecount="2" falsecount="0"/>
        <line num="184" count="1" type="stmt"/>
        <line num="185" count="1" type="stmt"/>
        <line num="188" count="6" type="stmt"/>
        <line num="189" count="6" type="stmt"/>
        <line num="190" count="6" type="stmt"/>
        <line num="192" count="6" type="stmt"/>
        <line num="195" count="1855" type="stmt"/>
        <line num="196" count="1" type="stmt"/>
        <line num="199" count="1855" type="stmt"/>
        <line num="201" count="1855" type="stmt"/>
        <line num="213" count="136" type="stmt"/>
        <line num="227" count="268" type="stmt"/>
        <line num="245" count="22" type="stmt"/>
        <line num="258" count="16" type="stmt"/>
        <line num="274" count="16" type="stmt"/>
        <line num="279" count="14840" type="stmt"/>
        <line num="303" count="2" type="stmt"/>
        <line num="308" count="11130" type="stmt"/>
        <line num="328" count="2" type="stmt"/>
        <line num="333" count="9275" type="stmt"/>
        <line num="356" count="240" type="stmt"/>
        <line num="372" count="1037" type="stmt"/>
        <line num="439" count="10" type="stmt"/>
      </file>
      <file name="ContactMethods.tsx" path="/Users/emmett/nextjs/emmett_portofolio/src/components/contact/ContactMethods.tsx">
        <metrics statements="8" coveredstatements="8" conditionals="4" coveredconditionals="4" methods="2" coveredmethods="2"/>
        <line num="1" count="1" type="stmt"/>
        <line num="24" count="1" type="stmt"/>
        <line num="33" count="1" type="stmt"/>
        <line num="43" count="10" type="stmt"/>
        <line num="44" count="10" type="stmt"/>
        <line num="46" count="10" type="stmt"/>
        <line num="89" count="10" type="stmt"/>
        <line num="111" count="50" type="stmt"/>
      </file>
      <file name="FAQSection.tsx" path="/Users/emmett/nextjs/emmett_portofolio/src/components/contact/FAQSection.tsx">
        <metrics statements="21" coveredstatements="21" conditionals="18" coveredconditionals="17" methods="7" coveredmethods="7"/>
        <line num="1" count="1" type="stmt"/>
        <line num="15" count="1" type="stmt"/>
        <line num="44" count="23" type="stmt"/>
        <line num="45" count="23" type="stmt"/>
        <line num="46" count="23" type="stmt"/>
        <line num="48" count="23" type="stmt"/>
        <line num="49" count="10" type="stmt"/>
        <line num="50" count="10" type="stmt"/>
        <line num="51" count="10" type="stmt"/>
        <line num="52" count="5" type="cond" truecount="1" falsecount="1"/>
        <line num="53" count="5" type="stmt"/>
        <line num="54" count="5" type="cond" truecount="2" falsecount="0"/>
        <line num="55" count="1" type="stmt"/>
        <line num="61" count="9" type="stmt"/>
        <line num="64" count="10" type="stmt"/>
        <line num="67" count="23" type="stmt"/>
        <line num="68" count="4" type="cond" truecount="2" falsecount="0"/>
        <line num="71" count="23" type="stmt"/>
        <line num="92" count="30" type="stmt"/>
        <line num="100" count="61" type="cond" truecount="2" falsecount="0"/>
        <line num="110" count="4" type="stmt"/>
      </file>
      <file name="FormFields.tsx" path="/Users/emmett/nextjs/emmett_portofolio/src/components/contact/FormFields.tsx">
        <metrics statements="16" coveredstatements="16" conditionals="24" coveredconditionals="23" methods="7" coveredmethods="7"/>
        <line num="1" count="1" type="stmt"/>
        <line num="17" count="6" type="stmt"/>
        <line num="46" count="1" type="stmt"/>
        <line num="48" count="7" type="stmt"/>
        <line num="65" count="1" type="stmt"/>
        <line num="75" count="1" type="stmt"/>
        <line num="77" count="5" type="stmt"/>
        <line num="97" count="10" type="stmt"/>
        <line num="111" count="1" type="stmt"/>
        <line num="119" count="1" type="stmt"/>
        <line num="121" count="5" type="stmt"/>
        <line num="138" count="1" type="stmt"/>
        <line num="150" count="7" type="stmt"/>
        <line num="151" count="7" type="stmt"/>
        <line num="169" count="1" type="cond" truecount="1" falsecount="1"/>
        <line num="170" count="1" type="stmt"/>
      </file>
      <file name="QuickContactCards.tsx" path="/Users/emmett/nextjs/emmett_portofolio/src/components/contact/QuickContactCards.tsx">
        <metrics statements="6" coveredstatements="6" conditionals="4" coveredconditionals="4" methods="2" coveredmethods="2"/>
        <line num="1" count="1" type="stmt"/>
        <line num="15" count="7" type="stmt"/>
        <line num="17" count="7" type="stmt"/>
        <line num="44" count="7" type="stmt"/>
        <line num="47" count="28" type="stmt"/>
        <line num="48" count="28" type="stmt"/>
      </file>
      <file name="SuccessModal.tsx" path="/Users/emmett/nextjs/emmett_portofolio/src/components/contact/SuccessModal.tsx">
        <metrics statements="27" coveredstatements="27" conditionals="24" coveredconditionals="24" methods="11" coveredmethods="11"/>
        <line num="1" count="1" type="stmt"/>
        <line num="18" count="93" type="stmt"/>
        <line num="19" count="93" type="stmt"/>
        <line num="20" count="93" type="stmt"/>
        <line num="21" count="93" type="stmt"/>
        <line num="23" count="93" type="stmt"/>
        <line num="24" count="14" type="cond" truecount="4" falsecount="0"/>
        <line num="25" count="13" type="stmt"/>
        <line num="26" count="13" type="stmt"/>
        <line num="27" count="13" type="stmt"/>
        <line num="39" count="11" type="cond" truecount="2" falsecount="0"/>
        <line num="40" count="9" type="stmt"/>
        <line num="42" count="2" type="stmt"/>
        <line num="43" count="2" type="stmt"/>
        <line num="46" count="2" type="stmt"/>
        <line num="47" count="2" type="stmt"/>
        <line num="51" count="93" type="stmt"/>
        <line num="52" count="3" type="stmt"/>
        <line num="53" count="3" type="stmt"/>
        <line num="54" count="3" type="stmt"/>
        <line num="55" count="3" type="stmt"/>
        <line num="58" count="93" type="stmt"/>
        <line num="60" count="93" type="stmt"/>
        <line num="98" count="19" type="stmt"/>
        <line num="142" count="14" type="stmt"/>
        <line num="152" count="1" type="stmt"/>
        <line num="161" count="1" type="stmt"/>
      </file>
      <file name="WhatsAppButton.tsx" path="/Users/emmett/nextjs/emmett_portofolio/src/components/contact/WhatsAppButton.tsx">
        <metrics statements="5" coveredstatements="5" conditionals="0" coveredconditionals="0" methods="1" coveredmethods="1"/>
        <line num="1" count="1" type="stmt"/>
        <line num="9" count="6" type="stmt"/>
        <line num="10" count="6" type="stmt"/>
        <line num="11" count="6" type="stmt"/>
        <line num="15" count="6" type="stmt"/>
      </file>
    </package>
    <package name="components.home">
      <metrics statements="65" coveredstatements="65" conditionals="32" coveredconditionals="30" methods="26" coveredmethods="26"/>
      <file name="ContactCTA.tsx" path="/Users/emmett/nextjs/emmett_portofolio/src/components/home/ContactCTA.tsx">
        <metrics statements="3" coveredstatements="3" conditionals="0" coveredconditionals="0" methods="1" coveredmethods="1"/>
        <line num="1" count="1" type="stmt"/>
        <line num="9" count="4" type="stmt"/>
        <line num="10" count="4" type="stmt"/>
      </file>
      <file name="FeaturedProjects.tsx" path="/Users/emmett/nextjs/emmett_portofolio/src/components/home/FeaturedProjects.tsx">
        <metrics statements="6" coveredstatements="6" conditionals="4" coveredconditionals="4" methods="4" coveredmethods="4"/>
        <line num="1" count="1" type="stmt"/>
        <line num="12" count="9" type="stmt"/>
        <line num="13" count="54" type="stmt"/>
        <line num="15" count="9" type="stmt"/>
        <line num="25" count="27" type="stmt"/>
        <line num="70" count="81" type="stmt"/>
      </file>
      <file name="HeroSection.tsx" path="/Users/emmett/nextjs/emmett_portofolio/src/components/home/HeroSection.tsx">
        <metrics statements="8" coveredstatements="8" conditionals="12" coveredconditionals="12" methods="3" coveredmethods="3"/>
        <line num="1" count="1" type="stmt"/>
        <line num="23" count="18" type="stmt"/>
        <line num="24" count="18" type="stmt"/>
        <line num="184" count="18" type="stmt"/>
        <line num="185" count="18" type="stmt"/>
        <line num="186" count="18" type="stmt"/>
        <line num="191" count="18" type="stmt"/>
        <line num="194" count="54" type="stmt"/>
      </file>
      <file name="HeroTypewriter.tsx" path="/Users/emmett/nextjs/emmett_portofolio/src/components/home/HeroTypewriter.tsx">
        <metrics statements="31" coveredstatements="31" conditionals="16" coveredconditionals="14" methods="9" coveredmethods="9"/>
        <line num="1" count="1" type="stmt"/>
        <line num="7" count="182" type="stmt"/>
        <line num="8" count="182" type="stmt"/>
        <line num="14" count="182" type="cond" truecount="2" falsecount="2"/>
        <line num="15" count="182" type="stmt"/>
        <line num="16" count="182" type="stmt"/>
        <line num="17" count="182" type="stmt"/>
        <line num="18" count="182" type="stmt"/>
        <line num="20" count="182" type="stmt"/>
        <line num="22" count="182" type="stmt"/>
        <line num="23" count="9" type="stmt"/>
        <line num="24" count="9" type="stmt"/>
        <line num="27" count="182" type="stmt"/>
        <line num="28" count="182" type="cond" truecount="2" falsecount="0"/>
        <line num="30" count="173" type="stmt"/>
        <line num="32" count="173" type="cond" truecount="4" falsecount="0"/>
        <line num="33" count="7" type="stmt"/>
        <line num="34" count="7" type="stmt"/>
        <line num="37" count="166" type="stmt"/>
        <line num="39" count="165" type="cond" truecount="2" falsecount="0"/>
        <line num="40" count="69" type="stmt"/>
        <line num="42" count="96" type="cond" truecount="2" falsecount="0"/>
        <line num="43" count="92" type="stmt"/>
        <line num="45" count="4" type="stmt"/>
        <line num="46" count="4" type="stmt"/>
        <line num="47" count="4" type="stmt"/>
        <line num="48" count="4" type="stmt"/>
        <line num="55" count="182" type="stmt"/>
        <line num="56" count="166" type="stmt"/>
        <line num="57" count="166" type="stmt"/>
        <line num="61" count="182" type="stmt"/>
      </file>
      <file name="ServicesOverview.tsx" path="/Users/emmett/nextjs/emmett_portofolio/src/components/home/ServicesOverview.tsx">
        <metrics statements="5" coveredstatements="5" conditionals="0" coveredconditionals="0" methods="2" coveredmethods="2"/>
        <line num="1" count="1" type="stmt"/>
        <line num="17" count="1" type="stmt"/>
        <line num="27" count="6" type="stmt"/>
        <line num="28" count="6" type="stmt"/>
        <line num="38" count="36" type="stmt"/>
      </file>
      <file name="SkillsOverview.tsx" path="/Users/emmett/nextjs/emmett_portofolio/src/components/home/SkillsOverview.tsx">
        <metrics statements="6" coveredstatements="6" conditionals="0" coveredconditionals="0" methods="3" coveredmethods="3"/>
        <line num="1" count="1" type="stmt"/>
        <line num="10" count="1" type="stmt"/>
        <line num="19" count="6" type="stmt"/>
        <line num="20" count="6" type="stmt"/>
        <line num="30" count="30" type="stmt"/>
        <line num="48" count="120" type="stmt"/>
      </file>
      <file name="Testimonials.tsx" path="/Users/emmett/nextjs/emmett_portofolio/src/components/home/Testimonials.tsx">
        <metrics statements="6" coveredstatements="6" conditionals="0" coveredconditionals="0" methods="4" coveredmethods="4"/>
        <line num="1" count="1" type="stmt"/>
        <line num="10" count="8" type="stmt"/>
        <line num="11" count="8" type="stmt"/>
        <line num="21" count="32" type="stmt"/>
        <line num="32" count="160" type="stmt"/>
        <line num="47" count="64" type="stmt"/>
      </file>
    </package>
    <package name="components.layout">
      <metrics statements="35" coveredstatements="33" conditionals="24" coveredconditionals="21" methods="13" coveredmethods="13"/>
      <file name="Footer.tsx" path="/Users/emmett/nextjs/emmett_portofolio/src/components/layout/Footer.tsx">
        <metrics statements="9" coveredstatements="9" conditionals="4" coveredconditionals="4" methods="5" coveredmethods="5"/>
        <line num="8" count="16" type="stmt"/>
        <line num="9" count="16" type="stmt"/>
        <line num="10" count="16" type="cond" truecount="2" falsecount="0"/>
        <line num="15" count="15" type="stmt"/>
        <line num="18" count="45" type="stmt"/>
        <line num="39" count="15" type="stmt"/>
        <line num="65" count="60" type="stmt"/>
        <line num="81" count="45" type="stmt"/>
        <line num="87" count="165" type="stmt"/>
      </file>
      <file name="Navbar.tsx" path="/Users/emmett/nextjs/emmett_portofolio/src/components/layout/Navbar.tsx">
        <metrics statements="26" coveredstatements="24" conditionals="20" coveredconditionals="17" methods="8" coveredmethods="8"/>
        <line num="1" count="1" type="stmt"/>
        <line num="14" count="1" type="stmt"/>
        <line num="25" count="17" type="stmt"/>
        <line num="26" count="17" type="stmt"/>
        <line num="27" count="17" type="stmt"/>
        <line num="28" count="17" type="stmt"/>
        <line num="29" count="17" type="stmt"/>
        <line num="32" count="17" type="stmt"/>
        <line num="34" count="17" type="stmt"/>
        <line num="35" count="13" type="stmt"/>
        <line num="36" count="13" type="stmt"/>
        <line num="37" count="13" type="stmt"/>
        <line num="40" count="17" type="stmt"/>
        <line num="41" count="13" type="cond" truecount="1" falsecount="1"/>
        <line num="42" count="0" type="stmt"/>
        <line num="43" count="0" type="stmt"/>
        <line num="47" count="17" type="cond" truecount="2" falsecount="0"/>
        <line num="49" count="16" type="stmt"/>
        <line num="51" count="16" type="stmt"/>
        <line num="72" count="112" type="stmt"/>
        <line num="73" count="112" type="cond" truecount="2" falsecount="1"/>
        <line num="74" count="112" type="stmt"/>
        <line num="100" count="3" type="stmt"/>
        <line num="121" count="14" type="stmt"/>
        <line num="122" count="14" type="cond" truecount="2" falsecount="1"/>
        <line num="123" count="14" type="stmt"/>
      </file>
    </package>
    <package name="components.newsletter.forms">
      <metrics statements="38" coveredstatements="38" conditionals="42" coveredconditionals="38" methods="5" coveredmethods="5"/>
      <file name="NewsletterSignupForm.tsx" path="/Users/emmett/nextjs/emmett_portofolio/src/components/newsletter/forms/NewsletterSignupForm.tsx">
        <metrics statements="38" coveredstatements="38" conditionals="42" coveredconditionals="38" methods="5" coveredmethods="5"/>
        <line num="1" count="1" type="stmt"/>
        <line num="21" count="239" type="stmt"/>
        <line num="22" count="239" type="stmt"/>
        <line num="23" count="239" type="stmt"/>
        <line num="24" count="239" type="stmt"/>
        <line num="25" count="239" type="stmt"/>
        <line num="28" count="239" type="stmt"/>
        <line num="30" count="239" type="stmt"/>
        <line num="32" count="9" type="stmt"/>
        <line num="33" count="9" type="cond" truecount="3" falsecount="1"/>
        <line num="35" count="9" type="stmt"/>
        <line num="36" count="9" type="stmt"/>
        <line num="38" count="9" type="stmt"/>
        <line num="39" count="9" type="stmt"/>
        <line num="50" count="7" type="stmt"/>
        <line num="52" count="7" type="cond" truecount="2" falsecount="0"/>
        <line num="53" count="1" type="stmt"/>
        <line num="54" count="1" type="cond" truecount="1" falsecount="1"/>
        <line num="55" count="1" type="stmt"/>
        <line num="58" count="6" type="cond" truecount="2" falsecount="0"/>
        <line num="59" count="5" type="stmt"/>
        <line num="60" count="5" type="stmt"/>
        <line num="65" count="5" type="stmt"/>
        <line num="66" count="5" type="stmt"/>
        <line num="67" count="5" type="stmt"/>
        <line num="68" count="5" type="stmt"/>
        <line num="70" count="1" type="stmt"/>
        <line num="71" count="1" type="cond" truecount="1" falsecount="1"/>
        <line num="74" count="1" type="stmt"/>
        <line num="75" count="1" type="stmt"/>
        <line num="81" count="239" type="stmt"/>
        <line num="83" count="239" type="stmt"/>
        <line num="85" count="239" type="cond" truecount="2" falsecount="0"/>
        <line num="86" count="5" type="stmt"/>
        <line num="106" count="234" type="stmt"/>
        <line num="137" count="40" type="stmt"/>
        <line num="149" count="151" type="stmt"/>
        <line num="160" count="10" type="stmt"/>
      </file>
    </package>
    <package name="components.portfolio">
      <metrics statements="3" coveredstatements="3" conditionals="5" coveredconditionals="5" methods="2" coveredmethods="2"/>
      <file name="ProjectCard.tsx" path="/Users/emmett/nextjs/emmett_portofolio/src/components/portfolio/ProjectCard.tsx">
        <metrics statements="3" coveredstatements="3" conditionals="5" coveredconditionals="5" methods="2" coveredmethods="2"/>
        <line num="1" count="1" type="stmt"/>
        <line num="26" count="17" type="stmt"/>
        <line num="84" count="51" type="stmt"/>
      </file>
    </package>
    <package name="components.shared">
      <metrics statements="21" coveredstatements="21" conditionals="30" coveredconditionals="27" methods="9" coveredmethods="9"/>
      <file name="AnimatedSection.tsx" path="/Users/emmett/nextjs/emmett_portofolio/src/components/shared/AnimatedSection.tsx">
        <metrics statements="2" coveredstatements="2" conditionals="1" coveredconditionals="1" methods="1" coveredmethods="1"/>
        <line num="1" count="1" type="stmt"/>
        <line num="17" count="6" type="stmt"/>
      </file>
      <file name="CtaSection.tsx" path="/Users/emmett/nextjs/emmett_portofolio/src/components/shared/CtaSection.tsx">
        <metrics statements="12" coveredstatements="12" conditionals="24" coveredconditionals="21" methods="3" coveredmethods="3"/>
        <line num="1" count="1" type="stmt"/>
        <line num="37" count="1" type="stmt"/>
        <line num="53" count="14" type="stmt"/>
        <line num="54" count="16" type="stmt"/>
        <line num="55" count="16" type="stmt"/>
        <line num="57" count="16" type="stmt"/>
        <line num="65" count="16" type="cond" truecount="2" falsecount="0"/>
        <line num="69" count="16" type="cond" truecount="2" falsecount="0"/>
        <line num="70" count="1" type="stmt"/>
        <line num="79" count="15" type="stmt"/>
        <line num="88" count="14" type="stmt"/>
        <line num="123" count="2" type="stmt"/>
      </file>
      <file name="NewsletterSkeleton.tsx" path="/Users/emmett/nextjs/emmett_portofolio/src/components/shared/NewsletterSkeleton.tsx">
        <metrics statements="1" coveredstatements="1" conditionals="0" coveredconditionals="0" methods="1" coveredmethods="1"/>
        <line num="15" count="5" type="stmt"/>
      </file>
      <file name="SectionHeader.tsx" path="/Users/emmett/nextjs/emmett_portofolio/src/components/shared/SectionHeader.tsx">
        <metrics statements="2" coveredstatements="2" conditionals="5" coveredconditionals="5" methods="1" coveredmethods="1"/>
        <line num="1" count="1" type="stmt"/>
        <line num="19" count="9" type="stmt"/>
      </file>
      <file name="Timeline.tsx" path="/Users/emmett/nextjs/emmett_portofolio/src/components/shared/Timeline.tsx">
        <metrics statements="4" coveredstatements="4" conditionals="0" coveredconditionals="0" methods="3" coveredmethods="3"/>
        <line num="1" count="1" type="stmt"/>
        <line num="18" count="10" type="stmt"/>
        <line num="25" count="17" type="stmt"/>
        <line num="48" count="27" type="stmt"/>
      </file>
    </package>
    <package name="components.ui">
      <metrics statements="90" coveredstatements="90" conditionals="57" coveredconditionals="54" methods="33" coveredmethods="33"/>
      <file name="AnimatedCounter.tsx" path="/Users/emmett/nextjs/emmett_portofolio/src/components/ui/AnimatedCounter.tsx">
        <metrics statements="11" coveredstatements="11" conditionals="7" coveredconditionals="6" methods="4" coveredmethods="4"/>
        <line num="1" count="1" type="stmt"/>
        <line num="24" count="7" type="stmt"/>
        <line num="25" count="7" type="stmt"/>
        <line num="26" count="7" type="stmt"/>
        <line num="27" count="14" type="stmt"/>
        <line num="28" count="14" type="stmt"/>
        <line num="30" count="7" type="stmt"/>
        <line num="31" count="7" type="cond" truecount="1" falsecount="1"/>
        <line num="32" count="7" type="stmt"/>
        <line num="36" count="7" type="stmt"/>
        <line num="40" count="7" type="stmt"/>
      </file>
      <file name="BackToTop.tsx" path="/Users/emmett/nextjs/emmett_portofolio/src/components/ui/BackToTop.tsx">
        <metrics statements="7" coveredstatements="7" conditionals="8" coveredconditionals="8" methods="2" coveredmethods="2"/>
        <line num="1" count="1" type="stmt"/>
        <line num="9" count="7" type="stmt"/>
        <line num="10" count="7" type="stmt"/>
        <line num="11" count="7" type="stmt"/>
        <line num="16" count="7" type="stmt"/>
        <line num="18" count="7" type="stmt"/>
        <line num="20" count="1" type="stmt"/>
      </file>
      <file name="ErrorBoundary.tsx" path="/Users/emmett/nextjs/emmett_portofolio/src/components/ui/ErrorBoundary.tsx">
        <metrics statements="11" coveredstatements="11" conditionals="6" coveredconditionals="6" methods="5" coveredmethods="5"/>
        <line num="1" count="1" type="stmt"/>
        <line num="12" count="11" type="stmt"/>
        <line num="13" count="11" type="stmt"/>
        <line num="30" count="14" type="stmt"/>
        <line num="31" count="14" type="stmt"/>
        <line num="34" count="12" type="stmt"/>
        <line num="37" count="27" type="cond" truecount="2" falsecount="0"/>
        <line num="38" count="13" type="cond" truecount="2" falsecount="0"/>
        <line num="39" count="11" type="stmt"/>
        <line num="42" count="1" type="stmt"/>
        <line num="46" count="14" type="stmt"/>
      </file>
      <file name="GlassCard.tsx" path="/Users/emmett/nextjs/emmett_portofolio/src/components/ui/GlassCard.tsx">
        <metrics statements="2" coveredstatements="2" conditionals="5" coveredconditionals="5" methods="1" coveredmethods="1"/>
        <line num="1" count="1" type="stmt"/>
        <line num="12" count="6" type="stmt"/>
      </file>
      <file name="ScrollProgress.tsx" path="/Users/emmett/nextjs/emmett_portofolio/src/components/ui/ScrollProgress.tsx">
        <metrics statements="4" coveredstatements="4" conditionals="0" coveredconditionals="0" methods="1" coveredmethods="1"/>
        <line num="1" count="1" type="stmt"/>
        <line num="6" count="7" type="stmt"/>
        <line num="7" count="7" type="stmt"/>
        <line num="13" count="7" type="stmt"/>
      </file>
      <file name="SkillBar.tsx" path="/Users/emmett/nextjs/emmett_portofolio/src/components/ui/SkillBar.tsx">
        <metrics statements="2" coveredstatements="2" conditionals="0" coveredconditionals="0" methods="1" coveredmethods="1"/>
        <line num="1" count="1" type="stmt"/>
        <line num="11" count="6" type="stmt"/>
      </file>
      <file name="SocialIcons.tsx" path="/Users/emmett/nextjs/emmett_portofolio/src/components/ui/SocialIcons.tsx">
        <metrics statements="3" coveredstatements="3" conditionals="0" coveredconditionals="0" methods="3" coveredmethods="3"/>
        <line num="8" count="53" type="stmt"/>
        <line num="20" count="52" type="stmt"/>
        <line num="32" count="35" type="stmt"/>
      </file>
      <file name="StatusBadge.tsx" path="/Users/emmett/nextjs/emmett_portofolio/src/components/ui/StatusBadge.tsx">
        <metrics statements="9" coveredstatements="9" conditionals="13" coveredconditionals="13" methods="3" coveredmethods="3"/>
        <line num="13" count="1" type="stmt"/>
        <line num="83" count="19" type="cond" truecount="2" falsecount="0"/>
        <line num="84" count="18" type="cond" truecount="2" falsecount="0"/>
        <line num="85" count="17" type="cond" truecount="2" falsecount="0"/>
        <line num="87" count="16" type="stmt"/>
        <line num="90" count="16" type="stmt"/>
        <line num="109" count="20" type="cond" truecount="2" falsecount="0"/>
        <line num="111" count="20" type="cond" truecount="2" falsecount="0"/>
        <line num="113" count="20" type="stmt"/>
      </file>
      <file name="ThemeProvider.tsx" path="/Users/emmett/nextjs/emmett_portofolio/src/components/ui/ThemeProvider.tsx">
        <metrics statements="34" coveredstatements="34" conditionals="14" coveredconditionals="12" methods="11" coveredmethods="11"/>
        <line num="1" count="2" type="stmt"/>
        <line num="12" count="2" type="stmt"/>
        <line num="15" count="39" type="stmt"/>
        <line num="16" count="39" type="stmt"/>
        <line num="19" count="39" type="stmt"/>
        <line num="20" count="19" type="stmt"/>
        <line num="21" count="18" type="stmt"/>
        <line num="22" count="18" type="cond" truecount="2" falsecount="0"/>
        <line num="23" count="3" type="stmt"/>
        <line num="24" count="3" type="stmt"/>
        <line num="26" count="15" type="stmt"/>
        <line num="27" count="15" type="cond" truecount="2" falsecount="0"/>
        <line num="30" count="19" type="stmt"/>
        <line num="34" count="39" type="stmt"/>
        <line num="35" count="19" type="stmt"/>
        <line num="36" count="19" type="stmt"/>
        <line num="37" count="1" type="cond" truecount="1" falsecount="1"/>
        <line num="38" count="1" type="cond" truecount="1" falsecount="1"/>
        <line num="41" count="19" type="stmt"/>
        <line num="42" count="19" type="stmt"/>
        <line num="46" count="39" type="stmt"/>
        <line num="47" count="38" type="stmt"/>
        <line num="48" count="38" type="stmt"/>
        <line num="49" count="38" type="stmt"/>
        <line num="50" count="38" type="cond" truecount="2" falsecount="0"/>
        <line num="51" count="7" type="stmt"/>
        <line num="55" count="39" type="stmt"/>
        <line num="56" count="7" type="stmt"/>
        <line num="57" count="7" type="cond" truecount="2" falsecount="0"/>
        <line num="60" count="39" type="stmt"/>
        <line num="68" count="40" type="stmt"/>
        <line num="69" count="40" type="cond" truecount="2" falsecount="0"/>
        <line num="70" count="2" type="stmt"/>
        <line num="72" count="38" type="stmt"/>
      </file>
      <file name="ThemeToggle.tsx" path="/Users/emmett/nextjs/emmett_portofolio/src/components/ui/ThemeToggle.tsx">
        <metrics statements="3" coveredstatements="3" conditionals="2" coveredconditionals="2" methods="1" coveredmethods="1"/>
        <line num="1" count="1" type="stmt"/>
        <line num="8" count="8" type="stmt"/>
        <line num="10" count="8" type="stmt"/>
      </file>
      <file name="Turnstile.tsx" path="/Users/emmett/nextjs/emmett_portofolio/src/components/ui/Turnstile.tsx">
        <metrics statements="4" coveredstatements="4" conditionals="2" coveredconditionals="2" methods="1" coveredmethods="1"/>
        <line num="1" count="1" type="stmt"/>
        <line num="10" count="6" type="stmt"/>
        <line num="11" count="6" type="cond" truecount="2" falsecount="0"/>
        <line num="12" count="4" type="stmt"/>
      </file>
    </package>
    <package name="hooks">
      <metrics statements="83" coveredstatements="80" conditionals="33" coveredconditionals="27" methods="28" coveredmethods="27"/>
      <file name="useNotifications.ts" path="/Users/emmett/nextjs/emmett_portofolio/src/hooks/useNotifications.ts">
        <metrics statements="83" coveredstatements="80" conditionals="33" coveredconditionals="27" methods="28" coveredmethods="27"/>
        <line num="8" count="1" type="stmt"/>
        <line num="50" count="64" type="cond" truecount="3" falsecount="0"/>
        <line num="52" count="64" type="stmt"/>
        <line num="53" count="64" type="stmt"/>
        <line num="54" count="64" type="stmt"/>
        <line num="55" count="64" type="stmt"/>
        <line num="56" count="64" type="stmt"/>
        <line num="58" count="64" type="stmt"/>
        <line num="59" count="64" type="stmt"/>
        <line num="63" count="64" type="stmt"/>
        <line num="64" count="25" type="stmt"/>
        <line num="65" count="25" type="stmt"/>
        <line num="67" count="25" type="stmt"/>
        <line num="69" count="23" type="cond" truecount="2" falsecount="0"/>
        <line num="71" count="22" type="stmt"/>
        <line num="72" count="21" type="cond" truecount="1" falsecount="1"/>
        <line num="73" count="25" type="cond" truecount="1" falsecount="2"/>
        <line num="75" count="4" type="cond" truecount="2" falsecount="0"/>
        <line num="77" count="25" type="stmt"/>
        <line num="83" count="64" type="stmt"/>
        <line num="84" count="24" type="stmt"/>
        <line num="85" count="24" type="stmt"/>
        <line num="89" count="23" type="cond" truecount="4" falsecount="0"/>
        <line num="90" count="1" type="stmt"/>
        <line num="91" count="1" type="stmt"/>
        <line num="94" count="22" type="stmt"/>
        <line num="95" count="22" type="stmt"/>
        <line num="96" count="22" type="stmt"/>
        <line num="98" count="22" type="stmt"/>
        <line num="99" count="1" type="stmt"/>
        <line num="100" count="1" type="stmt"/>
        <line num="103" count="22" type="stmt"/>
        <line num="104" count="6" type="stmt"/>
        <line num="105" count="6" type="stmt"/>
        <line num="106" count="6" type="stmt"/>
        <line num="108" count="6" type="stmt"/>
        <line num="110" count="10" type="cond" truecount="2" falsecount="0"/>
        <line num="112" count="4" type="stmt"/>
        <line num="113" count="4" type="stmt"/>
        <line num="120" count="22" type="stmt"/>
        <line num="121" count="1" type="stmt"/>
        <line num="122" count="1" type="stmt"/>
        <line num="125" count="1" type="cond" truecount="1" falsecount="1"/>
        <line num="126" count="1" type="stmt"/>
        <line num="127" count="0" type="stmt"/>
        <line num="128" count="0" type="stmt"/>
        <line num="133" count="0" type="stmt"/>
        <line num="138" count="24" type="stmt"/>
        <line num="139" count="23" type="stmt"/>
        <line num="140" count="23" type="stmt"/>
        <line num="144" count="24" type="stmt"/>
        <line num="146" count="1" type="cond" truecount="3" falsecount="1"/>
        <line num="147" count="1" type="stmt"/>
        <line num="151" count="24" type="stmt"/>
        <line num="152" count="24" type="stmt"/>
        <line num="153" count="24" type="cond" truecount="2" falsecount="0"/>
        <line num="154" count="24" type="cond" truecount="2" falsecount="0"/>
        <line num="155" count="24" type="cond" truecount="2" falsecount="0"/>
        <line num="156" count="24" type="cond" truecount="1" falsecount="1"/>
        <line num="163" count="64" type="stmt"/>
        <line num="167" count="64" type="stmt"/>
        <line num="168" count="76" type="stmt"/>
        <line num="174" count="64" type="stmt"/>
        <line num="175" count="2" type="stmt"/>
        <line num="176" count="2" type="stmt"/>
        <line num="181" count="2" type="stmt"/>
        <line num="182" count="1" type="stmt"/>
        <line num="190" count="64" type="stmt"/>
        <line num="191" count="1" type="stmt"/>
        <line num="192" count="1" type="stmt"/>
        <line num="197" count="1" type="stmt"/>
        <line num="198" count="1" type="stmt"/>
        <line num="206" count="64" type="stmt"/>
        <line num="207" count="1" type="stmt"/>
        <line num="208" count="1" type="stmt"/>
        <line num="213" count="2" type="stmt"/>
        <line num="214" count="1" type="stmt"/>
        <line num="222" count="64" type="stmt"/>
        <line num="223" count="1" type="stmt"/>
        <line num="224" count="1" type="stmt"/>
        <line num="229" count="2" type="stmt"/>
        <line num="230" count="1" type="stmt"/>
        <line num="236" count="64" type="stmt"/>
      </file>
    </package>
    <package name="lib">
      <metrics statements="839" coveredstatements="839" conditionals="715" coveredconditionals="697" methods="173" coveredmethods="173"/>
      <file name="activity-logger.ts" path="/Users/emmett/nextjs/emmett_portofolio/src/lib/activity-logger.ts">
        <metrics statements="20" coveredstatements="20" conditionals="18" coveredconditionals="18" methods="8" coveredmethods="8"/>
        <line num="16" count="1" type="stmt"/>
        <line num="36" count="1" type="stmt"/>
        <line num="56" count="1" type="stmt"/>
        <line num="78" count="1" type="stmt"/>
        <line num="101" count="3" type="stmt"/>
        <line num="104" count="3" type="stmt"/>
        <line num="115" count="3" type="cond" truecount="2" falsecount="0"/>
        <line num="116" count="2" type="stmt"/>
        <line num="117" count="2" type="stmt"/>
        <line num="125" count="1" type="stmt"/>
        <line num="129" count="3" type="stmt"/>
        <line num="139" count="2" type="stmt"/>
        <line num="141" count="2" type="stmt"/>
        <line num="151" count="1" type="stmt"/>
        <line num="156" count="2" type="stmt"/>
        <line num="158" count="2" type="stmt"/>
        <line num="163" count="1" type="stmt"/>
        <line num="176" count="4" type="stmt"/>
        <line num="178" count="4" type="stmt"/>
        <line num="190" count="1" type="stmt"/>
      </file>
      <file name="activity.ts" path="/Users/emmett/nextjs/emmett_portofolio/src/lib/activity.ts">
        <metrics statements="141" coveredstatements="141" conditionals="173" coveredconditionals="173" methods="33" coveredmethods="33"/>
        <line num="10" count="33" type="cond" truecount="2" falsecount="0"/>
        <line num="12" count="14" type="stmt"/>
        <line num="13" count="14" type="stmt"/>
        <line num="14" count="14" type="stmt"/>
        <line num="15" count="14" type="stmt"/>
        <line num="17" count="14" type="cond" truecount="4" falsecount="0"/>
        <line num="18" count="9" type="cond" truecount="2" falsecount="0"/>
        <line num="19" count="7" type="cond" truecount="4" falsecount="0"/>
        <line num="20" count="6" type="cond" truecount="2" falsecount="0"/>
        <line num="21" count="5" type="cond" truecount="2" falsecount="0"/>
        <line num="22" count="4" type="stmt"/>
        <line num="24" count="14" type="cond" truecount="2" falsecount="0"/>
        <line num="25" count="12" type="cond" truecount="4" falsecount="0"/>
        <line num="26" count="11" type="cond" truecount="2" falsecount="0"/>
        <line num="27" count="10" type="cond" truecount="2" falsecount="0"/>
        <line num="28" count="8" type="cond" truecount="5" falsecount="0"/>
        <line num="29" count="6" type="stmt"/>
        <line num="31" count="14" type="cond" truecount="2" falsecount="0"/>
        <line num="32" count="13" type="cond" truecount="2" falsecount="0"/>
        <line num="33" count="12" type="cond" truecount="4" falsecount="0"/>
        <line num="34" count="10" type="cond" truecount="2" falsecount="0"/>
        <line num="35" count="9" type="stmt"/>
        <line num="37" count="14" type="stmt"/>
        <line num="56" count="31" type="stmt"/>
        <line num="69" count="31" type="stmt"/>
        <line num="71" count="31" type="stmt"/>
        <line num="74" count="31" type="cond" truecount="4" falsecount="0"/>
        <line num="77" count="31" type="stmt"/>
        <line num="96" count="30" type="stmt"/>
        <line num="98" count="1" type="stmt"/>
        <line num="99" count="1" type="stmt"/>
        <line num="105" count="3" type="stmt"/>
        <line num="106" count="3" type="stmt"/>
        <line num="107" count="3" type="stmt"/>
        <line num="109" count="1" type="stmt"/>
        <line num="115" count="1" type="stmt"/>
        <line num="119" count="1" type="stmt"/>
        <line num="123" count="1" type="stmt"/>
        <line num="127" count="1" type="stmt"/>
        <line num="131" count="1" type="stmt"/>
        <line num="135" count="1" type="stmt"/>
        <line num="139" count="1" type="stmt"/>
        <line num="143" count="1" type="stmt"/>
        <line num="147" count="1" type="stmt"/>
        <line num="151" count="1" type="stmt"/>
        <line num="184" count="8" type="stmt"/>
        <line num="186" count="8" type="stmt"/>
        <line num="188" count="8" type="cond" truecount="2" falsecount="0"/>
        <line num="189" count="8" type="cond" truecount="2" falsecount="0"/>
        <line num="190" count="8" type="cond" truecount="2" falsecount="0"/>
        <line num="191" count="8" type="cond" truecount="2" falsecount="0"/>
        <line num="192" count="8" type="cond" truecount="2" falsecount="0"/>
        <line num="193" count="8" type="cond" truecount="2" falsecount="0"/>
        <line num="196" count="8" type="cond" truecount="4" falsecount="0"/>
        <line num="197" count="3" type="stmt"/>
        <line num="198" count="3" type="cond" truecount="2" falsecount="0"/>
        <line num="199" count="3" type="cond" truecount="2" falsecount="0"/>
        <line num="203" count="8" type="cond" truecount="2" falsecount="0"/>
        <line num="204" count="1" type="stmt"/>
        <line num="212" count="1" type="stmt"/>
        <line num="215" count="8" type="cond" truecount="2" falsecount="0"/>
        <line num="219" count="8" type="stmt"/>
        <line num="222" count="8" type="stmt"/>
        <line num="237" count="8" type="stmt"/>
        <line num="247" count="6" type="stmt"/>
        <line num="248" count="6" type="cond" truecount="2" falsecount="0"/>
        <line num="249" count="6" type="cond" truecount="2" falsecount="0"/>
        <line num="250" count="6" type="cond" truecount="2" falsecount="0"/>
        <line num="252" count="6" type="stmt"/>
        <line num="253" count="6" type="stmt"/>
        <line num="256" count="6" type="stmt"/>
        <line num="268" count="6" type="stmt"/>
        <line num="319" count="6" type="stmt"/>
        <line num="320" count="6" type="cond" truecount="2" falsecount="0"/>
        <line num="326" count="6" type="stmt"/>
        <line num="329" count="6" type="stmt"/>
        <line num="330" count="6" type="stmt"/>
        <line num="331" count="6" type="stmt"/>
        <line num="337" count="6" type="stmt"/>
        <line num="343" count="6" type="stmt"/>
        <line num="344" count="6" type="stmt"/>
        <line num="345" count="6" type="stmt"/>
        <line num="346" count="6" type="cond" truecount="2" falsecount="0"/>
        <line num="350" count="6" type="stmt"/>
        <line num="359" count="6" type="stmt"/>
        <line num="360" count="6" type="stmt"/>
        <line num="361" count="11" type="stmt"/>
        <line num="362" count="11" type="cond" truecount="2" falsecount="0"/>
        <line num="363" count="11" type="cond" truecount="2" falsecount="0"/>
        <line num="364" count="7" type="cond" truecount="2" falsecount="0"/>
        <line num="365" count="11" type="stmt"/>
        <line num="369" count="6" type="stmt"/>
        <line num="374" count="6" type="stmt"/>
        <line num="375" count="6" type="stmt"/>
        <line num="376" count="6" type="stmt"/>
        <line num="377" count="6" type="cond" truecount="2" falsecount="0"/>
        <line num="380" count="6" type="stmt"/>
        <line num="387" count="6" type="stmt"/>
        <line num="389" count="6" type="stmt"/>
        <line num="391" count="6" type="stmt"/>
        <line num="393" count="6" type="cond" truecount="2" falsecount="0"/>
        <line num="394" count="6" type="stmt"/>
        <line num="398" count="6" type="stmt"/>
        <line num="401" count="5" type="stmt"/>
        <line num="402" count="5" type="stmt"/>
        <line num="413" count="11" type="stmt"/>
        <line num="414" count="6" type="stmt"/>
        <line num="431" count="2" type="stmt"/>
        <line num="433" count="2" type="stmt"/>
        <line num="448" count="1" type="stmt"/>
        <line num="449" count="1" type="stmt"/>
        <line num="460" count="2" type="stmt"/>
        <line num="461" count="2" type="cond" truecount="2" falsecount="0"/>
        <line num="462" count="2" type="cond" truecount="2" falsecount="0"/>
        <line num="463" count="2" type="cond" truecount="2" falsecount="0"/>
        <line num="465" count="2" type="stmt"/>
        <line num="477" count="2" type="stmt"/>
        <line num="490" count="3" type="stmt"/>
        <line num="492" count="3" type="stmt"/>
        <line num="504" count="1" type="stmt"/>
        <line num="505" count="1" type="stmt"/>
        <line num="530" count="5" type="stmt"/>
        <line num="532" count="5" type="stmt"/>
        <line num="533" count="5" type="cond" truecount="2" falsecount="0"/>
        <line num="534" count="5" type="cond" truecount="2" falsecount="0"/>
        <line num="535" count="5" type="cond" truecount="2" falsecount="0"/>
        <line num="536" count="5" type="cond" truecount="2" falsecount="0"/>
        <line num="537" count="5" type="cond" truecount="4" falsecount="0"/>
        <line num="538" count="3" type="stmt"/>
        <line num="539" count="3" type="cond" truecount="2" falsecount="0"/>
        <line num="540" count="3" type="cond" truecount="2" falsecount="0"/>
        <line num="543" count="5" type="cond" truecount="2" falsecount="0"/>
        <line num="546" count="5" type="stmt"/>
        <line num="560" count="5" type="stmt"/>
        <line num="570" count="2" type="stmt"/>
        <line num="571" count="2" type="stmt"/>
        <line num="575" count="1" type="stmt"/>
        <line num="577" count="1" type="stmt"/>
        <line num="589" count="2" type="stmt"/>
        <line num="591" count="2" type="stmt"/>
        <line num="607" count="1" type="stmt"/>
      </file>
      <file name="analytics.ts" path="/Users/emmett/nextjs/emmett_portofolio/src/lib/analytics.ts">
        <metrics statements="8" coveredstatements="8" conditionals="6" coveredconditionals="5" methods="1" coveredmethods="1"/>
        <line num="1" count="2" type="stmt"/>
        <line num="13" count="25" type="stmt"/>
        <line num="14" count="25" type="stmt"/>
[...]
        <line num="14" count="15" type="stmt"/>
        <line num="15" count="15" type="stmt"/>
        <line num="17" count="8" type="cond" truecount="2" falsecount="0"/>
        <line num="18" count="8" type="cond" truecount="3" falsecount="0"/>
        <line num="19" count="5" type="cond" truecount="2" falsecount="0"/>
        <line num="20" count="2" type="cond" truecount="1" falsecount="1"/>
        <line num="21" count="1" type="stmt"/>
        <line num="23" count="8" type="cond" truecount="2" falsecount="0"/>
        <line num="25" count="15" type="cond" truecount="2" falsecount="0"/>
        <line num="27" count="11" type="stmt"/>
        <line num="28" count="11" type="stmt"/>
        <line num="29" count="12" type="cond" truecount="5" falsecount="0"/>
        <line num="31" count="1" type="stmt"/>
        <line num="32" count="1" type="stmt"/>
        <line num="34" count="3" type="stmt"/>
        <line num="35" count="3" type="stmt"/>
        <line num="37" count="3" type="stmt"/>
        <line num="38" count="3" type="stmt"/>
        <line num="40" count="4" type="stmt"/>
        <line num="41" count="4" type="cond" truecount="2" falsecount="0"/>
        <line num="42" count="4" type="cond" truecount="1" falsecount="1"/>
        <line num="43" count="4" type="cond" truecount="2" falsecount="0"/>
        <line num="44" count="4" type="stmt"/>
        <line num="45" count="4" type="stmt"/>
        <line num="47" count="1" type="stmt"/>
        <line num="48" count="1" type="stmt"/>
        <line num="56" count="1" type="stmt"/>
        <line num="60" count="0" type="stmt"/>
      </file>
    </package>
    <package name="lib.utils">
      <metrics statements="9" coveredstatements="9" conditionals="12" coveredconditionals="12" methods="5" coveredmethods="5"/>
      <file name="string-guards.ts" path="/Users/emmett/nextjs/emmett_portofolio/src/lib/utils/string-guards.ts">
        <metrics statements="9" coveredstatements="9" conditionals="12" coveredconditionals="12" methods="5" coveredmethods="5"/>
        <line num="13" count="247" type="stmt"/>
        <line num="25" count="54" type="cond" truecount="2" falsecount="0"/>
        <line num="34" count="56" type="cond" truecount="2" falsecount="0"/>
        <line num="42" count="35" type="cond" truecount="2" falsecount="0"/>
        <line num="43" count="23" type="stmt"/>
        <line num="44" count="23" type="cond" truecount="2" falsecount="0"/>
        <line num="45" count="35" type="cond" truecount="2" falsecount="0"/>
        <line num="46" count="35" type="stmt"/>
        <line num="60" count="12" type="cond" truecount="2" falsecount="0"/>
      </file>
    </package>
    <package name="lib.validations">
      <metrics statements="195" coveredstatements="195" conditionals="5" coveredconditionals="5" methods="4" coveredmethods="4"/>
      <file name="about.ts" path="/Users/emmett/nextjs/emmett_portofolio/src/lib/validations/about.ts">
        <metrics statements="8" coveredstatements="8" conditionals="0" coveredconditionals="0" methods="0" coveredmethods="0"/>
        <line num="5" count="1" type="stmt"/>
        <line num="102" count="1" type="stmt"/>
        <line num="114" count="1" type="stmt"/>
        <line num="126" count="1" type="stmt"/>
        <line num="132" count="1" type="stmt"/>
        <line num="139" count="1" type="stmt"/>
        <line num="146" count="1" type="stmt"/>
        <line num="153" count="1" type="stmt"/>
      </file>
      <file name="activity.ts" path="/Users/emmett/nextjs/emmett_portofolio/src/lib/validations/activity.ts">
        <metrics statements="7" coveredstatements="7" conditionals="0" coveredconditionals="0" methods="0" coveredmethods="0"/>
        <line num="4" count="1" type="stmt"/>
        <line num="20" count="1" type="stmt"/>
        <line num="37" count="1" type="stmt"/>
        <line num="51" count="1" type="stmt"/>
        <line num="63" count="1" type="stmt"/>
        <line num="74" count="1" type="stmt"/>
        <line num="87" count="1" type="stmt"/>
      </file>
      <file name="calendar.ts" path="/Users/emmett/nextjs/emmett_portofolio/src/lib/validations/calendar.ts">
        <metrics statements="17" coveredstatements="17" conditionals="0" coveredconditionals="0" methods="1" coveredmethods="1"/>
        <line num="5" count="6" type="stmt"/>
        <line num="28" count="6" type="stmt"/>
        <line num="32" count="6" type="stmt"/>
        <line num="53" count="6" type="stmt"/>
        <line num="59" count="6" type="stmt"/>
        <line num="79" count="10" type="stmt"/>
        <line num="85" count="6" type="stmt"/>
        <line num="98" count="6" type="stmt"/>
        <line num="102" count="6" type="stmt"/>
        <line num="114" count="6" type="stmt"/>
        <line num="118" count="6" type="stmt"/>
        <line num="128" count="6" type="stmt"/>
        <line num="132" count="6" type="stmt"/>
        <line num="144" count="6" type="stmt"/>
        <line num="158" count="6" type="stmt"/>
        <line num="162" count="6" type="stmt"/>
        <line num="176" count="6" type="stmt"/>
      </file>
      <file name="chatbot.ts" path="/Users/emmett/nextjs/emmett_portofolio/src/lib/validations/chatbot.ts">
        <metrics statements="17" coveredstatements="17" conditionals="0" coveredconditionals="0" methods="0" coveredmethods="0"/>
        <line num="3" count="1" type="stmt"/>
        <line num="7" count="1" type="stmt"/>
        <line num="8" count="1" type="stmt"/>
        <line num="9" count="1" type="stmt"/>
        <line num="12" count="1" type="stmt"/>
        <line num="17" count="1" type="stmt"/>
        <line num="25" count="1" type="stmt"/>
        <line num="35" count="1" type="stmt"/>
        <line num="37" count="1" type="stmt"/>
        <line num="46" count="1" type="stmt"/>
        <line num="49" count="1" type="stmt"/>
        <line num="60" count="1" type="stmt"/>
        <line num="63" count="1" type="stmt"/>
        <line num="94" count="1" type="stmt"/>
        <line num="97" count="1" type="stmt"/>
        <line num="112" count="1" type="stmt"/>
        <line num="120" count="1" type="stmt"/>
      </file>
      <file name="contact.ts" path="/Users/emmett/nextjs/emmett_portofolio/src/lib/validations/contact.ts">
        <metrics statements="9" coveredstatements="9" conditionals="0" coveredconditionals="0" methods="1" coveredmethods="1"/>
        <line num="3" count="4" type="stmt"/>
        <line num="4" count="4" type="stmt"/>
        <line num="5" count="4" type="stmt"/>
        <line num="6" count="4" type="stmt"/>
        <line num="8" count="4" type="stmt"/>
        <line num="19" count="4" type="stmt"/>
        <line num="28" count="4" type="stmt"/>
        <line num="36" count="32" type="stmt"/>
        <line num="38" count="4" type="stmt"/>
      </file>
      <file name="crm.ts" path="/Users/emmett/nextjs/emmett_portofolio/src/lib/validations/crm.ts">
        <metrics statements="55" coveredstatements="55" conditionals="0" coveredconditionals="0" methods="0" coveredmethods="0"/>
        <line num="5" count="1" type="stmt"/>
        <line num="15" count="1" type="stmt"/>
        <line num="25" count="1" type="stmt"/>
        <line num="34" count="1" type="stmt"/>
        <line num="41" count="1" type="stmt"/>
        <line num="48" count="1" type="stmt"/>
        <line num="55" count="1" type="stmt"/>
        <line num="62" count="1" type="stmt"/>
        <line num="70" count="1" type="stmt"/>
        <line num="78" count="1" type="stmt"/>
        <line num="84" count="1" type="stmt"/>
        <line num="90" count="1" type="stmt"/>
        <line num="99" count="1" type="stmt"/>
        <line num="109" count="1" type="stmt"/>
        <line num="119" count="1" type="stmt"/>
        <line num="128" count="1" type="stmt"/>
        <line num="130" count="1" type="stmt"/>
        <line num="137" count="1" type="stmt"/>
        <line num="144" count="1" type="stmt"/>
        <line num="151" count="1" type="stmt"/>
        <line num="159" count="1" type="stmt"/>
        <line num="167" count="1" type="stmt"/>
        <line num="173" count="1" type="stmt"/>
        <line num="179" count="1" type="stmt"/>
        <line num="188" count="1" type="stmt"/>
        <line num="189" count="1" type="stmt"/>
        <line num="190" count="1" type="stmt"/>
        <line num="196" count="1" type="stmt"/>
        <line num="200" count="1" type="stmt"/>
        <line num="201" count="1" type="stmt"/>
        <line num="202" count="1" type="stmt"/>
        <line num="203" count="1" type="stmt"/>
        <line num="207" count="1" type="stmt"/>
        <line num="224" count="1" type="stmt"/>
        <line num="231" count="1" type="stmt"/>
        <line num="244" count="1" type="stmt"/>
        <line num="251" count="1" type="stmt"/>
        <line num="265" count="1" type="stmt"/>
        <line num="272" count="1" type="stmt"/>
        <line num="285" count="1" type="stmt"/>
        <line num="292" count="1" type="stmt"/>
        <line num="305" count="1" type="stmt"/>
        <line num="312" count="1" type="stmt"/>
        <line num="324" count="1" type="stmt"/>
        <line num="331" count="1" type="stmt"/>
        <line num="344" count="1" type="stmt"/>
        <line num="351" count="1" type="stmt"/>
        <line num="362" count="1" type="stmt"/>
        <line num="369" count="1" type="stmt"/>
        <line num="376" count="1" type="stmt"/>
        <line num="387" count="1" type="stmt"/>
        <line num="394" count="1" type="stmt"/>
        <line num="404" count="1" type="stmt"/>
        <line num="415" count="1" type="stmt"/>
        <line num="422" count="1" type="stmt"/>
      </file>
      <file name="homepage.ts" path="/Users/emmett/nextjs/emmett_portofolio/src/lib/validations/homepage.ts">
        <metrics statements="4" coveredstatements="4" conditionals="0" coveredconditionals="0" methods="0" coveredmethods="0"/>
        <line num="5" count="1" type="stmt"/>
        <line num="112" count="1" type="stmt"/>
        <line num="124" count="1" type="stmt"/>
        <line num="135" count="1" type="stmt"/>
      </file>
      <file name="locale.ts" path="/Users/emmett/nextjs/emmett_portofolio/src/lib/validations/locale.ts">
        <metrics statements="9" coveredstatements="9" conditionals="0" coveredconditionals="0" methods="0" coveredmethods="0"/>
        <line num="3" count="1" type="stmt"/>
        <line num="4" count="1" type="stmt"/>
        <line num="6" count="1" type="stmt"/>
        <line num="12" count="1" type="stmt"/>
        <line num="39" count="1" type="stmt"/>
        <line num="41" count="1" type="stmt"/>
        <line num="58" count="1" type="stmt"/>
        <line num="75" count="1" type="stmt"/>
        <line num="89" count="1" type="stmt"/>
      </file>
      <file name="newsletter.ts" path="/Users/emmett/nextjs/emmett_portofolio/src/lib/validations/newsletter.ts">
        <metrics statements="26" coveredstatements="26" conditionals="0" coveredconditionals="0" methods="1" coveredmethods="1"/>
        <line num="3" count="2" type="stmt"/>
        <line num="6" count="2" type="stmt"/>
        <line num="19" count="2" type="stmt"/>
        <line num="24" count="2" type="stmt"/>
        <line num="29" count="2" type="stmt"/>
        <line num="42" count="2" type="stmt"/>
        <line num="45" count="5" type="stmt"/>
        <line num="50" count="2" type="stmt"/>
        <line num="58" count="2" type="stmt"/>
        <line num="66" count="2" type="stmt"/>
        <line num="88" count="2" type="stmt"/>
        <line num="90" count="2" type="stmt"/>
        <line num="96" count="2" type="stmt"/>
        <line num="104" count="2" type="stmt"/>
        <line num="107" count="2" type="stmt"/>
        <line num="115" count="2" type="stmt"/>
        <line num="119" count="2" type="stmt"/>
        <line num="130" count="2" type="stmt"/>
        <line num="132" count="2" type="stmt"/>
        <line num="138" count="2" type="stmt"/>
        <line num="153" count="2" type="stmt"/>
        <line num="162" count="2" type="stmt"/>
        <line num="171" count="2" type="stmt"/>
        <line num="174" count="2" type="stmt"/>
        <line num="181" count="2" type="stmt"/>
        <line num="184" count="2" type="stmt"/>
      </file>
      <file name="notifications.ts" path="/Users/emmett/nextjs/emmett_portofolio/src/lib/validations/notifications.ts">
        <metrics statements="8" coveredstatements="8" conditionals="0" coveredconditionals="0" methods="0" coveredmethods="0"/>
        <line num="4" count="1" type="stmt"/>
        <line num="20" count="1" type="stmt"/>
        <line num="40" count="1" type="stmt"/>
        <line num="49" count="1" type="stmt"/>
        <line num="55" count="1" type="stmt"/>
        <line num="72" count="1" type="stmt"/>
        <line num="89" count="1" type="stmt"/>
        <line num="92" count="1" type="stmt"/>
      </file>
      <file name="portfolio.ts" path="/Users/emmett/nextjs/emmett_portofolio/src/lib/validations/portfolio.ts">
        <metrics statements="5" coveredstatements="5" conditionals="0" coveredconditionals="0" methods="0" coveredmethods="0"/>
        <line num="3" count="2" type="stmt"/>
        <line num="11" count="2" type="stmt"/>
        <line num="19" count="2" type="stmt"/>
        <line num="28" count="2" type="stmt"/>
        <line num="65" count="2" type="stmt"/>
      </file>
      <file name="resume.ts" path="/Users/emmett/nextjs/emmett_portofolio/src/lib/validations/resume.ts">
        <metrics statements="9" coveredstatements="9" conditionals="0" coveredconditionals="0" methods="0" coveredmethods="0"/>
        <line num="3" count="1" type="stmt"/>
        <line num="9" count="1" type="stmt"/>
        <line num="42" count="1" type="stmt"/>
        <line num="58" count="1" type="stmt"/>
        <line num="71" count="1" type="stmt"/>
        <line num="81" count="1" type="stmt"/>
        <line num="94" count="1" type="stmt"/>
        <line num="104" count="1" type="stmt"/>
        <line num="112" count="1" type="stmt"/>
      </file>
      <file name="services.ts" path="/Users/emmett/nextjs/emmett_portofolio/src/lib/validations/services.ts">
        <metrics statements="11" coveredstatements="11" conditionals="5" coveredconditionals="5" methods="1" coveredmethods="1"/>
        <line num="3" count="2" type="stmt"/>
        <line num="12" count="2" type="stmt"/>
        <line num="14" count="2" type="stmt"/>
        <line num="27" count="2" type="stmt"/>
        <line num="29" count="2" type="stmt"/>
        <line num="36" count="2" type="stmt"/>
        <line num="38" count="2" type="stmt"/>
        <line num="49" count="2" type="stmt"/>
        <line num="54" count="2" type="stmt"/>
        <line num="69" count="10" type="cond" truecount="5" falsecount="0"/>
        <line num="89" count="2" type="stmt"/>
      </file>
      <file name="support.ts" path="/Users/emmett/nextjs/emmett_portofolio/src/lib/validations/support.ts">
        <metrics statements="7" coveredstatements="7" conditionals="0" coveredconditionals="0" methods="0" coveredmethods="0"/>
        <line num="3" count="1" type="stmt"/>
        <line num="4" count="1" type="stmt"/>
        <line num="6" count="1" type="stmt"/>
        <line num="29" count="1" type="stmt"/>
        <line num="36" count="1" type="stmt"/>
        <line num="48" count="1" type="stmt"/>
        <line num="54" count="1" type="stmt"/>
      </file>
      <file name="testimonial.ts" path="/Users/emmett/nextjs/emmett_portofolio/src/lib/validations/testimonial.ts">
        <metrics statements="3" coveredstatements="3" conditionals="0" coveredconditionals="0" methods="0" coveredmethods="0"/>
        <line num="3" count="2" type="stmt"/>
        <line num="8" count="2" type="stmt"/>
        <line num="32" count="2" type="stmt"/>
      </file>
    </package>
    <package name="lib.validations.email">
      <metrics statements="18" coveredstatements="18" conditionals="0" coveredconditionals="0" methods="1" coveredmethods="1"/>
      <file name="index.ts" path="/Users/emmett/nextjs/emmett_portofolio/src/lib/validations/email/index.ts">
        <metrics statements="18" coveredstatements="18" conditionals="0" coveredconditionals="0" methods="1" coveredmethods="1"/>
        <line num="3" count="1" type="stmt"/>
        <line num="7" count="1" type="stmt"/>
        <line num="20" count="1" type="stmt"/>
        <line num="27" count="1" type="stmt"/>
        <line num="41" count="1" type="stmt"/>
        <line num="51" count="1" type="stmt"/>
        <line num="66" count="1" type="stmt"/>
        <line num="74" count="1" type="stmt"/>
        <line num="94" count="1" type="stmt"/>
        <line num="103" count="1" type="stmt"/>
        <line num="124" count="1" type="stmt"/>
        <line num="126" count="1" type="stmt"/>
        <line num="131" count="1" type="stmt"/>
        <line num="138" count="1" type="stmt"/>
        <line num="158" count="1" type="stmt"/>
        <line num="171" count="1" type="stmt"/>
        <line num="179" count="1" type="stmt"/>
        <line num="187" count="6" type="stmt"/>
      </file>
    </package>
    <package name="types">
      <metrics statements="34" coveredstatements="34" conditionals="0" coveredconditionals="0" methods="0" coveredmethods="0"/>
      <file name="activity.ts" path="/Users/emmett/nextjs/emmett_portofolio/src/types/activity.ts">
        <metrics statements="6" coveredstatements="6" conditionals="0" coveredconditionals="0" methods="0" coveredmethods="0"/>
        <line num="4" count="1" type="stmt"/>
        <line num="11" count="1" type="stmt"/>
        <line num="36" count="1" type="stmt"/>
        <line num="54" count="1" type="stmt"/>
        <line num="97" count="1" type="stmt"/>
        <line num="133" count="1" type="stmt"/>
      </file>
      <file name="chatbot.ts" path="/Users/emmett/nextjs/emmett_portofolio/src/types/chatbot.ts">
        <metrics statements="2" coveredstatements="2" conditionals="0" coveredconditionals="0" methods="0" coveredmethods="0"/>
        <line num="4" count="1" type="stmt"/>
        <line num="8" count="1" type="stmt"/>
      </file>
      <file name="notifications.ts" path="/Users/emmett/nextjs/emmett_portofolio/src/types/notifications.ts">
        <metrics statements="20" coveredstatements="20" conditionals="0" coveredconditionals="0" methods="0" coveredmethods="0"/>
        <line num="13" count="16" type="stmt"/>
        <line num="25" count="16" type="stmt"/>
        <line num="40" count="16" type="stmt"/>
        <line num="47" count="16" type="stmt"/>
        <line num="57" count="16" type="stmt"/>
        <line num="64" count="16" type="stmt"/>
        <line num="79" count="16" type="stmt"/>
        <line num="87" count="16" type="stmt"/>
        <line num="97" count="16" type="stmt"/>
        <line num="108" count="16" type="stmt"/>
        <line num="114" count="16" type="stmt"/>
        <line num="123" count="16" type="stmt"/>
        <line num="129" count="16" type="stmt"/>
        <line num="136" count="16" type="stmt"/>
        <line num="141" count="16" type="stmt"/>
        <line num="146" count="16" type="stmt"/>
        <line num="154" count="16" type="stmt"/>
        <line num="176" count="16" type="stmt"/>
        <line num="219" count="16" type="stmt"/>
        <line num="262" count="16" type="stmt"/>
      </file>
      <file name="support.ts" path="/Users/emmett/nextjs/emmett_portofolio/src/types/support.ts">
        <metrics statements="6" coveredstatements="6" conditionals="0" coveredconditionals="0" methods="0" coveredmethods="0"/>
        <line num="201" count="1" type="stmt"/>
        <line num="211" count="1" type="stmt"/>
        <line num="219" count="1" type="stmt"/>
        <line num="233" count="1" type="stmt"/>
        <line num="247" count="1" type="stmt"/>
        <line num="255" count="1" type="stmt"/>
      </file>
    </package>
  </project>
</coverage>
