{"/Users/emmett/nextjs/emmett_portofolio/src/components/blog/BlogCard.tsx": {"path":"/Users/emmett/nextjs/emmett_portofolio/src/components/blog/BlogCard.tsx","statementMap":{"0":{"start":{"line":1,"column":0},"end":{"line":1,"column":null}},"1":{"start":{"line":26,"column":2},"end":{"line":79,"column":null}},"2":{"start":{"line":65,"column":14},"end":{"line":70,"column":null}}},"fnMap":{"0":{"name":"BlogCard","decl":{"start":{"line":25,"column":16},"end":{"line":25,"column":25}},"loc":{"start":{"line":25,"column":57},"end":{"line":81,"column":null}},"line":25},"1":{"name":"(anonymous_1)","decl":{"start":{"line":64,"column":36},"end":{"line":64,"column":41}},"loc":{"start":{"line":65,"column":14},"end":{"line":70,"column":null}},"line":65}},"branchMap":{"0":{"loc":{"start":{"line":51,"column":15},"end":{"line":51,"column":79}},"type":"binary-expr","locations":[{"start":{"line":51,"column":15},"end":{"line":51,"column":36}},{"start":{"line":51,"column":36},"end":{"line":51,"column":79}}],"line":51},"1":{"loc":{"start":{"line":51,"column":36},"end":{"line":51,"column":79}},"type":"cond-expr","locations":[{"start":{"line":51,"column":51},"end":{"line":51,"column":76}},{"start":{"line":51,"column":76},"end":{"line":51,"column":79}}],"line":51},"2":{"loc":{"start":{"line":61,"column":13},"end":{"line":61,"column":null}},"type":"binary-expr","locations":[{"start":{"line":61,"column":13},"end":{"line":61,"column":29}},{"start":{"line":61,"column":29},"end":{"line":61,"column":null}}],"line":61}},"s":{"0":1,"1":16,"2":48},"f":{"0":16,"1":48},"b":{"0":[16,2],"1":[1,1],"2":[16,1]},"meta":{"lastBranch":3,"lastFunction":2,"lastStatement":3,"seen":{"s:1:0:1:Infinity":0,"f:25:16:25:25":0,"s:26:2:79:Infinity":1,"b:51:15:51:36:51:36:51:79":0,"b:51:51:51:76:51:76:51:79":1,"b:61:13:61:29:61:29:61:Infinity":2,"f:64:36:64:41":1,"s:65:14:70:Infinity":2},"fnNames":{}}}
,"/Users/emmett/nextjs/emmett_portofolio/src/components/chat/ChatBookingCards.tsx": {"path":"/Users/emmett/nextjs/emmett_portofolio/src/components/chat/ChatBookingCards.tsx","statementMap":{"0":{"start":{"line":1,"column":0},"end":{"line":1,"column":null}},"1":{"start":{"line":8,"column":28},"end":{"line":8,"column":null}},"2":{"start":{"line":9,"column":21},"end":{"line":9,"column":null}},"3":{"start":{"line":12,"column":13},"end":{"line":12,"column":null}},"4":{"start":{"line":13,"column":13},"end":{"line":13,"column":null}},"5":{"start":{"line":14,"column":34},"end":{"line":14,"column":42}},"6":{"start":{"line":15,"column":27},"end":{"line":15,"column":39}},"7":{"start":{"line":17,"column":17},"end":{"line":17,"column":null}},"8":{"start":{"line":18,"column":2},"end":{"line":18,"column":null}},"9":{"start":{"line":18,"column":15},"end":{"line":18,"column":null}},"10":{"start":{"line":20,"column":2},"end":{"line":80,"column":null}},"11":{"start":{"line":28,"column":25},"end":{"line":28,"column":null}}},"fnMap":{"0":{"name":"ChatBookingCards","decl":{"start":{"line":11,"column":16},"end":{"line":11,"column":35}},"loc":{"start":{"line":11,"column":35},"end":{"line":82,"column":null}},"line":11},"1":{"name":"(anonymous_1)","decl":{"start":{"line":28,"column":10},"end":{"line":28,"column":25}},"loc":{"start":{"line":28,"column":25},"end":{"line":28,"column":null}},"line":28}},"branchMap":{"0":{"loc":{"start":{"line":17,"column":17},"end":{"line":17,"column":null}},"type":"binary-expr","locations":[{"start":{"line":17,"column":17},"end":{"line":17,"column":40}},{"start":{"line":17,"column":40},"end":{"line":17,"column":null}}],"line":17},"1":{"loc":{"start":{"line":18,"column":2},"end":{"line":18,"column":null}},"type":"if","locations":[{"start":{"line":18,"column":2},"end":{"line":18,"column":null}},{"start":{},"end":{}}],"line":18},"2":{"loc":{"start":{"line":37,"column":9},"end":{"line":59,"column":null}},"type":"binary-expr","locations":[{"start":{"line":37,"column":9},"end":{"line":37,"column":null}},{"start":{"line":38,"column":10},"end":{"line":59,"column":null}}],"line":37},"3":{"loc":{"start":{"line":59,"column":9},"end":{"line":79,"column":null}},"type":"binary-expr","locations":[{"start":{"line":59,"column":9},"end":{"line":59,"column":null}},{"start":{"line":60,"column":10},"end":{"line":79,"column":null}}],"line":59}},"s":{"0":6,"1":6,"2":6,"3":6,"4":6,"5":6,"6":6,"7":6,"8":6,"9":1,"10":5,"11":1},"f":{"0":6,"1":1},"b":{"0":[6,3],"1":[1,5],"2":[5,3],"3":[6,3]},"meta":{"lastBranch":4,"lastFunction":2,"lastStatement":12,"seen":{"s:1:0:1:Infinity":0,"s:8:28:8:Infinity":1,"s:9:21:9:Infinity":2,"f:11:16:11:35":0,"s:12:13:12:Infinity":3,"s:13:13:13:Infinity":4,"s:14:34:14:42":5,"s:15:27:15:39":6,"s:17:17:17:Infinity":7,"b:17:17:17:40:17:40:17:Infinity":0,"b:18:2:18:Infinity:undefined:undefined:undefined:undefined":1,"s:18:2:18:Infinity":8,"s:18:15:18:Infinity":9,"s:20:2:80:Infinity":10,"f:28:10:28:25":1,"s:28:25:28:Infinity":11,"b:37:9:37:Infinity:38:10:59:Infinity":2,"b:59:9:59:Infinity:60:10:79:Infinity":3},"fnNames":{}}}
,"/Users/emmett/nextjs/emmett_portofolio/src/components/chat/ChatBubble.tsx": {"path":"/Users/emmett/nextjs/emmett_portofolio/src/components/chat/ChatBubble.tsx","statementMap":{"0":{"start":{"line":1,"column":0},"end":{"line":1,"column":null}},"1":{"start":{"line":10,"column":12},"end":{"line":10,"column":null}},"2":{"start":{"line":11,"column":42},"end":{"line":11,"column":50}},"3":{"start":{"line":13,"column":2},"end":{"line":64,"column":null}}},"fnMap":{"0":{"name":"ChatBubble","decl":{"start":{"line":9,"column":16},"end":{"line":9,"column":29}},"loc":{"start":{"line":9,"column":29},"end":{"line":66,"column":null}},"line":9}},"branchMap":{"0":{"loc":{"start":{"line":16,"column":9},"end":{"line":28,"column":null}},"type":"binary-expr","locations":[{"start":{"line":16,"column":9},"end":{"line":16,"column":20}},{"start":{"line":16,"column":20},"end":{"line":16,"column":null}},{"start":{"line":17,"column":10},"end":{"line":28,"column":null}}],"line":16},"1":{"loc":{"start":{"line":24,"column":46},"end":{"line":24,"column":null}},"type":"cond-expr","locations":[{"start":{"line":24,"column":66},"end":{"line":24,"column":72}},{"start":{"line":24,"column":72},"end":{"line":24,"column":null}}],"line":24},"2":{"loc":{"start":{"line":38,"column":20},"end":{"line":38,"column":null}},"type":"cond-expr","locations":[{"start":{"line":38,"column":29},"end":{"line":38,"column":46}},{"start":{"line":38,"column":46},"end":{"line":38,"column":null}}],"line":38},"3":{"loc":{"start":{"line":41,"column":11},"end":{"line":60,"column":null}},"type":"cond-expr","locations":[{"start":{"line":42,"column":12},"end":{"line":50,"column":null}},{"start":{"line":52,"column":12},"end":{"line":60,"column":null}}],"line":41}},"s":{"0":1,"1":7,"2":7,"3":7},"f":{"0":7},"b":{"0":[7,5,2],"1":[1,1],"2":[2,5],"3":[2,5]},"meta":{"lastBranch":4,"lastFunction":1,"lastStatement":4,"seen":{"s:1:0:1:Infinity":0,"f:9:16:9:29":0,"s:10:12:10:Infinity":1,"s:11:42:11:50":2,"s:13:2:64:Infinity":3,"b:16:9:16:20:16:20:16:Infinity:17:10:28:Infinity":0,"b:24:66:24:72:24:72:24:Infinity":1,"b:38:29:38:46:38:46:38:Infinity":2,"b:42:12:50:Infinity:52:12:60:Infinity":3},"fnNames":{}}}
,"/Users/emmett/nextjs/emmett_portofolio/src/components/chat/ChatContactForm.tsx": {"path":"/Users/emmett/nextjs/emmett_portofolio/src/components/chat/ChatContactForm.tsx","statementMap":{"0":{"start":{"line":1,"column":0},"end":{"line":1,"column":null}},"1":{"start":{"line":16,"column":12},"end":{"line":16,"column":null}},"2":{"start":{"line":17,"column":14},"end":{"line":17,"column":null}},"3":{"start":{"line":18,"column":25},"end":{"line":18,"column":null}},"4":{"start":{"line":20,"column":29},"end":{"line":20,"column":null}},"5":{"start":{"line":21,"column":38},"end":{"line":21,"column":null}},"6":{"start":{"line":22,"column":26},"end":{"line":27,"column":null}},"7":{"start":{"line":29,"column":23},"end":{"line":57,"column":null}},"8":{"start":{"line":30,"column":4},"end":{"line":30,"column":null}},"9":{"start":{"line":31,"column":4},"end":{"line":31,"column":null}},"10":{"start":{"line":31,"column":68},"end":{"line":31,"column":null}},"11":{"start":{"line":32,"column":4},"end":{"line":32,"column":null}},"12":{"start":{"line":34,"column":4},"end":{"line":56,"column":null}},"13":{"start":{"line":35,"column":18},"end":{"line":46,"column":null}},"14":{"start":{"line":48,"column":6},"end":{"line":50,"column":null}},"15":{"start":{"line":49,"column":8},"end":{"line":49,"column":null}},"16":{"start":{"line":53,"column":6},"end":{"line":53,"column":null}},"17":{"start":{"line":55,"column":6},"end":{"line":55,"column":null}},"18":{"start":{"line":59,"column":2},"end":{"line":127,"column":null}},"19":{"start":{"line":77,"column":29},"end":{"line":77,"column":null}},"20":{"start":{"line":88,"column":29},"end":{"line":88,"column":null}},"21":{"start":{"line":99,"column":29},"end":{"line":99,"column":null}},"22":{"start":{"line":109,"column":29},"end":{"line":109,"column":null}}},"fnMap":{"0":{"name":"ChatContactForm","decl":{"start":{"line":15,"column":16},"end":{"line":15,"column":32}},"loc":{"start":{"line":15,"column":62},"end":{"line":129,"column":null}},"line":15},"1":{"name":"(anonymous_1)","decl":{"start":{"line":20,"column":63},"end":{"line":20,"column":92}},"loc":{"start":{"line":20,"column":92},"end":{"line":20,"column":null}},"line":20},"2":{"name":"(anonymous_2)","decl":{"start":{"line":29,"column":23},"end":{"line":29,"column":30}},"loc":{"start":{"line":29,"column":53},"end":{"line":57,"column":null}},"line":29},"3":{"name":"(anonymous_3)","decl":{"start":{"line":77,"column":12},"end":{"line":77,"column":23}},"loc":{"start":{"line":77,"column":29},"end":{"line":77,"column":null}},"line":77},"4":{"name":"(anonymous_4)","decl":{"start":{"line":88,"column":12},"end":{"line":88,"column":23}},"loc":{"start":{"line":88,"column":29},"end":{"line":88,"column":null}},"line":88},"5":{"name":"(anonymous_5)","decl":{"start":{"line":99,"column":12},"end":{"line":99,"column":23}},"loc":{"start":{"line":99,"column":29},"end":{"line":99,"column":null}},"line":99},"6":{"name":"(anonymous_6)","decl":{"start":{"line":109,"column":12},"end":{"line":109,"column":23}},"loc":{"start":{"line":109,"column":29},"end":{"line":109,"column":null}},"line":109}},"branchMap":{"0":{"loc":{"start":{"line":18,"column":25},"end":{"line":18,"column":null}},"type":"binary-expr","locations":[{"start":{"line":18,"column":25},"end":{"line":18,"column":50}},{"start":{"line":18,"column":50},"end":{"line":18,"column":73}},{"start":{"line":18,"column":73},"end":{"line":18,"column":null}}],"line":18},"1":{"loc":{"start":{"line":20,"column":29},"end":{"line":20,"column":null}},"type":"binary-expr","locations":[{"start":{"line":20,"column":29},"end":{"line":20,"column":58}},{"start":{"line":20,"column":58},"end":{"line":20,"column":92}},{"start":{"line":20,"column":63},"end":{"line":20,"column":null}}],"line":20},"2":{"loc":{"start":{"line":31,"column":4},"end":{"line":31,"column":null}},"type":"if","locations":[{"start":{"line":31,"column":4},"end":{"line":31,"column":null}},{"start":{},"end":{}}],"line":31},"3":{"loc":{"start":{"line":31,"column":8},"end":{"line":31,"column":68}},"type":"binary-expr","locations":[{"start":{"line":31,"column":8},"end":{"line":31,"column":29}},{"start":{"line":31,"column":29},"end":{"line":31,"column":51}},{"start":{"line":31,"column":51},"end":{"line":31,"column":68}}],"line":31},"4":{"loc":{"start":{"line":42,"column":17},"end":{"line":42,"column":null}},"type":"binary-expr","locations":[{"start":{"line":42,"column":17},"end":{"line":42,"column":31}},{"start":{"line":42,"column":31},"end":{"line":42,"column":null}}],"line":42},"5":{"loc":{"start":{"line":43,"column":19},"end":{"line":43,"column":null}},"type":"binary-expr","locations":[{"start":{"line":43,"column":19},"end":{"line":43,"column":35}},{"start":{"line":43,"column":35},"end":{"line":43,"column":null}}],"line":43},"6":{"loc":{"start":{"line":48,"column":6},"end":{"line":50,"column":null}},"type":"if","locations":[{"start":{"line":48,"column":6},"end":{"line":50,"column":null}},{"start":{},"end":{}}],"line":48},"7":{"loc":{"start":{"line":119,"column":11},"end":{"line":124,"column":13}},"type":"cond-expr","locations":[{"start":{"line":120,"column":12},"end":{"line":122,"column":13}},{"start":{"line":122,"column":12},"end":{"line":124,"column":13}}],"line":119}},"s":{"0":1,"1":182,"2":182,"3":182,"4":182,"5":182,"6":182,"7":182,"8":5,"9":5,"10":1,"11":4,"12":4,"13":4,"14":2,"15":1,"16":1,"17":3,"18":182,"19":48,"20":96,"21":11,"22":8},"f":{"0":182,"1":0,"2":5,"3":48,"4":96,"5":11,"6":8},"b":{"0":[182,181,25],"1":[182,181,0],"2":[1,4],"3":[5,5,5],"4":[4,4],"5":[5,4],"6":[1,1],"7":[4,178]},"meta":{"lastBranch":8,"lastFunction":7,"lastStatement":23,"seen":{"s:1:0:1:Infinity":0,"f:15:16:15:32":0,"s:16:12:16:Infinity":1,"s:17:14:17:Infinity":2,"s:18:25:18:Infinity":3,"b:18:25:18:50:18:50:18:73:18:73:18:Infinity":0,"s:20:29:20:Infinity":4,"b:20:29:20:58:20:58:20:92:20:63:20:Infinity":1,"f:20:63:20:92":1,"s:21:38:21:Infinity":5,"s:22:26:27:Infinity":6,"s:29:23:57:Infinity":7,"f:29:23:29:30":2,"s:30:4:30:Infinity":8,"b:31:4:31:Infinity:undefined:undefined:undefined:undefined":2,"s:31:4:31:Infinity":9,"b:31:8:31:29:31:29:31:51:31:51:31:68":3,"s:31:68:31:Infinity":10,"s:32:4:32:Infinity":11,"s:34:4:56:Infinity":12,"s:35:18:46:Infinity":13,"b:42:17:42:31:42:31:42:Infinity":4,"b:43:19:43:35:43:35:43:Infinity":5,"b:48:6:50:Infinity:undefined:undefined:undefined:undefined":6,"s:48:6:50:Infinity":14,"s:49:8:49:Infinity":15,"s:53:6:53:Infinity":16,"s:55:6:55:Infinity":17,"s:59:2:127:Infinity":18,"f:77:12:77:23":3,"s:77:29:77:Infinity":19,"f:88:12:88:23":4,"s:88:29:88:Infinity":20,"f:99:12:99:23":5,"s:99:29:99:Infinity":21,"f:109:12:109:23":6,"s:109:29:109:Infinity":22,"b:120:12:122:13:122:12:124:13":7},"fnNames":{}}}
,"/Users/emmett/nextjs/emmett_portofolio/src/components/chat/ChatFeedback.tsx": {"path":"/Users/emmett/nextjs/emmett_portofolio/src/components/chat/ChatFeedback.tsx","statementMap":{"0":{"start":{"line":1,"column":0},"end":{"line":1,"column":null}},"1":{"start":{"line":15,"column":12},"end":{"line":15,"column":null}},"2":{"start":{"line":16,"column":14},"end":{"line":16,"column":null}},"3":{"start":{"line":17,"column":25},"end":{"line":17,"column":null}},"4":{"start":{"line":18,"column":27},"end":{"line":18,"column":null}},"5":{"start":{"line":19,"column":36},"end":{"line":19,"column":null}},"6":{"start":{"line":20,"column":32},"end":{"line":20,"column":null}},"7":{"start":{"line":21,"column":40},"end":{"line":21,"column":null}},"8":{"start":{"line":22,"column":44},"end":{"line":22,"column":null}},"9":{"start":{"line":25,"column":25},"end":{"line":43,"column":null}},"10":{"start":{"line":26,"column":4},"end":{"line":26,"column":null}},"11":{"start":{"line":26,"column":25},"end":{"line":26,"column":null}},"12":{"start":{"line":27,"column":4},"end":{"line":42,"column":null}},"13":{"start":{"line":28,"column":6},"end":{"line":37,"column":null}},"14":{"start":{"line":38,"column":6},"end":{"line":38,"column":null}},"15":{"start":{"line":39,"column":6},"end":{"line":39,"column":null}},"16":{"start":{"line":41,"column":6},"end":{"line":41,"column":null}},"17":{"start":{"line":45,"column":8},"end":{"line":48,"column":null}},"18":{"start":{"line":46,"column":4},"end":{"line":46,"column":null}},"19":{"start":{"line":47,"column":4},"end":{"line":47,"column":null}},"20":{"start":{"line":50,"column":8},"end":{"line":54,"column":null}},"21":{"start":{"line":51,"column":4},"end":{"line":53,"column":null}},"22":{"start":{"line":52,"column":6},"end":{"line":52,"column":null}},"23":{"start":{"line":56,"column":2},"end":{"line":68,"column":null}},"24":{"start":{"line":57,"column":4},"end":{"line":66,"column":null}},"25":{"start":{"line":70,"column":2},"end":{"line":110,"column":null}},"26":{"start":{"line":81,"column":10},"end":{"line":94,"column":null}},"27":{"start":{"line":83,"column":27},"end":{"line":83,"column":null}},"28":{"start":{"line":103,"column":29},"end":{"line":103,"column":null}}},"fnMap":{"0":{"name":"ChatFeedback","decl":{"start":{"line":14,"column":16},"end":{"line":14,"column":29}},"loc":{"start":{"line":14,"column":56},"end":{"line":112,"column":null}},"line":14},"1":{"name":"(anonymous_1)","decl":{"start":{"line":18,"column":59},"end":{"line":18,"column":86}},"loc":{"start":{"line":18,"column":86},"end":{"line":18,"column":null}},"line":18},"2":{"name":"(anonymous_2)","decl":{"start":{"line":25,"column":25},"end":{"line":25,"column":32}},"loc":{"start":{"line":25,"column":50},"end":{"line":43,"column":null}},"line":25},"3":{"name":"(anonymous_3)","decl":{"start":{"line":45,"column":8},"end":{"line":45,"column":28}},"loc":{"start":{"line":45,"column":46},"end":{"line":48,"column":null}},"line":45},"4":{"name":"(anonymous_4)","decl":{"start":{"line":50,"column":8},"end":{"line":50,"column":31}},"loc":{"start":{"line":50,"column":76},"end":{"line":54,"column":null}},"line":50},"5":{"name":"(anonymous_5)","decl":{"start":{"line":80,"column":25},"end":{"line":80,"column":30}},"loc":{"start":{"line":81,"column":10},"end":{"line":94,"column":null}},"line":81},"6":{"name":"(anonymous_6)","decl":{"start":{"line":83,"column":12},"end":{"line":83,"column":27}},"loc":{"start":{"line":83,"column":27},"end":{"line":83,"column":null}},"line":83},"7":{"name":"(anonymous_7)","decl":{"start":{"line":103,"column":12},"end":{"line":103,"column":23}},"loc":{"start":{"line":103,"column":29},"end":{"line":103,"column":null}},"line":103}},"branchMap":{"0":{"loc":{"start":{"line":17,"column":25},"end":{"line":17,"column":null}},"type":"binary-expr","locations":[{"start":{"line":17,"column":25},"end":{"line":17,"column":50}},{"start":{"line":17,"column":50},"end":{"line":17,"column":73}},{"start":{"line":17,"column":73},"end":{"line":17,"column":null}}],"line":17},"1":{"loc":{"start":{"line":18,"column":27},"end":{"line":18,"column":null}},"type":"binary-expr","locations":[{"start":{"line":18,"column":27},"end":{"line":18,"column":54}},{"start":{"line":18,"column":54},"end":{"line":18,"column":86}},{"start":{"line":18,"column":59},"end":{"line":18,"column":null}}],"line":18},"2":{"loc":{"start":{"line":26,"column":4},"end":{"line":26,"column":null}},"type":"if","locations":[{"start":{"line":26,"column":4},"end":{"line":26,"column":null}},{"start":{},"end":{}}],"line":26},"3":{"loc":{"start":{"line":34,"column":19},"end":{"line":34,"column":null}},"type":"binary-expr","locations":[{"start":{"line":34,"column":19},"end":{"line":34,"column":30}},{"start":{"line":34,"column":30},"end":{"line":34,"column":null}}],"line":34},"4":{"loc":{"start":{"line":35,"column":20},"end":{"line":35,"column":null}},"type":"cond-expr","locations":[{"start":{"line":35,"column":33},"end":{"line":35,"column":46}},{"start":{"line":35,"column":46},"end":{"line":35,"column":null}}],"line":35},"5":{"loc":{"start":{"line":35,"column":46},"end":{"line":35,"column":null}},"type":"cond-expr","locations":[{"start":{"line":35,"column":59},"end":{"line":35,"column":72}},{"start":{"line":35,"column":72},"end":{"line":35,"column":null}}],"line":35},"6":{"loc":{"start":{"line":51,"column":4},"end":{"line":53,"column":null}},"type":"if","locations":[{"start":{"line":51,"column":4},"end":{"line":53,"column":null}},{"start":{},"end":{}}],"line":51},"7":{"loc":{"start":{"line":51,"column":8},"end":{"line":51,"column":53}},"type":"binary-expr","locations":[{"start":{"line":51,"column":8},"end":{"line":51,"column":29}},{"start":{"line":51,"column":29},"end":{"line":51,"column":53}}],"line":51},"8":{"loc":{"start":{"line":56,"column":2},"end":{"line":68,"column":null}},"type":"if","locations":[{"start":{"line":56,"column":2},"end":{"line":68,"column":null}},{"start":{},"end":{}}],"line":56},"9":{"loc":{"start":{"line":86,"column":14},"end":{"line":90,"column":null}},"type":"cond-expr","locations":[{"start":{"line":87,"column":18},"end":{"line":87,"column":null}},{"start":{"line":88,"column":18},"end":{"line":90,"column":null}}],"line":86},"10":{"loc":{"start":{"line":88,"column":18},"end":{"line":90,"column":null}},"type":"cond-expr","locations":[{"start":{"line":89,"column":20},"end":{"line":89,"column":null}},{"start":{"line":90,"column":20},"end":{"line":90,"column":null}}],"line":88},"11":{"loc":{"start":{"line":98,"column":7},"end":{"line":108,"column":null}},"type":"binary-expr","locations":[{"start":{"line":98,"column":7},"end":{"line":98,"column":null}},{"start":{"line":99,"column":8},"end":{"line":108,"column":null}}],"line":98}},"s":{"0":1,"1":34,"2":34,"3":34,"4":34,"5":34,"6":34,"7":34,"8":34,"9":34,"10":8,"11":1,"12":7,"13":7,"14":6,"15":6,"16":1,"17":34,"18":9,"19":9,"20":34,"21":13,"22":8,"23":34,"24":6,"25":28,"26":140,"27":9,"28":5},"f":{"0":34,"1":5,"2":8,"3":9,"4":13,"5":140,"6":9,"7":5},"b":{"0":[34,3,2],"1":[34,25,5],"2":[1,7],"3":[7,6],"4":[3,4],"5":[2,2],"6":[8,5],"7":[13,8],"8":[6,28],"9":[56,84],"10":[28,56],"11":[28,14]},"meta":{"lastBranch":12,"lastFunction":8,"lastStatement":29,"seen":{"s:1:0:1:Infinity":0,"f:14:16:14:29":0,"s:15:12:15:Infinity":1,"s:16:14:16:Infinity":2,"s:17:25:17:Infinity":3,"b:17:25:17:50:17:50:17:73:17:73:17:Infinity":0,"s:18:27:18:Infinity":4,"b:18:27:18:54:18:54:18:86:18:59:18:Infinity":1,"f:18:59:18:86":1,"s:19:36:19:Infinity":5,"s:20:32:20:Infinity":6,"s:21:40:21:Infinity":7,"s:22:44:22:Infinity":8,"s:25:25:43:Infinity":9,"f:25:25:25:32":2,"b:26:4:26:Infinity:undefined:undefined:undefined:undefined":2,"s:26:4:26:Infinity":10,"s:26:25:26:Infinity":11,"s:27:4:42:Infinity":12,"s:28:6:37:Infinity":13,"b:34:19:34:30:34:30:34:Infinity":3,"b:35:33:35:46:35:46:35:Infinity":4,"b:35:59:35:72:35:72:35:Infinity":5,"s:38:6:38:Infinity":14,"s:39:6:39:Infinity":15,"s:41:6:41:Infinity":16,"s:45:8:48:Infinity":17,"f:45:8:45:28":3,"s:46:4:46:Infinity":18,"s:47:4:47:Infinity":19,"s:50:8:54:Infinity":20,"f:50:8:50:31":4,"b:51:4:53:Infinity:undefined:undefined:undefined:undefined":6,"s:51:4:53:Infinity":21,"b:51:8:51:29:51:29:51:53":7,"s:52:6:52:Infinity":22,"b:56:2:68:Infinity:undefined:undefined:undefined:undefined":8,"s:56:2:68:Infinity":23,"s:57:4:66:Infinity":24,"s:70:2:110:Infinity":25,"f:80:25:80:30":5,"s:81:10:94:Infinity":26,"f:83:12:83:27":6,"s:83:27:83:Infinity":27,"b:87:18:87:Infinity:88:18:90:Infinity":9,"b:89:20:89:Infinity:90:20:90:Infinity":10,"b:98:7:98:Infinity:99:8:108:Infinity":11,"f:103:12:103:23":7,"s:103:29:103:Infinity":28},"fnNames":{}}}
,"/Users/emmett/nextjs/emmett_portofolio/src/components/chat/ChatMessage.tsx": {"path":"/Users/emmett/nextjs/emmett_portofolio/src/components/chat/ChatMessage.tsx","statementMap":{"0":{"start":{"line":1,"column":0},"end":{"line":1,"column":null}},"1":{"start":{"line":14,"column":15},"end":{"line":14,"column":null}},"2":{"start":{"line":15,"column":2},"end":{"line":15,"column":null}},"3":{"start":{"line":19,"column":15},"end":{"line":19,"column":null}},"4":{"start":{"line":20,"column":14},"end":{"line":20,"column":null}},"5":{"start":{"line":21,"column":18},"end":{"line":21,"column":null}},"6":{"start":{"line":22,"column":2},"end":{"line":22,"column":null}},"7":{"start":{"line":22,"column":15},"end":{"line":22,"column":null}},"8":{"start":{"line":23,"column":2},"end":{"line":23,"column":null}},"9":{"start":{"line":27,"column":12},"end":{"line":27,"column":null}},"10":{"start":{"line":28,"column":30},"end":{"line":28,"column":null}},"11":{"start":{"line":29,"column":16},"end":{"line":29,"column":null}},"12":{"start":{"line":30,"column":19},"end":{"line":30,"column":null}},"13":{"start":{"line":31,"column":21},"end":{"line":31,"column":null}},"14":{"start":{"line":33,"column":21},"end":{"line":37,"column":null}},"15":{"start":{"line":34,"column":4},"end":{"line":34,"column":null}},"16":{"start":{"line":35,"column":4},"end":{"line":35,"column":null}},"17":{"start":{"line":36,"column":4},"end":{"line":36,"column":null}},"18":{"start":{"line":36,"column":21},"end":{"line":36,"column":39}},"19":{"start":{"line":39,"column":2},"end":{"line":61,"column":null}},"20":{"start":{"line":40,"column":4},"end":{"line":59,"column":null}},"21":{"start":{"line":63,"column":2},"end":{"line":66,"column":null}},"22":{"start":{"line":71,"column":12},"end":{"line":71,"column":null}},"23":{"start":{"line":72,"column":17},"end":{"line":72,"column":null}},"24":{"start":{"line":73,"column":18},"end":{"line":73,"column":null}},"25":{"start":{"line":75,"column":2},"end":{"line":182,"column":null}},"26":{"start":{"line":97,"column":18},"end":{"line":100,"column":null}},"27":{"start":{"line":103,"column":18},"end":{"line":107,"column":null}},"28":{"start":{"line":110,"column":18},"end":{"line":112,"column":null}},"29":{"start":{"line":115,"column":18},"end":{"line":117,"column":null}},"30":{"start":{"line":120,"column":18},"end":{"line":122,"column":null}},"31":{"start":{"line":125,"column":18},"end":{"line":125,"column":null}},"32":{"start":{"line":128,"column":18},"end":{"line":128,"column":null}},"33":{"start":{"line":131,"column":18},"end":{"line":131,"column":null}},"34":{"start":{"line":134,"column":18},"end":{"line":134,"column":null}},"35":{"start":{"line":137,"column":18},"end":{"line":137,"column":null}},"36":{"start":{"line":140,"column":18},"end":{"line":140,"column":null}},"37":{"start":{"line":142,"column":26},"end":{"line":142,"column":null}},"38":{"start":{"line":144,"column":18},"end":{"line":147,"column":null}}},"fnMap":{"0":{"name":"formatTime","decl":{"start":{"line":13,"column":9},"end":{"line":13,"column":20}},"loc":{"start":{"line":13,"column":47},"end":{"line":16,"column":null}},"line":13},"1":{"name":"formatDate","decl":{"start":{"line":18,"column":9},"end":{"line":18,"column":20}},"loc":{"start":{"line":18,"column":47},"end":{"line":24,"column":null}},"line":18},"2":{"name":"CodeBlock","decl":{"start":{"line":26,"column":9},"end":{"line":26,"column":19}},"loc":{"start":{"line":26,"column":94},"end":{"line":68,"column":null}},"line":26},"3":{"name":"(anonymous_3)","decl":{"start":{"line":33,"column":21},"end":{"line":33,"column":33}},"loc":{"start":{"line":33,"column":33},"end":{"line":37,"column":null}},"line":33},"4":{"name":"(anonymous_4)","decl":{"start":{"line":36,"column":4},"end":{"line":36,"column":21}},"loc":{"start":{"line":36,"column":21},"end":{"line":36,"column":39}},"line":36},"5":{"name":"ChatMessage","decl":{"start":{"line":70,"column":16},"end":{"line":70,"column":28}},"loc":{"start":{"line":70,"column":71},"end":{"line":184,"column":null}},"line":70},"6":{"name":"(anonymous_6)","decl":{"start":{"line":96,"column":16},"end":{"line":96,"column":20}},"loc":{"start":{"line":97,"column":18},"end":{"line":100,"column":null}},"line":97},"7":{"name":"(anonymous_7)","decl":{"start":{"line":102,"column":16},"end":{"line":102,"column":24}},"loc":{"start":{"line":103,"column":18},"end":{"line":107,"column":null}},"line":103},"8":{"name":"(anonymous_8)","decl":{"start":{"line":109,"column":16},"end":{"line":109,"column":21}},"loc":{"start":{"line":110,"column":18},"end":{"line":112,"column":null}},"line":110},"9":{"name":"(anonymous_9)","decl":{"start":{"line":114,"column":16},"end":{"line":114,"column":21}},"loc":{"start":{"line":115,"column":18},"end":{"line":117,"column":null}},"line":115},"10":{"name":"(anonymous_10)","decl":{"start":{"line":119,"column":16},"end":{"line":119,"column":29}},"loc":{"start":{"line":120,"column":18},"end":{"line":122,"column":null}},"line":120},"11":{"name":"(anonymous_11)","decl":{"start":{"line":124,"column":16},"end":{"line":124,"column":21}},"loc":{"start":{"line":125,"column":18},"end":{"line":125,"column":null}},"line":125},"12":{"name":"(anonymous_12)","decl":{"start":{"line":127,"column":16},"end":{"line":127,"column":21}},"loc":{"start":{"line":128,"column":18},"end":{"line":128,"column":null}},"line":128},"13":{"name":"(anonymous_13)","decl":{"start":{"line":130,"column":16},"end":{"line":130,"column":21}},"loc":{"start":{"line":131,"column":18},"end":{"line":131,"column":null}},"line":131},"14":{"name":"(anonymous_14)","decl":{"start":{"line":133,"column":16},"end":{"line":133,"column":21}},"loc":{"start":{"line":134,"column":18},"end":{"line":134,"column":null}},"line":134},"15":{"name":"(anonymous_15)","decl":{"start":{"line":136,"column":16},"end":{"line":136,"column":21}},"loc":{"start":{"line":137,"column":18},"end":{"line":137,"column":null}},"line":137},"16":{"name":"(anonymous_16)","decl":{"start":{"line":139,"column":16},"end":{"line":139,"column":21}},"loc":{"start":{"line":140,"column":18},"end":{"line":140,"column":null}},"line":140},"17":{"name":"(anonymous_17)","decl":{"start":{"line":142,"column":16},"end":{"line":142,"column":26}},"loc":{"start":{"line":142,"column":26},"end":{"line":142,"column":null}},"line":142},"18":{"name":"(anonymous_18)","decl":{"start":{"line":143,"column":16},"end":{"line":143,"column":24}},"loc":{"start":{"line":144,"column":18},"end":{"line":147,"column":null}},"line":144}},"branchMap":{"0":{"loc":{"start":{"line":22,"column":2},"end":{"line":22,"column":null}},"type":"if","locations":[{"start":{"line":22,"column":2},"end":{"line":22,"column":null}},{"start":{},"end":{}}],"line":22},"1":{"loc":{"start":{"line":29,"column":38},"end":{"line":29,"column":53}},"type":"binary-expr","locations":[{"start":{"line":29,"column":38},"end":{"line":29,"column":51}},{"start":{"line":29,"column":51},"end":{"line":29,"column":53}}],"line":29},"2":{"loc":{"start":{"line":30,"column":19},"end":{"line":30,"column":null}},"type":"cond-expr","locations":[{"start":{"line":30,"column":27},"end":{"line":30,"column":38}},{"start":{"line":30,"column":38},"end":{"line":30,"column":null}}],"line":30},"3":{"loc":{"start":{"line":39,"column":2},"end":{"line":61,"column":null}},"type":"if","locations":[{"start":{"line":39,"column":2},"end":{"line":61,"column":null}},{"start":{},"end":{}}],"line":39},"4":{"loc":{"start":{"line":47,"column":13},"end":{"line":50,"column":null}},"type":"cond-expr","locations":[{"start":{"line":48,"column":14},"end":{"line":50,"column":16}},{"start":{"line":50,"column":14},"end":{"line":50,"column":null}}],"line":47},"5":{"loc":{"start":{"line":80,"column":46},"end":{"line":80,"column":74}},"type":"binary-expr","locations":[{"start":{"line":80,"column":46},"end":{"line":80,"column":56}},{"start":{"line":80,"column":56},"end":{"line":80,"column":74}}],"line":80},"6":{"loc":{"start":{"line":82,"column":82},"end":{"line":82,"column":148}},"type":"cond-expr","locations":[{"start":{"line":82,"column":91},"end":{"line":82,"column":118}},{"start":{"line":82,"column":118},"end":{"line":82,"column":148}}],"line":82},"7":{"loc":{"start":{"line":83,"column":9},"end":{"line":83,"column":null}},"type":"cond-expr","locations":[{"start":{"line":83,"column":18},"end":{"line":83,"column":50}},{"start":{"line":83,"column":49},"end":{"line":83,"column":null}}],"line":83},"8":{"loc":{"start":{"line":86,"column":76},"end":{"line":86,"column":216}},"type":"cond-expr","locations":[{"start":{"line":86,"column":85},"end":{"line":86,"column":112}},{"start":{"line":86,"column":112},"end":{"line":86,"column":216}}],"line":86},"9":{"loc":{"start":{"line":86,"column":112},"end":{"line":86,"column":216}},"type":"cond-expr","locations":[{"start":{"line":86,"column":122},"end":{"line":86,"column":186}},{"start":{"line":86,"column":186},"end":{"line":86,"column":216}}],"line":86},"10":{"loc":{"start":{"line":87,"column":9},"end":{"line":154,"column":null}},"type":"cond-expr","locations":[{"start":{"line":88,"column":10},"end":{"line":90,"column":11}},{"start":{"line":90,"column":10},"end":{"line":154,"column":null}}],"line":87},"11":{"loc":{"start":{"line":144,"column":18},"end":{"line":147,"column":null}},"type":"cond-expr","locations":[{"start":{"line":145,"column":20},"end":{"line":147,"column":21}},{"start":{"line":147,"column":20},"end":{"line":147,"column":null}}],"line":144},"12":{"loc":{"start":{"line":158,"column":54},"end":{"line":158,"column":96}},"type":"cond-expr","locations":[{"start":{"line":158,"column":63},"end":{"line":158,"column":81}},{"start":{"line":158,"column":81},"end":{"line":158,"column":96}}],"line":158},"13":{"loc":{"start":{"line":163,"column":9},"end":{"line":167,"column":null}},"type":"binary-expr","locations":[{"start":{"line":163,"column":9},"end":{"line":163,"column":null}},{"start":{"line":164,"column":10},"end":{"line":167,"column":null}}],"line":163},"14":{"loc":{"start":{"line":170,"column":9},"end":{"line":179,"column":null}},"type":"binary-expr","locations":[{"start":{"line":170,"column":9},"end":{"line":170,"column":null}},{"start":{"line":171,"column":10},"end":{"line":179,"column":null}}],"line":170}},"s":{"0":1,"1":18,"2":18,"3":18,"4":18,"5":18,"6":18,"7":17,"8":1,"9":6,"10":6,"11":6,"12":6,"13":6,"14":6,"15":2,"16":2,"17":2,"18":2,"19":6,"20":5,"21":1,"22":18,"23":18,"24":18,"25":18,"26":1,"27":1,"28":2,"29":2,"30":1,"31":2,"32":1,"33":6,"34":1,"35":1,"36":1,"37":1,"38":2},"f":{"0":18,"1":18,"2":6,"3":2,"4":2,"5":18,"6":1,"7":1,"8":2,"9":2,"10":1,"11":2,"12":1,"13":6,"14":1,"15":1,"16":1,"17":1,"18":2},"b":{"0":[17,1],"1":[6,1],"2":[5,1],"3":[5,1],"4":[2,3],"5":[18,1],"6":[1,17],"7":[1,17],"8":[1,17],"9":[1,16],"10":[1,17],"11":[2,0],"12":[1,17],"13":[18,1],"14":[18,1]},"meta":{"lastBranch":15,"lastFunction":19,"lastStatement":39,"seen":{"s:1:0:1:Infinity":0,"f:13:9:13:20":0,"s:14:15:14:Infinity":1,"s:15:2:15:Infinity":2,"f:18:9:18:20":1,"s:19:15:19:Infinity":3,"s:20:14:20:Infinity":4,"s:21:18:21:Infinity":5,"b:22:2:22:Infinity:undefined:undefined:undefined:undefined":0,"s:22:2:22:Infinity":6,"s:22:15:22:Infinity":7,"s:23:2:23:Infinity":8,"f:26:9:26:19":2,"s:27:12:27:Infinity":9,"s:28:30:28:Infinity":10,"s:29:16:29:Infinity":11,"b:29:38:29:51:29:51:29:53":1,"s:30:19:30:Infinity":12,"b:30:27:30:38:30:38:30:Infinity":2,"s:31:21:31:Infinity":13,"s:33:21:37:Infinity":14,"f:33:21:33:33":3,"s:34:4:34:Infinity":15,"s:35:4:35:Infinity":16,"s:36:4:36:Infinity":17,"f:36:4:36:21":4,"s:36:21:36:39":18,"b:39:2:61:Infinity:undefined:undefined:undefined:undefined":3,"s:39:2:61:Infinity":19,"s:40:4:59:Infinity":20,"b:48:14:50:16:50:14:50:Infinity":4,"s:63:2:66:Infinity":21,"f:70:16:70:28":5,"s:71:12:71:Infinity":22,"s:72:17:72:Infinity":23,"s:73:18:73:Infinity":24,"s:75:2:182:Infinity":25,"b:80:46:80:56:80:56:80:74":5,"b:82:91:82:118:82:118:82:148":6,"b:83:18:83:50:83:49:83:Infinity":7,"b:86:85:86:112:86:112:86:216":8,"b:86:122:86:186:86:186:86:216":9,"b:88:10:90:11:90:10:154:Infinity":10,"f:96:16:96:20":6,"s:97:18:100:Infinity":26,"f:102:16:102:24":7,"s:103:18:107:Infinity":27,"f:109:16:109:21":8,"s:110:18:112:Infinity":28,"f:114:16:114:21":9,"s:115:18:117:Infinity":29,"f:119:16:119:29":10,"s:120:18:122:Infinity":30,"f:124:16:124:21":11,"s:125:18:125:Infinity":31,"f:127:16:127:21":12,"s:128:18:128:Infinity":32,"f:130:16:130:21":13,"s:131:18:131:Infinity":33,"f:133:16:133:21":14,"s:134:18:134:Infinity":34,"f:136:16:136:21":15,"s:137:18:137:Infinity":35,"f:139:16:139:21":16,"s:140:18:140:Infinity":36,"f:142:16:142:26":17,"s:142:26:142:Infinity":37,"f:143:16:143:24":18,"s:144:18:147:Infinity":38,"b:145:20:147:21:147:20:147:Infinity":11,"b:158:63:158:81:158:81:158:96":12,"b:163:9:163:Infinity:164:10:167:Infinity":13,"b:170:9:170:Infinity:171:10:179:Infinity":14},"fnNames":{}}}
,"/Users/emmett/nextjs/emmett_portofolio/src/components/chat/ChatProvider.tsx": {"path":"/Users/emmett/nextjs/emmett_portofolio/src/components/chat/ChatProvider.tsx","statementMap":{"0":{"start":{"line":1,"column":0},"end":{"line":1,"column":null}},"1":{"start":{"line":40,"column":20},"end":{"line":40,"column":null}},"2":{"start":{"line":44,"column":18},"end":{"line":44,"column":null}},"3":{"start":{"line":45,"column":2},"end":{"line":45,"column":null}},"4":{"start":{"line":45,"column":16},"end":{"line":45,"column":null}},"5":{"start":{"line":46,"column":2},"end":{"line":46,"column":null}},"6":{"start":{"line":49,"column":17},"end":{"line":49,"column":null}},"7":{"start":{"line":51,"column":21},"end":{"line":55,"column":null}},"8":{"start":{"line":58,"column":2},"end":{"line":58,"column":null}},"9":{"start":{"line":62,"column":2},"end":{"line":62,"column":null}},"10":{"start":{"line":62,"column":37},"end":{"line":62,"column":null}},"11":{"start":{"line":63,"column":2},"end":{"line":68,"column":null}},"12":{"start":{"line":64,"column":16},"end":{"line":64,"column":null}},"13":{"start":{"line":65,"column":4},"end":{"line":65,"column":null}},"14":{"start":{"line":67,"column":4},"end":{"line":67,"column":null}},"15":{"start":{"line":72,"column":2},"end":{"line":72,"column":null}},"16":{"start":{"line":72,"column":37},"end":{"line":72,"column":null}},"17":{"start":{"line":73,"column":2},"end":{"line":77,"column":null}},"18":{"start":{"line":74,"column":4},"end":{"line":74,"column":null}},"19":{"start":{"line":81,"column":30},"end":{"line":81,"column":null}},"20":{"start":{"line":82,"column":42},"end":{"line":82,"column":null}},"21":{"start":{"line":83,"column":34},"end":{"line":85,"column":null}},"22":{"start":{"line":84,"column":4},"end":{"line":84,"column":null}},"23":{"start":{"line":86,"column":46},"end":{"line":88,"column":null}},"24":{"start":{"line":87,"column":4},"end":{"line":87,"column":null}},"25":{"start":{"line":89,"column":34},"end":{"line":89,"column":null}},"26":{"start":{"line":90,"column":40},"end":{"line":90,"column":null}},"27":{"start":{"line":91,"column":48},"end":{"line":91,"column":null}},"28":{"start":{"line":92,"column":44},"end":{"line":92,"column":null}},"29":{"start":{"line":93,"column":50},"end":{"line":93,"column":null}},"30":{"start":{"line":94,"column":40},"end":{"line":94,"column":null}},"31":{"start":{"line":95,"column":50},"end":{"line":95,"column":null}},"32":{"start":{"line":100,"column":22},"end":{"line":106,"column":null}},"33":{"start":{"line":101,"column":19},"end":{"line":101,"column":null}},"34":{"start":{"line":102,"column":4},"end":{"line":102,"column":null}},"35":{"start":{"line":102,"column":16},"end":{"line":102,"column":null}},"36":{"start":{"line":103,"column":15},"end":{"line":103,"column":null}},"37":{"start":{"line":104,"column":4},"end":{"line":104,"column":null}},"38":{"start":{"line":105,"column":4},"end":{"line":105,"column":null}},"39":{"start":{"line":109,"column":50},"end":{"line":109,"column":null}},"40":{"start":{"line":112,"column":2},"end":{"line":122,"column":null}},"41":{"start":{"line":113,"column":18},"end":{"line":120,"column":null}},"42":{"start":{"line":114,"column":6},"end":{"line":119,"column":null}},"43":{"start":{"line":115,"column":8},"end":{"line":115,"column":null}},"44":{"start":{"line":117,"column":8},"end":{"line":117,"column":null}},"45":{"start":{"line":118,"column":8},"end":{"line":118,"column":null}},"46":{"start":{"line":121,"column":4},"end":{"line":121,"column":null}},"47":{"start":{"line":121,"column":17},"end":{"line":121,"column":null}},"48":{"start":{"line":125,"column":2},"end":{"line":131,"column":null}},"49":{"start":{"line":126,"column":4},"end":{"line":130,"column":null}},"50":{"start":{"line":127,"column":6},"end":{"line":127,"column":null}},"51":{"start":{"line":129,"column":6},"end":{"line":129,"column":null}},"52":{"start":{"line":134,"column":2},"end":{"line":151,"column":null}},"53":{"start":{"line":135,"column":4},"end":{"line":150,"column":null}},"54":{"start":{"line":136,"column":6},"end":{"line":149,"column":null}},"55":{"start":{"line":138,"column":10},"end":{"line":138,"column":null}},"56":{"start":{"line":138,"column":23},"end":{"line":138,"column":null}},"57":{"start":{"line":139,"column":10},"end":{"line":139,"column":null}},"58":{"start":{"line":142,"column":10},"end":{"line":145,"column":null}},"59":{"start":{"line":143,"column":12},"end":{"line":143,"column":null}},"60":{"start":{"line":144,"column":12},"end":{"line":144,"column":null}},"61":{"start":{"line":153,"column":15},"end":{"line":156,"column":null}},"62":{"start":{"line":154,"column":4},"end":{"line":154,"column":null}},"63":{"start":{"line":155,"column":4},"end":{"line":155,"column":null}},"64":{"start":{"line":158,"column":16},"end":{"line":169,"column":null}},"65":{"start":{"line":159,"column":4},"end":{"line":159,"column":null}},"66":{"start":{"line":160,"column":4},"end":{"line":160,"column":null}},"67":{"start":{"line":161,"column":4},"end":{"line":161,"column":null}},"68":{"start":{"line":162,"column":4},"end":{"line":162,"column":null}},"69":{"start":{"line":163,"column":4},"end":{"line":163,"column":null}},"70":{"start":{"line":164,"column":4},"end":{"line":164,"column":null}},"71":{"start":{"line":165,"column":4},"end":{"line":165,"column":null}},"72":{"start":{"line":166,"column":4},"end":{"line":166,"column":null}},"73":{"start":{"line":167,"column":4},"end":{"line":167,"column":null}},"74":{"start":{"line":168,"column":4},"end":{"line":168,"column":null}},"75":{"start":{"line":171,"column":17},"end":{"line":179,"column":null}},"76":{"start":{"line":172,"column":4},"end":{"line":175,"column":null}},"77":{"start":{"line":173,"column":6},"end":{"line":173,"column":null}},"78":{"start":{"line":173,"column":17},"end":{"line":173,"column":null}},"79":{"start":{"line":174,"column":6},"end":{"line":174,"column":null}},"80":{"start":{"line":177,"column":4},"end":{"line":177,"column":null}},"81":{"start":{"line":178,"column":4},"end":{"line":178,"column":null}},"82":{"start":{"line":181,"column":24},"end":{"line":181,"column":null}},"83":{"start":{"line":181,"column":55},"end":{"line":181,"column":78}},"84":{"start":{"line":183,"column":32},"end":{"line":183,"column":null}},"85":{"start":{"line":183,"column":50},"end":{"line":183,"column":77}},"86":{"start":{"line":185,"column":24},"end":{"line":195,"column":null}},"87":{"start":{"line":186,"column":4},"end":{"line":186,"column":null}},"88":{"start":{"line":187,"column":4},"end":{"line":187,"column":null}},"89":{"start":{"line":188,"column":4},"end":{"line":188,"column":null}},"90":{"start":{"line":189,"column":4},"end":{"line":189,"column":null}},"91":{"start":{"line":190,"column":4},"end":{"line":190,"column":null}},"92":{"start":{"line":191,"column":4},"end":{"line":191,"column":null}},"93":{"start":{"line":192,"column":4},"end":{"line":192,"column":null}},"94":{"start":{"line":193,"column":4},"end":{"line":193,"column":null}},"95":{"start":{"line":194,"column":4},"end":{"line":194,"column":null}},"96":{"start":{"line":197,"column":22},"end":{"line":355,"column":null}},"97":{"start":{"line":198,"column":4},"end":{"line":198,"column":null}},"98":{"start":{"line":198,"column":25},"end":{"line":198,"column":null}},"99":{"start":{"line":201,"column":4},"end":{"line":201,"column":null}},"100":{"start":{"line":203,"column":37},"end":{"line":210,"column":null}},"101":{"start":{"line":212,"column":4},"end":{"line":212,"column":null}},"102":{"start":{"line":212,"column":26},"end":{"line":212,"column":44}},"103":{"start":{"line":213,"column":4},"end":{"line":213,"column":null}},"104":{"start":{"line":215,"column":4},"end":{"line":354,"column":null}},"105":{"start":{"line":216,"column":22},"end":{"line":216,"column":null}},"106":{"start":{"line":216,"column":43},"end":{"line":216,"column":80}},"107":{"start":{"line":217,"column":6},"end":{"line":217,"column":null}},"108":{"start":{"line":219,"column":23},"end":{"line":228,"column":null}},"109":{"start":{"line":230,"column":6},"end":{"line":245,"column":null}},"110":{"start":{"line":231,"column":8},"end":{"line":233,"column":null}},"111":{"start":{"line":232,"column":10},"end":{"line":232,"column":null}},"112":{"start":{"line":234,"column":27},"end":{"line":234,"column":null}},"113":{"start":{"line":235,"column":8},"end":{"line":243,"column":null}},"114":{"start":{"line":236,"column":22},"end":{"line":236,"column":null}},"115":{"start":{"line":237,"column":10},"end":{"line":237,"column":null}},"116":{"start":{"line":239,"column":10},"end":{"line":242,"column":null}},"117":{"start":{"line":240,"column":25},"end":{"line":240,"column":null}},"118":{"start":{"line":241,"column":12},"end":{"line":241,"column":null}},"119":{"start":{"line":241,"column":22},"end":{"line":241,"column":null}},"120":{"start":{"line":244,"column":8},"end":{"line":244,"column":null}},"121":{"start":{"line":247,"column":26},"end":{"line":247,"column":null}},"122":{"start":{"line":249,"column":6},"end":{"line":340,"column":null}},"123":{"start":{"line":250,"column":23},"end":{"line":250,"column":null}},"124":{"start":{"line":251,"column":8},"end":{"line":251,"column":null}},"125":{"start":{"line":251,"column":21},"end":{"line":251,"column":null}},"126":{"start":{"line":253,"column":28},"end":{"line":253,"column":null}},"127":{"start":{"line":254,"column":26},"end":{"line":254,"column":null}},"128":{"start":{"line":255,"column":24},"end":{"line":255,"column":null}},"129":{"start":{"line":257,"column":8},"end":{"line":267,"column":null}},"130":{"start":{"line":257,"column":30},"end":{"line":267,"column":9}},"131":{"start":{"line":269,"column":24},"end":{"line":269,"column":null}},"132":{"start":{"line":270,"column":21},"end":{"line":270,"column":null}},"133":{"start":{"line":272,"column":8},"end":{"line":316,"column":null}},"134":{"start":{"line":273,"column":34},"end":{"line":273,"column":null}},"135":{"start":{"line":274,"column":10},"end":{"line":274,"column":null}},"136":{"start":{"line":274,"column":20},"end":{"line":274,"column":null}},"137":{"start":{"line":276,"column":10},"end":{"line":276,"column":null}},"138":{"start":{"line":277,"column":24},"end":{"line":277,"column":null}},"139":{"start":{"line":278,"column":10},"end":{"line":278,"column":null}},"140":{"start":{"line":280,"column":10},"end":{"line":315,"column":null}},"141":{"start":{"line":281,"column":12},"end":{"line":281,"column":null}},"142":{"start":{"line":281,"column":44},"end":{"line":281,"column":null}},"143":{"start":{"line":284,"column":12},"end":{"line":284,"column":null}},"144":{"start":{"line":284,"column":18},"end":{"line":284,"column":52}},"145":{"start":{"line":284,"column":62},"end":{"line":284,"column":72}},"146":{"start":{"line":286,"column":12},"end":{"line":314,"column":null}},"147":{"start":{"line":287,"column":14},"end":{"line":287,"column":null}},"148":{"start":{"line":288,"column":14},"end":{"line":288,"column":null}},"149":{"start":{"line":289,"column":14},"end":{"line":289,"column":null}},"150":{"start":{"line":290,"column":14},"end":{"line":296,"column":null}},"151":{"start":{"line":291,"column":16},"end":{"line":295,"column":null}},"152":{"start":{"line":292,"column":18},"end":{"line":294,"column":null}},"153":{"start":{"line":293,"column":20},"end":{"line":293,"column":null}},"154":{"start":{"line":297,"column":14},"end":{"line":299,"column":null}},"155":{"start":{"line":298,"column":16},"end":{"line":298,"column":null}},"156":{"start":{"line":300,"column":19},"end":{"line":314,"column":null}},"157":{"start":{"line":301,"column":14},"end":{"line":301,"column":null}},"158":{"start":{"line":302,"column":19},"end":{"line":314,"column":null}},"159":{"start":{"line":303,"column":14},"end":{"line":303,"column":null}},"160":{"start":{"line":304,"column":14},"end":{"line":308,"column":null}},"161":{"start":{"line":305,"column":16},"end":{"line":307,"column":null}},"162":{"start":{"line":306,"column":18},"end":{"line":306,"column":null}},"163":{"start":{"line":309,"column":19},"end":{"line":314,"column":null}},"164":{"start":{"line":310,"column":14},"end":{"line":310,"column":null}},"165":{"start":{"line":311,"column":14},"end":{"line":313,"column":null}},"166":{"start":{"line":312,"column":16},"end":{"line":312,"column":null}},"167":{"start":{"line":312,"column":33},"end":{"line":312,"column":91}},"168":{"start":{"line":318,"column":21},"end":{"line":318,"column":null}},"169":{"start":{"line":320,"column":8},"end":{"line":320,"column":null}},"170":{"start":{"line":321,"column":8},"end":{"line":321,"column":null}},"171":{"start":{"line":323,"column":46},"end":{"line":330,"column":null}},"172":{"start":{"line":332,"column":8},"end":{"line":332,"column":null}},"173":{"start":{"line":332,"column":30},"end":{"line":332,"column":53}},"174":{"start":{"line":334,"column":8},"end":{"line":336,"column":null}},"175":{"start":{"line":335,"column":10},"end":{"line":335,"column":null}},"176":{"start":{"line":337,"column":8},"end":{"line":339,"column":null}},"177":{"start":{"line":338,"column":10},"end":{"line":338,"column":null}},"178":{"start":{"line":342,"column":6},"end":{"line":342,"column":null}},"179":{"start":{"line":343,"column":40},"end":{"line":350,"column":null}},"180":{"start":{"line":351,"column":6},"end":{"line":351,"column":null}},"181":{"start":{"line":351,"column":28},"end":{"line":351,"column":47}},"182":{"start":{"line":353,"column":6},"end":{"line":353,"column":null}},"183":{"start":{"line":357,"column":2},"end":{"line":386,"column":null}}},"fnMap":{"0":{"name":"useChat","decl":{"start":{"line":43,"column":16},"end":{"line":43,"column":26}},"loc":{"start":{"line":43,"column":26},"end":{"line":47,"column":null}},"line":43},"1":{"name":"generateVisitorId","decl":{"start":{"line":57,"column":9},"end":{"line":57,"column":37}},"loc":{"start":{"line":57,"column":37},"end":{"line":59,"column":null}},"line":57},"2":{"name":"loadFromStorage","decl":{"start":{"line":61,"column":9},"end":{"line":61,"column":28}},"loc":{"start":{"line":61,"column":57},"end":{"line":69,"column":null}},"line":61},"3":{"name":"saveToStorage","decl":{"start":{"line":71,"column":9},"end":{"line":71,"column":23}},"loc":{"start":{"line":71,"column":52},"end":{"line":78,"column":null}},"line":71},"4":{"name":"ChatProvider","decl":{"start":{"line":80,"column":16},"end":{"line":80,"column":29}},"loc":{"start":{"line":80,"column":68},"end":{"line":388,"column":null}},"line":80},"5":{"name":"(anonymous_5)","decl":{"start":{"line":83,"column":34},"end":{"line":83,"column":null}},"loc":{"start":{"line":84,"column":4},"end":{"line":84,"column":null}},"line":84},"6":{"name":"(anonymous_6)","decl":{"start":{"line":86,"column":46},"end":{"line":86,"column":null}},"loc":{"start":{"line":87,"column":4},"end":{"line":87,"column":null}},"line":87},"7":{"name":"(anonymous_7)","decl":{"start":{"line":100,"column":22},"end":{"line":100,"column":45}},"loc":{"start":{"line":100,"column":45},"end":{"line":106,"column":3}},"line":100},"8":{"name":"(anonymous_8)","decl":{"start":{"line":112,"column":2},"end":{"line":112,"column":18}},"loc":{"start":{"line":112,"column":18},"end":{"line":122,"column":5}},"line":112},"9":{"name":"(anonymous_9)","decl":{"start":{"line":113,"column":18},"end":{"line":113,"column":35}},"loc":{"start":{"line":113,"column":35},"end":{"line":120,"column":7}},"line":113},"10":{"name":"(anonymous_10)","decl":{"start":{"line":121,"column":4},"end":{"line":121,"column":17}},"loc":{"start":{"line":121,"column":17},"end":{"line":121,"column":null}},"line":121},"11":{"name":"(anonymous_11)","decl":{"start":{"line":125,"column":2},"end":{"line":125,"column":18}},"loc":{"start":{"line":125,"column":18},"end":{"line":131,"column":5}},"line":125},"12":{"name":"(anonymous_12)","decl":{"start":{"line":134,"column":2},"end":{"line":134,"column":18}},"loc":{"start":{"line":134,"column":18},"end":{"line":151,"column":5}},"line":134},"13":{"name":"(anonymous_13)","decl":{"start":{"line":137,"column":9},"end":{"line":137,"column":15}},"loc":{"start":{"line":137,"column":23},"end":{"line":140,"column":9}},"line":137},"14":{"name":"(anonymous_14)","decl":{"start":{"line":141,"column":9},"end":{"line":141,"column":15}},"loc":{"start":{"line":141,"column":24},"end":{"line":146,"column":9}},"line":141},"15":{"name":"(anonymous_15)","decl":{"start":{"line":147,"column":9},"end":{"line":147,"column":21}},"loc":{"start":{"line":147,"column":21},"end":{"line":149,"column":9}},"line":147},"16":{"name":"(anonymous_16)","decl":{"start":{"line":153,"column":15},"end":{"line":153,"column":33}},"loc":{"start":{"line":153,"column":33},"end":{"line":156,"column":5}},"line":153},"17":{"name":"(anonymous_17)","decl":{"start":{"line":158,"column":16},"end":{"line":158,"column":34}},"loc":{"start":{"line":158,"column":34},"end":{"line":169,"column":5}},"line":158},"18":{"name":"(anonymous_18)","decl":{"start":{"line":171,"column":17},"end":{"line":171,"column":35}},"loc":{"start":{"line":171,"column":35},"end":{"line":179,"column":5}},"line":171},"19":{"name":"(anonymous_19)","decl":{"start":{"line":172,"column":4},"end":{"line":172,"column":15}},"loc":{"start":{"line":172,"column":24},"end":{"line":175,"column":5}},"line":172},"20":{"name":"(anonymous_20)","decl":{"start":{"line":181,"column":24},"end":{"line":181,"column":37}},"loc":{"start":{"line":181,"column":55},"end":{"line":181,"column":78}},"line":181},"21":{"name":"(anonymous_21)","decl":{"start":{"line":183,"column":32},"end":{"line":183,"column":50}},"loc":{"start":{"line":183,"column":50},"end":{"line":183,"column":77}},"line":183},"22":{"name":"(anonymous_22)","decl":{"start":{"line":185,"column":24},"end":{"line":185,"column":42}},"loc":{"start":{"line":185,"column":42},"end":{"line":195,"column":5}},"line":185},"23":{"name":"(anonymous_23)","decl":{"start":{"line":197,"column":34},"end":{"line":197,"column":41}},"loc":{"start":{"line":197,"column":61},"end":{"line":355,"column":8}},"line":197},"24":{"name":"(anonymous_24)","decl":{"start":{"line":212,"column":4},"end":{"line":212,"column":17}},"loc":{"start":{"line":212,"column":26},"end":{"line":212,"column":44}},"line":212},"25":{"name":"(anonymous_25)","decl":{"start":{"line":216,"column":31},"end":{"line":216,"column":36}},"loc":{"start":{"line":216,"column":43},"end":{"line":216,"column":80}},"line":216},"26":{"name":"(anonymous_26)","decl":{"start":{"line":257,"column":8},"end":{"line":257,"column":21}},"loc":{"start":{"line":257,"column":30},"end":{"line":267,"column":9}},"line":257},"27":{"name":"(anonymous_27)","decl":{"start":{"line":291,"column":16},"end":{"line":291,"column":29}},"loc":{"start":{"line":292,"column":18},"end":{"line":294,"column":null}},"line":292},"28":{"name":"(anonymous_28)","decl":{"start":{"line":292,"column":23},"end":{"line":292,"column":28}},"loc":{"start":{"line":293,"column":20},"end":{"line":293,"column":null}},"line":293},"29":{"name":"(anonymous_29)","decl":{"start":{"line":304,"column":14},"end":{"line":304,"column":27}},"loc":{"start":{"line":305,"column":16},"end":{"line":307,"column":null}},"line":305},"30":{"name":"(anonymous_30)","decl":{"start":{"line":305,"column":21},"end":{"line":305,"column":26}},"loc":{"start":{"line":306,"column":18},"end":{"line":306,"column":null}},"line":306},"31":{"name":"(anonymous_31)","decl":{"start":{"line":311,"column":14},"end":{"line":311,"column":27}},"loc":{"start":{"line":312,"column":16},"end":{"line":312,"column":null}},"line":312},"32":{"name":"(anonymous_32)","decl":{"start":{"line":312,"column":21},"end":{"line":312,"column":26}},"loc":{"start":{"line":312,"column":33},"end":{"line":312,"column":91}},"line":312},"33":{"name":"(anonymous_33)","decl":{"start":{"line":332,"column":8},"end":{"line":332,"column":21}},"loc":{"start":{"line":332,"column":30},"end":{"line":332,"column":53}},"line":332},"34":{"name":"(anonymous_34)","decl":{"start":{"line":351,"column":6},"end":{"line":351,"column":19}},"loc":{"start":{"line":351,"column":28},"end":{"line":351,"column":47}},"line":351}},"branchMap":{"0":{"loc":{"start":{"line":45,"column":2},"end":{"line":45,"column":null}},"type":"if","locations":[{"start":{"line":45,"column":2},"end":{"line":45,"column":null}},{"start":{},"end":{}}],"line":45},"1":{"loc":{"start":{"line":58,"column":9},"end":{"line":58,"column":null}},"type":"cond-expr","locations":[{"start":{"line":58,"column":29},"end":{"line":58,"column":51}},{"start":{"line":58,"column":51},"end":{"line":58,"column":null}}],"line":58},"2":{"loc":{"start":{"line":62,"column":2},"end":{"line":62,"column":null}},"type":"if","locations":[{"start":{"line":62,"column":2},"end":{"line":62,"column":null}},{"start":{},"end":{}}],"line":62},"3":{"loc":{"start":{"line":65,"column":11},"end":{"line":65,"column":null}},"type":"cond-expr","locations":[{"start":{"line":65,"column":18},"end":{"line":65,"column":42}},{"start":{"line":65,"column":42},"end":{"line":65,"column":null}}],"line":65},"4":{"loc":{"start":{"line":72,"column":2},"end":{"line":72,"column":null}},"type":"if","locations":[{"start":{"line":72,"column":2},"end":{"line":72,"column":null}},{"start":{},"end":{}}],"line":72},"5":{"loc":{"start":{"line":102,"column":4},"end":{"line":102,"column":null}},"type":"if","locations":[{"start":{"line":102,"column":4},"end":{"line":102,"column":null}},{"start":{},"end":{}}],"line":102},"6":{"loc":{"start":{"line":114,"column":6},"end":{"line":119,"column":null}},"type":"if","locations":[{"start":{"line":114,"column":6},"end":{"line":119,"column":null}},{"start":{"line":116,"column":13},"end":{"line":119,"column":null}}],"line":114},"7":{"loc":{"start":{"line":126,"column":4},"end":{"line":130,"column":null}},"type":"if","locations":[{"start":{"line":126,"column":4},"end":{"line":130,"column":null}},{"start":{"line":128,"column":11},"end":{"line":130,"column":null}}],"line":126},"8":{"loc":{"start":{"line":135,"column":4},"end":{"line":150,"column":null}},"type":"if","locations":[{"start":{"line":135,"column":4},"end":{"line":150,"column":null}},{"start":{},"end":{}}],"line":135},"9":{"loc":{"start":{"line":135,"column":8},"end":{"line":135,"column":45}},"type":"binary-expr","locations":[{"start":{"line":135,"column":8},"end":{"line":135,"column":26}},{"start":{"line":135,"column":26},"end":{"line":135,"column":45}}],"line":135},"10":{"loc":{"start":{"line":138,"column":10},"end":{"line":138,"column":null}},"type":"if","locations":[{"start":{"line":138,"column":10},"end":{"line":138,"column":null}},{"start":{},"end":{}}],"line":138},"11":{"loc":{"start":{"line":142,"column":10},"end":{"line":145,"column":null}},"type":"if","locations":[{"start":{"line":142,"column":10},"end":{"line":145,"column":null}},{"start":{},"end":{}}],"line":142},"12":{"loc":{"start":{"line":173,"column":6},"end":{"line":173,"column":null}},"type":"if","locations":[{"start":{"line":173,"column":6},"end":{"line":173,"column":null}},{"start":{},"end":{}}],"line":173},"13":{"loc":{"start":{"line":198,"column":4},"end":{"line":198,"column":null}},"type":"if","locations":[{"start":{"line":198,"column":4},"end":{"line":198,"column":null}},{"start":{},"end":{}}],"line":198},"14":{"loc":{"start":{"line":205,"column":22},"end":{"line":205,"column":null}},"type":"binary-expr","locations":[{"start":{"line":205,"column":22},"end":{"line":205,"column":40}},{"start":{"line":205,"column":40},"end":{"line":205,"column":null}}],"line":205},"15":{"loc":{"start":{"line":230,"column":6},"end":{"line":245,"column":null}},"type":"if","locations":[{"start":{"line":230,"column":6},"end":{"line":245,"column":null}},{"start":{},"end":{}}],"line":230},"16":{"loc":{"start":{"line":231,"column":8},"end":{"line":233,"column":null}},"type":"if","locations":[{"start":{"line":231,"column":8},"end":{"line":233,"column":null}},{"start":{},"end":{}}],"line":231},"17":{"loc":{"start":{"line":237,"column":25},"end":{"line":237,"column":null}},"type":"binary-expr","locations":[{"start":{"line":237,"column":25},"end":{"line":237,"column":40}},{"start":{"line":237,"column":40},"end":{"line":237,"column":null}}],"line":237},"18":{"loc":{"start":{"line":241,"column":12},"end":{"line":241,"column":null}},"type":"if","locations":[{"start":{"line":241,"column":12},"end":{"line":241,"column":null}},{"start":{},"end":{}}],"line":241},"19":{"loc":{"start":{"line":247,"column":26},"end":{"line":247,"column":null}},"type":"binary-expr","locations":[{"start":{"line":247,"column":26},"end":{"line":247,"column":66}},{"start":{"line":247,"column":66},"end":{"line":247,"column":null}}],"line":247},"20":{"loc":{"start":{"line":249,"column":6},"end":{"line":340,"column":null}},"type":"if","locations":[{"start":{"line":249,"column":6},"end":{"line":340,"column":null}},{"start":{"line":317,"column":13},"end":{"line":340,"column":null}}],"line":249},"21":{"loc":{"start":{"line":251,"column":8},"end":{"line":251,"column":null}},"type":"if","locations":[{"start":{"line":251,"column":8},"end":{"line":251,"column":null}},{"start":{},"end":{}}],"line":251},"22":{"loc":{"start":{"line":261,"column":28},"end":{"line":261,"column":null}},"type":"binary-expr","locations":[{"start":{"line":261,"column":28},"end":{"line":261,"column":46}},{"start":{"line":261,"column":46},"end":{"line":261,"column":null}}],"line":261},"23":{"loc":{"start":{"line":274,"column":10},"end":{"line":274,"column":null}},"type":"if","locations":[{"start":{"line":274,"column":10},"end":{"line":274,"column":null}},{"start":{},"end":{}}],"line":274},"24":{"loc":{"start":{"line":278,"column":19},"end":{"line":278,"column":null}},"type":"binary-expr","locations":[{"start":{"line":278,"column":19},"end":{"line":278,"column":34}},{"start":{"line":278,"column":34},"end":{"line":278,"column":null}}],"line":278},"25":{"loc":{"start":{"line":281,"column":12},"end":{"line":281,"column":null}},"type":"if","locations":[{"start":{"line":281,"column":12},"end":{"line":281,"column":null}},{"start":{},"end":{}}],"line":281},"26":{"loc":{"start":{"line":286,"column":12},"end":{"line":314,"column":null}},"type":"if","locations":[{"start":{"line":286,"column":12},"end":{"line":314,"column":null}},{"start":{"line":300,"column":19},"end":{"line":314,"column":null}}],"line":286},"27":{"loc":{"start":{"line":290,"column":14},"end":{"line":296,"column":null}},"type":"if","locations":[{"start":{"line":290,"column":14},"end":{"line":296,"column":null}},{"start":{},"end":{}}],"line":290},"28":{"loc":{"start":{"line":293,"column":20},"end":{"line":293,"column":null}},"type":"cond-expr","locations":[{"start":{"line":293,"column":43},"end":{"line":293,"column":103}},{"start":{"line":293,"column":103},"end":{"line":293,"column":null}}],"line":293},"29":{"loc":{"start":{"line":297,"column":14},"end":{"line":299,"column":null}},"type":"if","locations":[{"start":{"line":297,"column":14},"end":{"line":299,"column":null}},{"start":{},"end":{}}],"line":297},"30":{"loc":{"start":{"line":300,"column":19},"end":{"line":314,"column":null}},"type":"if","locations":[{"start":{"line":300,"column":19},"end":{"line":314,"column":null}},{"start":{"line":302,"column":19},"end":{"line":314,"column":null}}],"line":300},"31":{"loc":{"start":{"line":302,"column":19},"end":{"line":314,"column":null}},"type":"if","locations":[{"start":{"line":302,"column":19},"end":{"line":314,"column":null}},{"start":{"line":309,"column":19},"end":{"line":314,"column":null}}],"line":302},"32":{"loc":{"start":{"line":306,"column":18},"end":{"line":306,"column":null}},"type":"cond-expr","locations":[{"start":{"line":306,"column":41},"end":{"line":306,"column":101}},{"start":{"line":306,"column":101},"end":{"line":306,"column":null}}],"line":306},"33":{"loc":{"start":{"line":309,"column":19},"end":{"line":314,"column":null}},"type":"if","locations":[{"start":{"line":309,"column":19},"end":{"line":314,"column":null}},{"start":{},"end":{}}],"line":309},"34":{"loc":{"start":{"line":312,"column":33},"end":{"line":312,"column":91}},"type":"cond-expr","locations":[{"start":{"line":312,"column":56},"end":{"line":312,"column":89}},{"start":{"line":312,"column":89},"end":{"line":312,"column":91}}],"line":312},"35":{"loc":{"start":{"line":328,"column":20},"end":{"line":328,"column":null}},"type":"cond-expr","locations":[{"start":{"line":328,"column":40},"end":{"line":328,"column":65}},{"start":{"line":328,"column":65},"end":{"line":328,"column":null}}],"line":328},"36":{"loc":{"start":{"line":334,"column":8},"end":{"line":336,"column":null}},"type":"if","locations":[{"start":{"line":334,"column":8},"end":{"line":336,"column":null}},{"start":{},"end":{}}],"line":334},"37":{"loc":{"start":{"line":337,"column":8},"end":{"line":339,"column":null}},"type":"if","locations":[{"start":{"line":337,"column":8},"end":{"line":339,"column":null}},{"start":{},"end":{}}],"line":337},"38":{"loc":{"start":{"line":345,"column":24},"end":{"line":345,"column":null}},"type":"binary-expr","locations":[{"start":{"line":345,"column":24},"end":{"line":345,"column":42}},{"start":{"line":345,"column":42},"end":{"line":345,"column":null}}],"line":345}},"s":{"0":11,"1":11,"2":106,"3":106,"4":2,"5":104,"6":11,"7":11,"8":35,"9":108,"10":0,"11":108,"12":108,"13":108,"14":1,"15":119,"16":0,"17":119,"18":119,"19":69,"20":69,"21":69,"22":36,"23":69,"24":36,"25":69,"26":69,"27":69,"28":69,"29":69,"30":69,"31":69,"32":69,"33":36,"34":36,"35":1,"36":35,"37":35,"38":35,"39":69,"40":69,"41":49,"42":8,"43":3,"44":5,"45":5,"46":49,"47":49,"48":69,"49":59,"50":22,"51":37,"52":69,"53":50,"54":15,"55":15,"56":1,"57":14,"58":7,"59":1,"60":1,"61":69,"62":3,"63":3,"64":69,"65":1,"66":1,"67":1,"68":1,"69":1,"70":1,"71":1,"72":1,"73":1,"74":1,"75":69,"76":2,"77":2,"78":1,"79":2,"80":2,"81":2,"82":69,"83":1,"84":69,"85":1,"86":69,"87":1,"88":1,"89":1,"90":1,"91":1,"92":1,"93":1,"94":1,"95":1,"96":69,"97":21,"98":1,"99":20,"100":20,"101":21,"102":20,"103":21,"104":21,"105":21,"106":1,"107":21,"108":21,"109":19,"110":5,"111":1,"112":4,"113":4,"114":4,"115":2,"116":2,"117":2,"118":2,"119":1,"120":4,"121":14,"122":21,"123":8,"124":8,"125":1,"126":7,"127":7,"128":7,"129":7,"130":7,"131":7,"132":7,"133":7,"134":14,"135":14,"136":7,"137":7,"138":7,"139":7,"140":14,"141":30,"142":15,"143":15,"144":15,"145":1,"146":14,"147":7,"148":7,"149":7,"150":7,"151":1,"152":1,"153":2,"154":7,"155":1,"156":7,"157":1,"158":6,"159":1,"160":1,"161":1,"162":2,"163":5,"164":4,"165":4,"166":4,"167":8,"168":6,"169":6,"170":6,"171":6,"172":6,"173":6,"174":6,"175":1,"176":6,"177":1,"178":7,"179":7,"180":7,"181":7,"182":20,"183":69},"f":{"0":106,"1":35,"2":108,"3":119,"4":69,"5":36,"6":36,"7":36,"8":49,"9":8,"10":49,"11":59,"12":50,"13":15,"14":7,"15":8,"16":3,"17":1,"18":2,"19":2,"20":1,"21":1,"22":1,"23":21,"24":20,"25":1,"26":7,"27":1,"28":2,"29":1,"30":2,"31":4,"32":8,"33":6,"34":7},"b":{"0":[2,104],"1":[34,1],"2":[0,108],"3":[4,103],"4":[0,119],"5":[1,35],"6":[3,5],"7":[22,37],"8":[15,35],"9":[50,16],"10":[1,14],"11":[1,6],"12":[1,1],"13":[1,20],"14":[20,20],"15":[5,14],"16":[1,4],"17":[2,1],"18":[1,1],"19":[14,1],"20":[8,6],"21":[1,7],"22":[7,7],"23":[7,7],"24":[7,7],"25":[15,15],"26":[7,7],"27":[1,6],"28":[1,1],"29":[1,6],"30":[1,6],"31":[1,5],"32":[1,1],"33":[4,1],"34":[4,4],"35":[1,5],"36":[1,5],"37":[1,5],"38":[7,7]},"meta":{"lastBranch":39,"lastFunction":35,"lastStatement":184,"seen":{"s:1:0:1:Infinity":0,"s:40:20:40:Infinity":1,"f:43:16:43:26":0,"s:44:18:44:Infinity":2,"b:45:2:45:Infinity:undefined:undefined:undefined:undefined":0,"s:45:2:45:Infinity":3,"s:45:16:45:Infinity":4,"s:46:2:46:Infinity":5,"s:49:17:49:Infinity":6,"s:51:21:55:Infinity":7,"f:57:9:57:37":1,"s:58:2:58:Infinity":8,"b:58:29:58:51:58:51:58:Infinity":1,"f:61:9:61:28":2,"b:62:2:62:Infinity:undefined:undefined:undefined:undefined":2,"s:62:2:62:Infinity":9,"s:62:37:62:Infinity":10,"s:63:2:68:Infinity":11,"s:64:16:64:Infinity":12,"s:65:4:65:Infinity":13,"b:65:18:65:42:65:42:65:Infinity":3,"s:67:4:67:Infinity":14,"f:71:9:71:23":3,"b:72:2:72:Infinity:undefined:undefined:undefined:undefined":4,"s:72:2:72:Infinity":15,"s:72:37:72:Infinity":16,"s:73:2:77:Infinity":17,"s:74:4:74:Infinity":18,"f:80:16:80:29":4,"s:81:30:81:Infinity":19,"s:82:42:82:Infinity":20,"s:83:34:85:Infinity":21,"f:83:34:83:Infinity":5,"s:84:4:84:Infinity":22,"s:86:46:88:Infinity":23,"f:86:46:86:Infinity":6,"s:87:4:87:Infinity":24,"s:89:34:89:Infinity":25,"s:90:40:90:Infinity":26,"s:91:48:91:Infinity":27,"s:92:44:92:Infinity":28,"s:93:50:93:Infinity":29,"s:94:40:94:Infinity":30,"s:95:50:95:Infinity":31,"s:100:22:106:Infinity":32,"f:100:22:100:45":7,"s:101:19:101:Infinity":33,"b:102:4:102:Infinity:undefined:undefined:undefined:undefined":5,"s:102:4:102:Infinity":34,"s:102:16:102:Infinity":35,"s:103:15:103:Infinity":36,"s:104:4:104:Infinity":37,"s:105:4:105:Infinity":38,"s:109:50:109:Infinity":39,"s:112:2:122:Infinity":40,"f:112:2:112:18":8,"s:113:18:120:Infinity":41,"f:113:18:113:35":9,"b:114:6:119:Infinity:116:13:119:Infinity":6,"s:114:6:119:Infinity":42,"s:115:8:115:Infinity":43,"s:117:8:117:Infinity":44,"s:118:8:118:Infinity":45,"s:121:4:121:Infinity":46,"f:121:4:121:17":10,"s:121:17:121:Infinity":47,"s:125:2:131:Infinity":48,"f:125:2:125:18":11,"b:126:4:130:Infinity:128:11:130:Infinity":7,"s:126:4:130:Infinity":49,"s:127:6:127:Infinity":50,"s:129:6:129:Infinity":51,"s:134:2:151:Infinity":52,"f:134:2:134:18":12,"b:135:4:150:Infinity:undefined:undefined:undefined:undefined":8,"s:135:4:150:Infinity":53,"b:135:8:135:26:135:26:135:45":9,"s:136:6:149:Infinity":54,"f:137:9:137:15":13,"b:138:10:138:Infinity:undefined:undefined:undefined:undefined":10,"s:138:10:138:Infinity":55,"s:138:23:138:Infinity":56,"s:139:10:139:Infinity":57,"f:141:9:141:15":14,"b:142:10:145:Infinity:undefined:undefined:undefined:undefined":11,"s:142:10:145:Infinity":58,"s:143:12:143:Infinity":59,"s:144:12:144:Infinity":60,"f:147:9:147:21":15,"s:153:15:156:Infinity":61,"f:153:15:153:33":16,"s:154:4:154:Infinity":62,"s:155:4:155:Infinity":63,"s:158:16:169:Infinity":64,"f:158:16:158:34":17,"s:159:4:159:Infinity":65,"s:160:4:160:Infinity":66,"s:161:4:161:Infinity":67,"s:162:4:162:Infinity":68,"s:163:4:163:Infinity":69,"s:164:4:164:Infinity":70,"s:165:4:165:Infinity":71,"s:166:4:166:Infinity":72,"s:167:4:167:Infinity":73,"s:168:4:168:Infinity":74,"s:171:17:179:Infinity":75,"f:171:17:171:35":18,"s:172:4:175:Infinity":76,"f:172:4:172:15":19,"b:173:6:173:Infinity:undefined:undefined:undefined:undefined":12,"s:173:6:173:Infinity":77,"s:173:17:173:Infinity":78,"s:174:6:174:Infinity":79,"s:177:4:177:Infinity":80,"s:178:4:178:Infinity":81,"s:181:24:181:Infinity":82,"f:181:24:181:37":20,"s:181:55:181:78":83,"s:183:32:183:Infinity":84,"f:183:32:183:50":21,"s:183:50:183:77":85,"s:185:24:195:Infinity":86,"f:185:24:185:42":22,"s:186:4:186:Infinity":87,"s:187:4:187:Infinity":88,"s:188:4:188:Infinity":89,"s:189:4:189:Infinity":90,"s:190:4:190:Infinity":91,"s:191:4:191:Infinity":92,"s:192:4:192:Infinity":93,"s:193:4:193:Infinity":94,"s:194:4:194:Infinity":95,"s:197:22:355:Infinity":96,"f:197:34:197:41":23,"b:198:4:198:Infinity:undefined:undefined:undefined:undefined":13,"s:198:4:198:Infinity":97,"s:198:25:198:Infinity":98,"s:201:4:201:Infinity":99,"s:203:37:210:Infinity":100,"b:205:22:205:40:205:40:205:Infinity":14,"s:212:4:212:Infinity":101,"f:212:4:212:17":24,"s:212:26:212:44":102,"s:213:4:213:Infinity":103,"s:215:4:354:Infinity":104,"s:216:22:216:Infinity":105,"f:216:31:216:36":25,"s:216:43:216:80":106,"s:217:6:217:Infinity":107,"s:219:23:228:Infinity":108,"b:230:6:245:Infinity:undefined:undefined:undefined:undefined":15,"s:230:6:245:Infinity":109,"b:231:8:233:Infinity:undefined:undefined:undefined:undefined":16,"s:231:8:233:Infinity":110,"s:232:10:232:Infinity":111,"s:234:27:234:Infinity":112,"s:235:8:243:Infinity":113,"s:236:22:236:Infinity":114,"s:237:10:237:Infinity":115,"b:237:25:237:40:237:40:237:Infinity":17,"s:239:10:242:Infinity":116,"s:240:25:240:Infinity":117,"b:241:12:241:Infinity:undefined:undefined:undefined:undefined":18,"s:241:12:241:Infinity":118,"s:241:22:241:Infinity":119,"s:244:8:244:Infinity":120,"s:247:26:247:Infinity":121,"b:247:26:247:66:247:66:247:Infinity":19,"b:249:6:340:Infinity:317:13:340:Infinity":20,"s:249:6:340:Infinity":122,"s:250:23:250:Infinity":123,"b:251:8:251:Infinity:undefined:undefined:undefined:undefined":21,"s:251:8:251:Infinity":124,"s:251:21:251:Infinity":125,"s:253:28:253:Infinity":126,"s:254:26:254:Infinity":127,"s:255:24:255:Infinity":128,"s:257:8:267:Infinity":129,"f:257:8:257:21":26,"s:257:30:267:9":130,"b:261:28:261:46:261:46:261:Infinity":22,"s:269:24:269:Infinity":131,"s:270:21:270:Infinity":132,"s:272:8:316:Infinity":133,"s:273:34:273:Infinity":134,"b:274:10:274:Infinity:undefined:undefined:undefined:undefined":23,"s:274:10:274:Infinity":135,"s:274:20:274:Infinity":136,"s:276:10:276:Infinity":137,"s:277:24:277:Infinity":138,"s:278:10:278:Infinity":139,"b:278:19:278:34:278:34:278:Infinity":24,"s:280:10:315:Infinity":140,"b:281:12:281:Infinity:undefined:undefined:undefined:undefined":25,"s:281:12:281:Infinity":141,"s:281:44:281:Infinity":142,"s:284:12:284:Infinity":143,"s:284:18:284:52":144,"s:284:62:284:72":145,"b:286:12:314:Infinity:300:19:314:Infinity":26,"s:286:12:314:Infinity":146,"s:287:14:287:Infinity":147,"s:288:14:288:Infinity":148,"s:289:14:289:Infinity":149,"b:290:14:296:Infinity:undefined:undefined:undefined:undefined":27,"s:290:14:296:Infinity":150,"s:291:16:295:Infinity":151,"f:291:16:291:29":27,"s:292:18:294:Infinity":152,"f:292:23:292:28":28,"s:293:20:293:Infinity":153,"b:293:43:293:103:293:103:293:Infinity":28,"b:297:14:299:Infinity:undefined:undefined:undefined:undefined":29,"s:297:14:299:Infinity":154,"s:298:16:298:Infinity":155,"b:300:19:314:Infinity:302:19:314:Infinity":30,"s:300:19:314:Infinity":156,"s:301:14:301:Infinity":157,"b:302:19:314:Infinity:309:19:314:Infinity":31,"s:302:19:314:Infinity":158,"s:303:14:303:Infinity":159,"s:304:14:308:Infinity":160,"f:304:14:304:27":29,"s:305:16:307:Infinity":161,"f:305:21:305:26":30,"s:306:18:306:Infinity":162,"b:306:41:306:101:306:101:306:Infinity":32,"b:309:19:314:Infinity:undefined:undefined:undefined:undefined":33,"s:309:19:314:Infinity":163,"s:310:14:310:Infinity":164,"s:311:14:313:Infinity":165,"f:311:14:311:27":31,"s:312:16:312:Infinity":166,"f:312:21:312:26":32,"s:312:33:312:91":167,"b:312:56:312:89:312:89:312:91":34,"s:318:21:318:Infinity":168,"s:320:8:320:Infinity":169,"s:321:8:321:Infinity":170,"s:323:46:330:Infinity":171,"b:328:40:328:65:328:65:328:Infinity":35,"s:332:8:332:Infinity":172,"f:332:8:332:21":33,"s:332:30:332:53":173,"b:334:8:336:Infinity:undefined:undefined:undefined:undefined":36,"s:334:8:336:Infinity":174,"s:335:10:335:Infinity":175,"b:337:8:339:Infinity:undefined:undefined:undefined:undefined":37,"s:337:8:339:Infinity":176,"s:338:10:338:Infinity":177,"s:342:6:342:Infinity":178,"s:343:40:350:Infinity":179,"b:345:24:345:42:345:42:345:Infinity":38,"s:351:6:351:Infinity":180,"f:351:6:351:19":34,"s:351:28:351:47":181,"s:353:6:353:Infinity":182,"s:357:2:386:Infinity":183},"fnNames":{}}}
,"/Users/emmett/nextjs/emmett_portofolio/src/components/chat/ChatSuggestions.tsx": {"path":"/Users/emmett/nextjs/emmett_portofolio/src/components/chat/ChatSuggestions.tsx","statementMap":{"0":{"start":{"line":1,"column":0},"end":{"line":1,"column":null}},"1":{"start":{"line":13,"column":12},"end":{"line":13,"column":null}},"2":{"start":{"line":14,"column":2},"end":{"line":34,"column":null}},"3":{"start":{"line":21,"column":10},"end":{"line":31,"column":null}},"4":{"start":{"line":26,"column":27},"end":{"line":26,"column":null}}},"fnMap":{"0":{"name":"ChatSuggestions","decl":{"start":{"line":12,"column":16},"end":{"line":12,"column":32}},"loc":{"start":{"line":12,"column":79},"end":{"line":36,"column":null}},"line":12},"1":{"name":"(anonymous_1)","decl":{"start":{"line":20,"column":19},"end":{"line":20,"column":24}},"loc":{"start":{"line":21,"column":10},"end":{"line":31,"column":null}},"line":21},"2":{"name":"(anonymous_2)","decl":{"start":{"line":26,"column":12},"end":{"line":26,"column":27}},"loc":{"start":{"line":26,"column":27},"end":{"line":26,"column":null}},"line":26}},"branchMap":{},"s":{"0":1,"1":3,"2":3,"3":6,"4":1},"f":{"0":3,"1":6,"2":1},"b":{},"meta":{"lastBranch":0,"lastFunction":3,"lastStatement":5,"seen":{"s:1:0:1:Infinity":0,"f:12:16:12:32":0,"s:13:12:13:Infinity":1,"s:14:2:34:Infinity":2,"f:20:19:20:24":1,"s:21:10:31:Infinity":3,"f:26:12:26:27":2,"s:26:27:26:Infinity":4},"fnNames":{}}}
,"/Users/emmett/nextjs/emmett_portofolio/src/components/chat/ChatWidgetWrapper.tsx": {"path":"/Users/emmett/nextjs/emmett_portofolio/src/components/chat/ChatWidgetWrapper.tsx","statementMap":{"0":{"start":{"line":1,"column":0},"end":{"line":1,"column":null}},"1":{"start":{"line":9,"column":30},"end":{"line":9,"column":null}},"2":{"start":{"line":22,"column":59},"end":{"line":22,"column":67}},"3":{"start":{"line":23,"column":30},"end":{"line":23,"column":null}},"4":{"start":{"line":24,"column":27},"end":{"line":24,"column":null}},"5":{"start":{"line":25,"column":26},"end":{"line":25,"column":null}},"6":{"start":{"line":26,"column":32},"end":{"line":26,"column":null}},"7":{"start":{"line":28,"column":2},"end":{"line":113,"column":null}},"8":{"start":{"line":33,"column":19},"end":{"line":33,"column":null}},"9":{"start":{"line":34,"column":24},"end":{"line":34,"column":null}},"10":{"start":{"line":35,"column":4},"end":{"line":52,"column":null}},"11":{"start":{"line":36,"column":6},"end":{"line":36,"column":null}},"12":{"start":{"line":37,"column":6},"end":{"line":37,"column":null}},"13":{"start":{"line":38,"column":6},"end":{"line":38,"column":null}},"14":{"start":{"line":40,"column":6},"end":{"line":40,"column":null}},"15":{"start":{"line":41,"column":24},"end":{"line":46,"column":null}},"16":{"start":{"line":42,"column":8},"end":{"line":42,"column":null}},"17":{"start":{"line":43,"column":8},"end":{"line":45,"column":null}},"18":{"start":{"line":44,"column":10},"end":{"line":44,"column":null}},"19":{"start":{"line":49,"column":6},"end":{"line":49,"column":null}},"20":{"start":{"line":51,"column":6},"end":{"line":51,"column":null}},"21":{"start":{"line":51,"column":19},"end":{"line":51,"column":null}},"22":{"start":{"line":57,"column":23},"end":{"line":57,"column":null}},"23":{"start":{"line":58,"column":32},"end":{"line":58,"column":null}},"24":{"start":{"line":60,"column":4},"end":{"line":78,"column":null}},"25":{"start":{"line":61,"column":6},"end":{"line":77,"column":null}},"26":{"start":{"line":62,"column":8},"end":{"line":62,"column":null}},"27":{"start":{"line":62,"column":41},"end":{"line":62,"column":null}},"28":{"start":{"line":63,"column":8},"end":{"line":63,"column":null}},"29":{"start":{"line":64,"column":8},"end":{"line":64,"column":null}},"30":{"start":{"line":66,"column":8},"end":{"line":70,"column":null}},"31":{"start":{"line":72,"column":8},"end":{"line":72,"column":null}},"32":{"start":{"line":73,"column":8},"end":{"line":73,"column":null}},"33":{"start":{"line":74,"column":8},"end":{"line":76,"column":null}},"34":{"start":{"line":75,"column":10},"end":{"line":75,"column":null}},"35":{"start":{"line":83,"column":20},"end":{"line":83,"column":null}},"36":{"start":{"line":84,"column":29},"end":{"line":84,"column":null}},"37":{"start":{"line":87,"column":6},"end":{"line":87,"column":null}},"38":{"start":{"line":87,"column":36},"end":{"line":87,"column":null}},"39":{"start":{"line":88,"column":6},"end":{"line":88,"column":null}},"40":{"start":{"line":88,"column":56},"end":{"line":88,"column":null}},"41":{"start":{"line":89,"column":6},"end":{"line":89,"column":null}},"42":{"start":{"line":89,"column":45},"end":{"line":89,"column":null}},"43":{"start":{"line":91,"column":6},"end":{"line":91,"column":null}},"44":{"start":{"line":92,"column":6},"end":{"line":92,"column":null}},"45":{"start":{"line":94,"column":6},"end":{"line":98,"column":null}},"46":{"start":{"line":100,"column":6},"end":{"line":100,"column":null}},"47":{"start":{"line":101,"column":6},"end":{"line":101,"column":null}},"48":{"start":{"line":102,"column":6},"end":{"line":104,"column":null}},"49":{"start":{"line":103,"column":8},"end":{"line":103,"column":null}},"50":{"start":{"line":107,"column":4},"end":{"line":107,"column":null}},"51":{"start":{"line":109,"column":4},"end":{"line":112,"column":null}},"52":{"start":{"line":110,"column":6},"end":{"line":110,"column":null}},"53":{"start":{"line":110,"column":35},"end":{"line":110,"column":null}},"54":{"start":{"line":111,"column":6},"end":{"line":111,"column":null}},"55":{"start":{"line":115,"column":2},"end":{"line":115,"column":null}},"56":{"start":{"line":120,"column":19},"end":{"line":120,"column":31}},"57":{"start":{"line":121,"column":15},"end":{"line":121,"column":null}},"58":{"start":{"line":122,"column":30},"end":{"line":122,"column":null}},"59":{"start":{"line":124,"column":2},"end":{"line":129,"column":null}},"60":{"start":{"lin
[...]
,"/Users/emmett/nextjs/emmett_portofolio/src/lib/validations/homepage.ts": {"path":"/Users/emmett/nextjs/emmett_portofolio/src/lib/validations/homepage.ts","statementMap":{"0":{"start":{"line":5,"column":30},"end":{"line":106,"column":null}},"1":{"start":{"line":112,"column":33},"end":{"line":118,"column":null}},"2":{"start":{"line":124,"column":39},"end":{"line":129,"column":null}},"3":{"start":{"line":135,"column":40},"end":{"line":141,"column":null}}},"fnMap":{},"branchMap":{},"s":{"0":1,"1":1,"2":1,"3":1},"f":{},"b":{},"meta":{"lastBranch":0,"lastFunction":0,"lastStatement":4,"seen":{"s:5:30:106:Infinity":0,"s:112:33:118:Infinity":1,"s:124:39:129:Infinity":2,"s:135:40:141:Infinity":3},"fnNames":{}}}
,"/Users/emmett/nextjs/emmett_portofolio/src/lib/validations/locale.ts": {"path":"/Users/emmett/nextjs/emmett_portofolio/src/lib/validations/locale.ts","statementMap":{"0":{"start":{"line":3,"column":24},"end":{"line":3,"column":null}},"1":{"start":{"line":4,"column":24},"end":{"line":4,"column":null}},"2":{"start":{"line":6,"column":27},"end":{"line":10,"column":null}},"3":{"start":{"line":12,"column":30},"end":{"line":37,"column":null}},"4":{"start":{"line":39,"column":36},"end":{"line":39,"column":null}},"5":{"start":{"line":41,"column":38},"end":{"line":56,"column":null}},"6":{"start":{"line":58,"column":33},"end":{"line":73,"column":null}},"7":{"start":{"line":75,"column":32},"end":{"line":87,"column":null}},"8":{"start":{"line":89,"column":36},"end":{"line":96,"column":null}}},"fnMap":{},"branchMap":{},"s":{"0":1,"1":1,"2":1,"3":1,"4":1,"5":1,"6":1,"7":1,"8":1},"f":{},"b":{},"meta":{"lastBranch":0,"lastFunction":0,"lastStatement":9,"seen":{"s:3:24:3:Infinity":0,"s:4:24:4:Infinity":1,"s:6:27:10:Infinity":2,"s:12:30:37:Infinity":3,"s:39:36:39:Infinity":4,"s:41:38:56:Infinity":5,"s:58:33:73:Infinity":6,"s:75:32:87:Infinity":7,"s:89:36:96:Infinity":8},"fnNames":{}}}
,"/Users/emmett/nextjs/emmett_portofolio/src/lib/validations/newsletter.ts": {"path":"/Users/emmett/nextjs/emmett_portofolio/src/lib/validations/newsletter.ts","statementMap":{"0":{"start":{"line":3,"column":20},"end":{"line":3,"column":null}},"1":{"start":{"line":6,"column":38},"end":{"line":17,"column":null}},"2":{"start":{"line":19,"column":38},"end":{"line":22,"column":null}},"3":{"start":{"line":24,"column":32},"end":{"line":27,"column":null}},"4":{"start":{"line":29,"column":38},"end":{"line":39,"column":null}},"5":{"start":{"line":42,"column":38},"end":{"line":47,"column":null}},"6":{"start":{"line":45,"column":41},"end":{"line":45,"column":53}},"7":{"start":{"line":50,"column":39},"end":{"line":56,"column":null}},"8":{"start":{"line":58,"column":33},"end":{"line":63,"column":null}},"9":{"start":{"line":66,"column":36},"end":{"line":86,"column":null}},"10":{"start":{"line":88,"column":36},"end":{"line":88,"column":null}},"11":{"start":{"line":90,"column":35},"end":{"line":93,"column":null}},"12":{"start":{"line":96,"column":36},"end":{"line":102,"column":null}},"13":{"start":{"line":104,"column":36},"end":{"line":104,"column":null}},"14":{"start":{"line":107,"column":38},"end":{"line":113,"column":null}},"15":{"start":{"line":115,"column":38},"end":{"line":117,"column":null}},"16":{"start":{"line":119,"column":42},"end":{"line":128,"column":null}},"17":{"start":{"line":130,"column":42},"end":{"line":130,"column":null}},"18":{"start":{"line":132,"column":37},"end":{"line":135,"column":null}},"19":{"start":{"line":138,"column":46},"end":{"line":151,"column":null}},"20":{"start":{"line":153,"column":39},"end":{"line":159,"column":null}},"21":{"start":{"line":162,"column":35},"end":{"line":169,"column":null}},"22":{"start":{"line":171,"column":35},"end":{"line":171,"column":null}},"23":{"start":{"line":174,"column":31},"end":{"line":179,"column":null}},"24":{"start":{"line":181,"column":31},"end":{"line":181,"column":null}},"25":{"start":{"line":184,"column":37},"end":{"line":188,"column":null}}},"fnMap":{"0":{"name":"(anonymous_0)","decl":{"start":{"line":45,"column":27},"end":{"line":45,"column":35}},"loc":{"start":{"line":45,"column":41},"end":{"line":45,"column":53}},"line":45}},"branchMap":{},"s":{"0":2,"1":2,"2":2,"3":2,"4":2,"5":2,"6":5,"7":2,"8":2,"9":2,"10":2,"11":2,"12":2,"13":2,"14":2,"15":2,"16":2,"17":2,"18":2,"19":2,"20":2,"21":2,"22":2,"23":2,"24":2,"25":2},"f":{"0":5},"b":{},"meta":{"lastBranch":0,"lastFunction":1,"lastStatement":26,"seen":{"s:3:20:3:Infinity":0,"s:6:38:17:Infinity":1,"s:19:38:22:Infinity":2,"s:24:32:27:Infinity":3,"s:29:38:39:Infinity":4,"s:42:38:47:Infinity":5,"f:45:27:45:35":0,"s:45:41:45:53":6,"s:50:39:56:Infinity":7,"s:58:33:63:Infinity":8,"s:66:36:86:Infinity":9,"s:88:36:88:Infinity":10,"s:90:35:93:Infinity":11,"s:96:36:102:Infinity":12,"s:104:36:104:Infinity":13,"s:107:38:113:Infinity":14,"s:115:38:117:Infinity":15,"s:119:42:128:Infinity":16,"s:130:42:130:Infinity":17,"s:132:37:135:Infinity":18,"s:138:46:151:Infinity":19,"s:153:39:159:Infinity":20,"s:162:35:169:Infinity":21,"s:171:35:171:Infinity":22,"s:174:31:179:Infinity":23,"s:181:31:181:Infinity":24,"s:184:37:188:Infinity":25},"fnNames":{}}}
,"/Users/emmett/nextjs/emmett_portofolio/src/lib/validations/notifications.ts": {"path":"/Users/emmett/nextjs/emmett_portofolio/src/lib/validations/notifications.ts","statementMap":{"0":{"start":{"line":4,"column":40},"end":{"line":17,"column":null}},"1":{"start":{"line":20,"column":40},"end":{"line":37,"column":null}},"2":{"start":{"line":40,"column":40},"end":{"line":46,"column":null}},"3":{"start":{"line":49,"column":44},"end":{"line":52,"column":null}},"4":{"start":{"line":55,"column":51},"end":{"line":69,"column":null}},"5":{"start":{"line":72,"column":48},"end":{"line":87,"column":null}},"6":{"start":{"line":89,"column":48},"end":{"line":89,"column":null}},"7":{"start":{"line":92,"column":43},"end":{"line":96,"column":null}}},"fnMap":{},"branchMap":{},"s":{"0":1,"1":1,"2":1,"3":1,"4":1,"5":1,"6":1,"7":1},"f":{},"b":{},"meta":{"lastBranch":0,"lastFunction":0,"lastStatement":8,"seen":{"s:4:40:17:Infinity":0,"s:20:40:37:Infinity":1,"s:40:40:46:Infinity":2,"s:49:44:52:Infinity":3,"s:55:51:69:Infinity":4,"s:72:48:87:Infinity":5,"s:89:48:89:Infinity":6,"s:92:43:96:Infinity":7},"fnNames":{}}}
,"/Users/emmett/nextjs/emmett_portofolio/src/lib/validations/portfolio.ts": {"path":"/Users/emmett/nextjs/emmett_portofolio/src/lib/validations/portfolio.ts","statementMap":{"0":{"start":{"line":3,"column":39},"end":{"line":9,"column":null}},"1":{"start":{"line":11,"column":32},"end":{"line":17,"column":null}},"2":{"start":{"line":19,"column":35},"end":{"line":26,"column":null}},"3":{"start":{"line":28,"column":38},"end":{"line":63,"column":null}},"4":{"start":{"line":65,"column":31},"end":{"line":78,"column":null}}},"fnMap":{},"branchMap":{},"s":{"0":2,"1":2,"2":2,"3":2,"4":2},"f":{},"b":{},"meta":{"lastBranch":0,"lastFunction":0,"lastStatement":5,"seen":{"s:3:39:9:Infinity":0,"s:11:32:17:Infinity":1,"s:19:35:26:Infinity":2,"s:28:38:63:Infinity":3,"s:65:31:78:Infinity":4},"fnNames":{}}}
,"/Users/emmett/nextjs/emmett_portofolio/src/lib/validations/resume.ts": {"path":"/Users/emmett/nextjs/emmett_portofolio/src/lib/validations/resume.ts","statementMap":{"0":{"start":{"line":3,"column":32},"end":{"line":7,"column":null}},"1":{"start":{"line":9,"column":35},"end":{"line":38,"column":null}},"2":{"start":{"line":42,"column":32},"end":{"line":54,"column":null}},"3":{"start":{"line":58,"column":31},"end":{"line":67,"column":null}},"4":{"start":{"line":71,"column":27},"end":{"line":77,"column":null}},"5":{"start":{"line":81,"column":35},"end":{"line":90,"column":null}},"6":{"start":{"line":94,"column":27},"end":{"line":100,"column":null}},"7":{"start":{"line":104,"column":30},"end":{"line":108,"column":null}},"8":{"start":{"line":112,"column":31},"end":{"line":120,"column":null}}},"fnMap":{},"branchMap":{},"s":{"0":1,"1":1,"2":1,"3":1,"4":1,"5":1,"6":1,"7":1,"8":1},"f":{},"b":{},"meta":{"lastBranch":0,"lastFunction":0,"lastStatement":9,"seen":{"s:3:32:7:Infinity":0,"s:9:35:38:Infinity":1,"s:42:32:54:Infinity":2,"s:58:31:67:Infinity":3,"s:71:27:77:Infinity":4,"s:81:35:90:Infinity":5,"s:94:27:100:Infinity":6,"s:104:30:108:Infinity":7,"s:112:31:120:Infinity":8},"fnNames":{}}}
,"/Users/emmett/nextjs/emmett_portofolio/src/lib/validations/services.ts": {"path":"/Users/emmett/nextjs/emmett_portofolio/src/lib/validations/services.ts","statementMap":{"0":{"start":{"line":3,"column":43},"end":{"line":10,"column":null}},"1":{"start":{"line":12,"column":43},"end":{"line":12,"column":null}},"2":{"start":{"line":14,"column":42},"end":{"line":25,"column":null}},"3":{"start":{"line":27,"column":42},"end":{"line":27,"column":null}},"4":{"start":{"line":29,"column":38},"end":{"line":34,"column":null}},"5":{"start":{"line":36,"column":38},"end":{"line":36,"column":null}},"6":{"start":{"line":38,"column":42},"end":{"line":47,"column":null}},"7":{"start":{"line":49,"column":42},"end":{"line":52,"column":null}},"8":{"start":{"line":54,"column":35},"end":{"line":87,"column":null}},"9":{"start":{"line":69,"column":14},"end":{"line":69,"column":null}},"10":{"start":{"line":89,"column":35},"end":{"line":89,"column":null}}},"fnMap":{"0":{"name":"(anonymous_0)","decl":{"start":{"line":68,"column":19},"end":{"line":68,"column":null}},"loc":{"start":{"line":69,"column":14},"end":{"line":69,"column":null}},"line":69}},"branchMap":{"0":{"loc":{"start":{"line":69,"column":14},"end":{"line":69,"column":null}},"type":"cond-expr","locations":[{"start":{"line":69,"column":64},"end":{"line":69,"column":71}},{"start":{"line":69,"column":71},"end":{"line":69,"column":null}}],"line":69},"1":{"loc":{"start":{"line":69,"column":14},"end":{"line":69,"column":64}},"type":"binary-expr","locations":[{"start":{"line":69,"column":14},"end":{"line":69,"column":28}},{"start":{"line":69,"column":28},"end":{"line":69,"column":44}},{"start":{"line":69,"column":44},"end":{"line":69,"column":64}}],"line":69}},"s":{"0":2,"1":2,"2":2,"3":2,"4":2,"5":2,"6":2,"7":2,"8":2,"9":10,"10":2},"f":{"0":10},"b":{"0":[8,2],"1":[10,10,9]},"meta":{"lastBranch":2,"lastFunction":1,"lastStatement":11,"seen":{"s:3:43:10:Infinity":0,"s:12:43:12:Infinity":1,"s:14:42:25:Infinity":2,"s:27:42:27:Infinity":3,"s:29:38:34:Infinity":4,"s:36:38:36:Infinity":5,"s:38:42:47:Infinity":6,"s:49:42:52:Infinity":7,"s:54:35:87:Infinity":8,"f:68:19:68:Infinity":0,"s:69:14:69:Infinity":9,"b:69:64:69:71:69:71:69:Infinity":0,"b:69:14:69:28:69:28:69:44:69:44:69:64":1,"s:89:35:89:Infinity":10},"fnNames":{}}}
,"/Users/emmett/nextjs/emmett_portofolio/src/lib/validations/support.ts": {"path":"/Users/emmett/nextjs/emmett_portofolio/src/lib/validations/support.ts","statementMap":{"0":{"start":{"line":3,"column":19},"end":{"line":3,"column":null}},"1":{"start":{"line":4,"column":18},"end":{"line":4,"column":null}},"2":{"start":{"line":6,"column":34},"end":{"line":27,"column":null}},"3":{"start":{"line":29,"column":35},"end":{"line":34,"column":null}},"4":{"start":{"line":36,"column":34},"end":{"line":46,"column":null}},"5":{"start":{"line":48,"column":32},"end":{"line":52,"column":null}},"6":{"start":{"line":54,"column":35},"end":{"line":64,"column":null}}},"fnMap":{},"branchMap":{},"s":{"0":1,"1":1,"2":1,"3":1,"4":1,"5":1,"6":1},"f":{},"b":{},"meta":{"lastBranch":0,"lastFunction":0,"lastStatement":7,"seen":{"s:3:19:3:Infinity":0,"s:4:18:4:Infinity":1,"s:6:34:27:Infinity":2,"s:29:35:34:Infinity":3,"s:36:34:46:Infinity":4,"s:48:32:52:Infinity":5,"s:54:35:64:Infinity":6},"fnNames":{}}}
,"/Users/emmett/nextjs/emmett_portofolio/src/lib/validations/testimonial.ts": {"path":"/Users/emmett/nextjs/emmett_portofolio/src/lib/validations/testimonial.ts","statementMap":{"0":{"start":{"line":3,"column":38},"end":{"line":6,"column":null}},"1":{"start":{"line":8,"column":33},"end":{"line":30,"column":null}},"2":{"start":{"line":32,"column":43},"end":{"line":40,"column":null}}},"fnMap":{},"branchMap":{},"s":{"0":2,"1":2,"2":2},"f":{},"b":{},"meta":{"lastBranch":0,"lastFunction":0,"lastStatement":3,"seen":{"s:3:38:6:Infinity":0,"s:8:33:30:Infinity":1,"s:32:43:40:Infinity":2},"fnNames":{}}}
,"/Users/emmett/nextjs/emmett_portofolio/src/lib/validations/email/index.ts": {"path":"/Users/emmett/nextjs/emmett_portofolio/src/lib/validations/email/index.ts","statementMap":{"0":{"start":{"line":3,"column":20},"end":{"line":3,"column":null}},"1":{"start":{"line":7,"column":39},"end":{"line":18,"column":null}},"2":{"start":{"line":20,"column":39},"end":{"line":23,"column":null}},"3":{"start":{"line":27,"column":41},"end":{"line":39,"column":null}},"4":{"start":{"line":41,"column":39},"end":{"line":49,"column":null}},"5":{"start":{"line":51,"column":41},"end":{"line":64,"column":null}},"6":{"start":{"line":66,"column":31},"end":{"line":70,"column":null}},"7":{"start":{"line":74,"column":44},"end":{"line":92,"column":null}},"8":{"start":{"line":94,"column":43},"end":{"line":99,"column":null}},"9":{"start":{"line":103,"column":41},"end":{"line":122,"column":null}},"10":{"start":{"line":124,"column":41},"end":{"line":124,"column":null}},"11":{"start":{"line":126,"column":35},"end":{"line":129,"column":null}},"12":{"start":{"line":131,"column":38},"end":{"line":134,"column":null}},"13":{"start":{"line":138,"column":41},"end":{"line":154,"column":null}},"14":{"start":{"line":158,"column":35},"end":{"line":169,"column":null}},"15":{"start":{"line":171,"column":37},"end":{"line":175,"column":null}},"16":{"start":{"line":179,"column":38},"end":{"line":190,"column":null}},"17":{"start":{"line":187,"column":19},"end":{"line":187,"column":31}}},"fnMap":{"0":{"name":"(anonymous_0)","decl":{"start":{"line":187,"column":5},"end":{"line":187,"column":13}},"loc":{"start":{"line":187,"column":19},"end":{"line":187,"column":31}},"line":187}},"branchMap":{},"s":{"0":1,"1":1,"2":1,"3":1,"4":1,"5":1,"6":1,"7":1,"8":1,"9":1,"10":1,"11":1,"12":1,"13":1,"14":1,"15":1,"16":1,"17":6},"f":{"0":6},"b":{},"meta":{"lastBranch":0,"lastFunction":1,"lastStatement":18,"seen":{"s:3:20:3:Infinity":0,"s:7:39:18:Infinity":1,"s:20:39:23:Infinity":2,"s:27:41:39:Infinity":3,"s:41:39:49:Infinity":4,"s:51:41:64:Infinity":5,"s:66:31:70:Infinity":6,"s:74:44:92:Infinity":7,"s:94:43:99:Infinity":8,"s:103:41:122:Infinity":9,"s:124:41:124:Infinity":10,"s:126:35:129:Infinity":11,"s:131:38:134:Infinity":12,"s:138:41:154:Infinity":13,"s:158:35:169:Infinity":14,"s:171:37:175:Infinity":15,"s:179:38:190:Infinity":16,"f:187:5:187:13":0,"s:187:19:187:31":17},"fnNames":{}}}
,"/Users/emmett/nextjs/emmett_portofolio/src/types/activity.ts": {"path":"/Users/emmett/nextjs/emmett_portofolio/src/types/activity.ts","statementMap":{"0":{"start":{"line":4,"column":55},"end":{"line":9,"column":null}},"1":{"start":{"line":11,"column":65},"end":{"line":16,"column":null}},"2":{"start":{"line":36,"column":50},"end":{"line":52,"column":null}},"3":{"start":{"line":54,"column":61},"end":{"line":70,"column":null}},"4":{"start":{"line":97,"column":53},"end":{"line":120,"column":null}},"5":{"start":{"line":133,"column":72},"end":{"line":142,"column":null}}},"fnMap":{},"branchMap":{},"s":{"0":1,"1":1,"2":1,"3":1,"4":1,"5":1},"f":{},"b":{},"meta":{"lastBranch":0,"lastFunction":0,"lastStatement":6,"seen":{"s:4:55:9:Infinity":0,"s:11:65:16:Infinity":1,"s:36:50:52:Infinity":2,"s:54:61:70:Infinity":3,"s:97:53:120:Infinity":4,"s:133:72:142:Infinity":5},"fnNames":{}}}
,"/Users/emmett/nextjs/emmett_portofolio/src/types/chatbot.ts": {"path":"/Users/emmett/nextjs/emmett_portofolio/src/types/chatbot.ts","statementMap":{"0":{"start":{"line":4,"column":46},"end":{"line":6,"column":null}},"1":{"start":{"line":8,"column":66},"end":{"line":16,"column":null}}},"fnMap":{},"branchMap":{},"s":{"0":1,"1":1},"f":{},"b":{},"meta":{"lastBranch":0,"lastFunction":0,"lastStatement":2,"seen":{"s:4:46:6:Infinity":0,"s:8:66:16:Infinity":1},"fnNames":{}}}
,"/Users/emmett/nextjs/emmett_portofolio/src/types/notifications.ts": {"path":"/Users/emmett/nextjs/emmett_portofolio/src/types/notifications.ts","statementMap":{"0":{"start":{"line":13,"column":63},"end":{"line":23,"column":null}},"1":{"start":{"line":25,"column":69},"end":{"line":35,"column":null}},"2":{"start":{"line":40,"column":54},"end":{"line":45,"column":null}},"3":{"start":{"line":47,"column":61},"end":{"line":52,"column":null}},"4":{"start":{"line":57,"column":63},"end":{"line":62,"column":null}},"5":{"start":{"line":64,"column":69},"end":{"line":69,"column":null}},"6":{"start":{"line":79,"column":52},"end":{"line":85,"column":null}},"7":{"start":{"line":87,"column":63},"end":{"line":93,"column":null}},"8":{"start":{"line":97,"column":26},"end":{"line":106,"column":null}},"9":{"start":{"line":108,"column":30},"end":{"line":112,"column":null}},"10":{"start":{"line":114,"column":31},"end":{"line":121,"column":null}},"11":{"start":{"line":123,"column":32},"end":{"line":127,"column":null}},"12":{"start":{"line":129,"column":33},"end":{"line":134,"column":null}},"13":{"start":{"line":136,"column":29},"end":{"line":139,"column":null}},"14":{"start":{"line":141,"column":34},"end":{"line":144,"column":null}},"15":{"start":{"line":146,"column":29},"end":{"line":152,"column":null}},"16":{"start":{"line":154,"column":30},"end":{"line":162,"column":null}},"17":{"start":{"line":176,"column":72},"end":{"line":217,"column":null}},"18":{"start":{"line":219,"column":72},"end":{"line":260,"column":null}},"19":{"start":{"line":262,"column":64},"end":{"line":303,"column":null}}},"fnMap":{},"branchMap":{},"s":{"0":16,"1":16,"2":16,"3":16,"4":16,"5":16,"6":16,"7":16,"8":16,"9":16,"10":16,"11":16,"12":16,"13":16,"14":16,"15":16,"16":16,"17":16,"18":16,"19":16},"f":{},"b":{},"meta":{"lastBranch":0,"lastFunction":0,"lastStatement":20,"seen":{"s:13:63:23:Infinity":0,"s:25:69:35:Infinity":1,"s:40:54:45:Infinity":2,"s:47:61:52:Infinity":3,"s:57:63:62:Infinity":4,"s:64:69:69:Infinity":5,"s:79:52:85:Infinity":6,"s:87:63:93:Infinity":7,"s:97:26:106:Infinity":8,"s:108:30:112:Infinity":9,"s:114:31:121:Infinity":10,"s:123:32:127:Infinity":11,"s:129:33:134:Infinity":12,"s:136:29:139:Infinity":13,"s:141:34:144:Infinity":14,"s:146:29:152:Infinity":15,"s:154:30:162:Infinity":16,"s:176:72:217:Infinity":17,"s:219:72:260:Infinity":18,"s:262:64:303:Infinity":19},"fnNames":{}}}
,"/Users/emmett/nextjs/emmett_portofolio/src/types/support.ts": {"path":"/Users/emmett/nextjs/emmett_portofolio/src/types/support.ts","statementMap":{"0":{"start":{"line":201,"column":32},"end":{"line":209,"column":null}},"1":{"start":{"line":211,"column":34},"end":{"line":217,"column":null}},"2":{"start":{"line":219,"column":34},"end":{"line":231,"column":null}},"3":{"start":{"line":233,"column":55},"end":{"line":245,"column":null}},"4":{"start":{"line":247,"column":55},"end":{"line":253,"column":null}},"5":{"start":{"line":255,"column":53},"end":{"line":263,"column":null}}},"fnMap":{},"branchMap":{},"s":{"0":1,"1":1,"2":1,"3":1,"4":1,"5":1},"f":{},"b":{},"meta":{"lastBranch":0,"lastFunction":0,"lastStatement":6,"seen":{"s:201:32:209:Infinity":0,"s:211:34:217:Infinity":1,"s:219:34:231:Infinity":2,"s:233:55:245:Infinity":3,"s:247:55:253:Infinity":4,"s:255:53:263:Infinity":5},"fnNames":{}}}
}
