TN:
SF:src/components/blog/BlogCard.tsx
FN:25,BlogCard
FN:64,(anonymous_1)
FNF:2
FNH:2
FNDA:16,BlogCard
FNDA:48,(anonymous_1)
DA:1,1
DA:26,16
DA:65,48
LF:3
LH:3
BRDA:51,0,0,16
BRDA:51,0,1,2
BRDA:51,1,0,1
BRDA:51,1,1,1
BRDA:61,2,0,16
BRDA:61,2,1,1
BRF:6
BRH:6
end_of_record
TN:
SF:src/components/chat/ChatBookingCards.tsx
FN:11,ChatBookingCards
FN:28,(anonymous_1)
FNF:2
FNH:2
FNDA:6,ChatBookingCards
FNDA:1,(anonymous_1)
DA:1,6
DA:8,6
DA:9,6
DA:12,6
DA:13,6
DA:14,6
DA:15,6
DA:17,6
DA:18,6
DA:20,5
DA:28,1
LF:11
LH:11
BRDA:17,0,0,6
BRDA:17,0,1,3
BRDA:18,1,0,1
BRDA:18,1,1,5
BRDA:37,2,0,5
BRDA:37,2,1,3
BRDA:59,3,0,6
BRDA:59,3,1,3
BRF:8
BRH:8
end_of_record
TN:
SF:src/components/chat/ChatBubble.tsx
FN:9,ChatBubble
FNF:1
FNH:1
FNDA:7,ChatBubble
DA:1,1
DA:10,7
DA:11,7
DA:13,7
LF:4
LH:4
BRDA:16,0,0,7
BRDA:16,0,1,5
BRDA:16,0,2,2
BRDA:24,1,0,1
BRDA:24,1,1,1
BRDA:38,2,0,2
BRDA:38,2,1,5
BRDA:41,3,0,2
BRDA:41,3,1,5
BRF:9
BRH:9
end_of_record
TN:
SF:src/components/chat/ChatContactForm.tsx
FN:15,ChatContactForm
FN:20,(anonymous_1)
FN:29,(anonymous_2)
FN:77,(anonymous_3)
FN:88,(anonymous_4)
FN:99,(anonymous_5)
FN:109,(anonymous_6)
FNF:7
FNH:6
FNDA:182,ChatContactForm
FNDA:0,(anonymous_1)
FNDA:5,(anonymous_2)
FNDA:48,(anonymous_3)
FNDA:96,(anonymous_4)
FNDA:11,(anonymous_5)
FNDA:8,(anonymous_6)
DA:1,1
DA:16,182
DA:17,182
DA:18,182
DA:20,182
DA:21,182
DA:22,182
DA:29,182
DA:30,5
DA:31,5
DA:32,4
DA:34,4
DA:35,4
DA:48,2
DA:49,1
DA:53,1
DA:55,3
DA:59,182
DA:77,48
DA:88,96
DA:99,11
DA:109,8
LF:22
LH:22
BRDA:18,0,0,182
BRDA:18,0,1,181
BRDA:18,0,2,25
BRDA:20,1,0,182
BRDA:20,1,1,181
BRDA:20,1,2,0
BRDA:31,2,0,1
BRDA:31,2,1,4
BRDA:31,3,0,5
BRDA:31,3,1,5
BRDA:31,3,2,5
BRDA:42,4,0,4
BRDA:42,4,1,4
BRDA:43,5,0,5
BRDA:43,5,1,4
BRDA:48,6,0,1
BRDA:48,6,1,1
BRDA:119,7,0,4
BRDA:119,7,1,178
BRF:19
BRH:18
end_of_record
TN:
SF:src/components/chat/ChatFeedback.tsx
FN:14,ChatFeedback
FN:18,(anonymous_1)
FN:25,(anonymous_2)
FN:45,(anonymous_3)
FN:50,(anonymous_4)
FN:80,(anonymous_5)
FN:83,(anonymous_6)
FN:103,(anonymous_7)
FNF:8
FNH:8
FNDA:34,ChatFeedback
FNDA:5,(anonymous_1)
FNDA:8,(anonymous_2)
FNDA:9,(anonymous_3)
FNDA:13,(anonymous_4)
FNDA:140,(anonymous_5)
FNDA:9,(anonymous_6)
FNDA:5,(anonymous_7)
DA:1,1
DA:15,34
DA:16,34
DA:17,34
DA:18,34
DA:19,34
DA:20,34
DA:21,34
DA:22,34
DA:25,34
DA:26,8
DA:27,7
DA:28,7
DA:38,6
DA:39,6
DA:41,1
DA:45,34
DA:46,9
DA:47,9
DA:50,34
DA:51,13
DA:52,8
DA:56,34
DA:57,6
DA:70,28
DA:81,140
DA:83,9
DA:103,5
LF:28
LH:28
BRDA:17,0,0,34
BRDA:17,0,1,3
BRDA:17,0,2,2
BRDA:18,1,0,34
BRDA:18,1,1,25
BRDA:18,1,2,5
BRDA:26,2,0,1
BRDA:26,2,1,7
BRDA:34,3,0,7
BRDA:34,3,1,6
BRDA:35,4,0,3
BRDA:35,4,1,4
BRDA:35,5,0,2
BRDA:35,5,1,2
BRDA:51,6,0,8
BRDA:51,6,1,5
BRDA:51,7,0,13
BRDA:51,7,1,8
BRDA:56,8,0,6
BRDA:56,8,1,28
BRDA:86,9,0,56
BRDA:86,9,1,84
BRDA:88,10,0,28
BRDA:88,10,1,56
BRDA:98,11,0,28
BRDA:98,11,1,14
BRF:26
BRH:26
end_of_record
TN:
SF:src/components/chat/ChatMessage.tsx
FN:13,formatTime
FN:18,formatDate
FN:26,CodeBlock
FN:33,(anonymous_3)
FN:36,(anonymous_4)
FN:70,ChatMessage
FN:96,(anonymous_6)
FN:102,(anonymous_7)
FN:109,(anonymous_8)
FN:114,(anonymous_9)
FN:119,(anonymous_10)
FN:124,(anonymous_11)
FN:127,(anonymous_12)
FN:130,(anonymous_13)
FN:133,(anonymous_14)
FN:136,(anonymous_15)
FN:139,(anonymous_16)
FN:142,(anonymous_17)
FN:143,(anonymous_18)
FNF:19
FNH:19
FNDA:18,formatTime
FNDA:18,formatDate
FNDA:6,CodeBlock
FNDA:2,(anonymous_3)
FNDA:2,(anonymous_4)
FNDA:18,ChatMessage
FNDA:1,(anonymous_6)
FNDA:1,(anonymous_7)
FNDA:2,(anonymous_8)
FNDA:2,(anonymous_9)
FNDA:1,(anonymous_10)
FNDA:2,(anonymous_11)
FNDA:1,(anonymous_12)
FNDA:6,(anonymous_13)
FNDA:1,(anonymous_14)
FNDA:1,(anonymous_15)
FNDA:1,(anonymous_16)
FNDA:1,(anonymous_17)
FNDA:2,(anonymous_18)
DA:1,1
DA:14,18
DA:15,18
DA:19,18
DA:20,18
DA:21,18
DA:22,18
DA:23,1
DA:27,6
DA:28,6
DA:29,6
DA:30,6
DA:31,6
DA:33,6
DA:34,2
DA:35,2
DA:36,2
DA:39,6
DA:40,5
DA:63,1
DA:71,18
DA:72,18
DA:73,18
DA:75,18
DA:97,1
DA:103,1
DA:110,2
DA:115,2
DA:120,1
DA:125,2
DA:128,1
DA:131,6
DA:134,1
DA:137,1
DA:140,1
DA:142,1
DA:144,2
LF:37
LH:37
BRDA:22,0,0,17
BRDA:22,0,1,1
BRDA:29,1,0,6
BRDA:29,1,1,1
BRDA:30,2,0,5
BRDA:30,2,1,1
BRDA:39,3,0,5
BRDA:39,3,1,1
BRDA:47,4,0,2
BRDA:47,4,1,3
BRDA:80,5,0,18
BRDA:80,5,1,1
BRDA:82,6,0,1
BRDA:82,6,1,17
BRDA:83,7,0,1
BRDA:83,7,1,17
BRDA:86,8,0,1
BRDA:86,8,1,17
BRDA:86,9,0,1
BRDA:86,9,1,16
BRDA:87,10,0,1
BRDA:87,10,1,17
BRDA:144,11,0,2
BRDA:144,11,1,0
BRDA:158,12,0,1
BRDA:158,12,1,17
BRDA:163,13,0,18
BRDA:163,13,1,1
BRDA:170,14,0,18
BRDA:170,14,1,1
BRF:30
BRH:29
end_of_record
TN:
SF:src/components/chat/ChatProvider.tsx
FN:43,useChat
FN:57,generateVisitorId
FN:61,loadFromStorage
FN:71,saveToStorage
FN:80,ChatProvider
FN:83,(anonymous_5)
FN:86,(anonymous_6)
FN:100,(anonymous_7)
FN:112,(anonymous_8)
FN:113,(anonymous_9)
FN:121,(anonymous_10)
FN:125,(anonymous_11)
FN:134,(anonymous_12)
FN:137,(anonymous_13)
FN:141,(anonymous_14)
FN:147,(anonymous_15)
FN:153,(anonymous_16)
FN:158,(anonymous_17)
FN:171,(anonymous_18)
FN:172,(anonymous_19)
FN:181,(anonymous_20)
FN:183,(anonymous_21)
FN:185,(anonymous_22)
FN:197,(anonymous_23)
FN:212,(anonymous_24)
FN:216,(anonymous_25)
FN:257,(anonymous_26)
FN:291,(anonymous_27)
FN:292,(anonymous_28)
FN:304,(anonymous_29)
FN:305,(anonymous_30)
FN:311,(anonymous_31)
FN:312,(anonymous_32)
FN:332,(anonymous_33)
FN:351,(anonymous_34)
FNF:35
FNH:35
FNDA:106,useChat
FNDA:35,generateVisitorId
FNDA:108,loadFromStorage
FNDA:119,saveToStorage
FNDA:69,ChatProvider
FNDA:36,(anonymous_5)
FNDA:36,(anonymous_6)
FNDA:36,(anonymous_7)
FNDA:49,(anonymous_8)
FNDA:8,(anonymous_9)
FNDA:49,(anonymous_10)
FNDA:59,(anonymous_11)
FNDA:50,(anonymous_12)
FNDA:15,(anonymous_13)
FNDA:7,(anonymous_14)
FNDA:8,(anonymous_15)
FNDA:3,(anonymous_16)
FNDA:1,(anonymous_17)
FNDA:2,(anonymous_18)
FNDA:2,(anonymous_19)
FNDA:1,(anonymous_20)
FNDA:1,(anonymous_21)
FNDA:1,(anonymous_22)
FNDA:21,(anonymous_23)
FNDA:20,(anonymous_24)
FNDA:1,(anonymous_25)
FNDA:7,(anonymous_26)
FNDA:1,(anonymous_27)
FNDA:2,(anonymous_28)
FNDA:1,(anonymous_29)
FNDA:2,(anonymous_30)
FNDA:4,(anonymous_31)
FNDA:8,(anonymous_32)
FNDA:6,(anonymous_33)
FNDA:7,(anonymous_34)
DA:1,11
DA:40,11
DA:44,106
DA:45,106
DA:46,104
DA:49,11
DA:51,11
DA:58,35
DA:62,108
DA:63,108
DA:64,108
DA:65,108
DA:67,1
DA:72,119
DA:73,119
DA:74,119
DA:81,69
DA:82,69
DA:83,69
DA:84,36
DA:86,69
DA:87,36
DA:89,69
DA:90,69
DA:91,69
DA:92,69
DA:93,69
DA:94,69
DA:95,69
DA:100,69
DA:101,36
DA:102,36
DA:103,35
DA:104,35
DA:105,35
DA:109,69
DA:112,69
DA:113,49
DA:114,8
DA:115,3
DA:117,5
DA:118,5
DA:121,49
DA:125,69
DA:126,59
DA:127,22
DA:129,37
DA:134,69
DA:135,50
DA:136,15
DA:138,15
DA:139,14
DA:142,7
DA:143,1
DA:144,1
DA:153,69
DA:154,3
DA:155,3
DA:158,69
DA:159,1
DA:160,1
DA:161,1
DA:162,1
DA:163,1
DA:164,1
DA:165,1
DA:166,1
DA:167,1
DA:168,1
DA:171,69
DA:172,2
DA:173,2
DA:174,2
DA:177,2
DA:178,2
DA:181,69
DA:183,69
DA:185,69
DA:186,1
DA:187,1
DA:188,1
DA:189,1
DA:190,1
DA:191,1
DA:192,1
DA:193,1
DA:194,1
DA:197,69
DA:198,21
DA:201,20
DA:203,20
DA:212,21
DA:213,21
DA:215,21
DA:216,21
DA:217,21
DA:219,21
DA:230,19
DA:231,5
DA:232,1
DA:234,4
DA:235,4
DA:236,4
DA:237,2
DA:239,2
DA:240,2
DA:241,2
DA:244,4
DA:247,14
DA:249,21
DA:250,8
DA:251,8
DA:253,7
DA:254,7
DA:255,7
DA:257,7
DA:269,7
DA:270,7
DA:272,7
DA:273,14
DA:274,14
DA:276,7
DA:277,7
DA:278,7
DA:280,14
DA:281,30
DA:284,15
DA:286,14
DA:287,7
DA:288,7
DA:289,7
DA:290,7
DA:291,1
DA:292,1
DA:293,2
DA:297,7
DA:298,1
DA:300,7
DA:301,1
DA:302,6
DA:303,1
DA:304,1
DA:305,1
DA:306,2
DA:309,5
DA:310,4
DA:311,4
DA:312,8
DA:318,6
DA:320,6
DA:321,6
DA:323,6
DA:332,6
DA:334,6
DA:335,1
DA:337,6
DA:338,1
DA:342,7
DA:343,7
DA:351,7
DA:353,20
DA:357,69
LF:162
LH:162
BRDA:45,0,0,2
BRDA:45,0,1,104
BRDA:58,1,0,34
BRDA:58,1,1,1
BRDA:62,2,0,0
BRDA:62,2,1,108
BRDA:65,3,0,4
BRDA:65,3,1,103
BRDA:72,4,0,0
BRDA:72,4,1,119
BRDA:102,5,0,1
BRDA:102,5,1,35
BRDA:114,6,0,3
BRDA:114,6,1,5
BRDA:126,7,0,22
BRDA:126,7,1,37
BRDA:135,8,0,15
BRDA:135,8,1,35
BRDA:135,9,0,50
BRDA:135,9,1,16
BRDA:138,10,0,1
BRDA:138,10,1,14
BRDA:142,11,0,1
BRDA:142,11,1,6
BRDA:173,12,0,1
BRDA:173,12,1,1
BRDA:198,13,0,1
BRDA:198,13,1,20
BRDA:205,14,0,20
BRDA:205,14,1,20
BRDA:230,15,0,5
BRDA:230,15,1,14
BRDA:231,16,0,1
BRDA:231,16,1,4
BRDA:237,17,0,2
BRDA:237,17,1,1
BRDA:241,18,0,1
BRDA:241,18,1,1
BRDA:247,19,0,14
BRDA:247,19,1,1
BRDA:249,20,0,8
BRDA:249,20,1,6
BRDA:251,21,0,1
BRDA:251,21,1,7
BRDA:261,22,0,7
BRDA:261,22,1,7
BRDA:274,23,0,7
BRDA:274,23,1,7
BRDA:278,24,0,7
BRDA:278,24,1,7
BRDA:281,25,0,15
BRDA:281,25,1,15
BRDA:286,26,0,7
BRDA:286,26,1,7
BRDA:290,27,0,1
BRDA:290,27,1,6
BRDA:293,28,0,1
BRDA:293,28,1,1
BRDA:297,29,0,1
BRDA:297,29,1,6
BRDA:300,30,0,1
BRDA:300,30,1,6
BRDA:302,31,0,1
BRDA:302,31,1,5
BRDA:306,32,0,1
BRDA:306,32,1,1
BRDA:309,33,0,4
BRDA:309,33,1,1
BRDA:312,34,0,4
BRDA:312,34,1,4
BRDA:328,35,0,1
BRDA:328,35,1,5
BRDA:334,36,0,1
BRDA:334,36,1,5
BRDA:337,37,0,1
BRDA:337,37,1,5
BRDA:345,38,0,7
BRDA:345,38,1,7
BRF:78
BRH:76
end_of_record
TN:
SF:src/components/chat/ChatSuggestions.tsx
FN:12,ChatSuggestions
FN:20,(anonymous_1)
FN:26,(anonymous_2)
FNF:3
FNH:3
FNDA:3,ChatSuggestions
FNDA:6,(anonymous_1)
FNDA:1,(anonymous_2)
DA:1,1
DA:13,3
DA:14,3
DA:21,6
DA:26,1
LF:5
LH:5
BRF:0
BRH:0
end_of_record
TN:
SF:src/components/chat/ChatWidgetWrapper.tsx
FN:21,ChatTriggers
FN:28,(anonymous_1)
FN:41,(anonymous_2)
FN:43,(anonymous_3)
FN:51,(anonymous_4)
FN:61,(anonymous_5)
FN:70,(anonymous_6)
FN:74,(anonymous_7)
FN:86,handleMouseLeave
FN:98,(anonymous_9)
FN:102,(anonymous_10)
FN:109,(anonymous_11)
FN:119,ChatWidgetWrapper
FN:124,(anonymous_13)
FN:126,(anonymous_14)
FN:127,(anonymous_15)
FN:128,(anonymous_16)
FNF:17
FNH:17
FNDA:12,ChatTriggers
FNDA:12,(anonymous_1)
FNDA:1,(anonymous_2)
FNDA:1,(anonymous_3)
FNDA:1,(anonymous_4)
FNDA:2,(anonymous_5)
FNDA:1,(anonymous_6)
FNDA:1,(anonymous_7)
FNDA:5,handleMouseLeave
FNDA:1,(anonymous_9)
FNDA:1,(anonymous_10)
FNDA:11,(anonymous_11)
FNDA:32,ChatWidgetWrapper
FNDA:17,(anonymous_13)
FNDA:16,(anonymous_14)
FNDA:16,(anonymous_15)
FNDA:1,(anonymous_16)
DA:1,1
DA:9,1
DA:22,12
DA:23,12
DA:24,12
DA:25,12
DA:26,12
DA:28,12
DA:33,12
DA:34,12
DA:35,12
DA:36,1
DA:37,1
DA:38,1
DA:40,1
DA:41,1
DA:42,1
DA:43,1
DA:44,1
DA:49,1
DA:51,1
DA:57,11
DA:58,11
DA:60,11
DA:61,3
DA:62,2
DA:63,2
DA:64,2
DA:66,2
DA:72,2
DA:73,2
DA:74,2
DA:75,1
DA:83,11
DA:84,11
DA:87,5
DA:88,4
DA:89,3
DA:91,2
DA:92,2
DA:94,2
DA:100,2
DA:101,2
DA:102,2
DA:103,1
DA:107,11
DA:109,11
DA:110,11
DA:111,11
DA:115,12
DA:120,32
DA:121,32
DA:122,32
DA:124,32
DA:125,17
DA:126,16
DA:127,16
DA:128,1
DA:131,32
LF:59
LH:59
BRDA:35,0,0,1
BRDA:35,0,1,11
BRDA:35,1,0,12
BRDA:35,1,1,1
BRDA:60,2,0,3
BRDA:60,2,1,8
BRDA:60,3,0,11
BRDA:60,3,1,3
BRDA:60,3,2,3
BRDA:62,4,0,0
BRDA:62,4,1,2
BRDA:87,5,0,1
BRDA:87,5,1,4
BRDA:88,6,0,1
BRDA:88,6,1,3
BRDA:88,7,0,4
BRDA:88,7,1,4
BRDA:89,8,0,1
BRDA:89,8,1,2
BRDA:110,9,0,3
BRDA:110,9,1,8
BRDA:121,10,0,32
BRDA:121,10,1,30
BRDA:121,10,2,28
BRDA:126,11,0,15
BRDA:126,11,1,1
BRDA:134,12,0,32
BRDA:134,12,1,26
BRDA:136,13,0,26
BRDA:136,13,1,12
BRF:30
BRH:29
end_of_record
TN:
SF:src/components/chat/ChatWindow.tsx
FN:24,ChatWindow
FN:54,(anonymous_1)
FN:58,(anonymous_2)
FN:62,(anonymous_3)
FN:64,(anonymous_4)
FN:68,(anonymous_5)
FN:75,(anonymous_6)
FN:83,(anonymous_7)
FN:120,(anonymous_8)
FN:164,(anonymous_9)
FN:222,(anonymous_10)
FNF:11
FNH:11
FNDA:27,ChatWindow
FNDA:19,(anonymous_1)
FNDA:19,(anonymous_2)
FNDA:19,(anonymous_3)
FNDA:3,(anonymous_4)
FNDA:2,(anonymous_5)
FNDA:2,(anonymous_6)
FNDA:1,(anonymous_7)
FNDA:2,(anonymous_8)
FNDA:26,(anonymous_9)
FNDA:5,(anonymous_10)
DA:1,1
DA:25,27
DA:26,27
DA:46,27
DA:48,27
DA:49,27
DA:50,27
DA:51,27
DA:52,27
DA:54,27
DA:55,19
DA:58,27
DA:59,19
DA:62,27
DA:63,19
DA:64,18
DA:68,27
DA:69,2
DA:70,2
DA:71,2
DA:72,2
DA:75,27
DA:76,2
DA:77,2
DA:78,1
DA:79,1
DA:80,1
DA:83,27
DA:84,1
DA:85,1
DA:88,27
DA:90,27
DA:120,2
DA:165,26
DA:222,5
LF:35
LH:35
BRDA:63,0,0,18
BRDA:63,0,1,1
BRDA:70,1,0,0
BRDA:70,1,1,2
BRDA:77,2,0,1
BRDA:77,2,1,1
BRDA:77,3,0,2
BRDA:77,3,1,1
BRDA:92,4,0,27
BRDA:92,4,1,26
BRDA:100,5,0,1
BRDA:100,5,1,25
BRDA:114,6,0,2
BRDA:114,6,1,24
BRDA:122,7,0,1
BRDA:122,7,1,25
BRDA:124,8,0,1
BRDA:124,8,1,25
BRDA:146,9,0,7
BRDA:146,9,1,19
BRDA:146,10,0,26
BRDA:146,10,1,9
BRDA:167,11,0,19
BRDA:167,11,1,2
BRDA:184,12,0,19
BRDA:184,12,1,1
BRDA:187,13,0,19
BRDA:187,13,1,1
BRDA:190,14,0,19
BRDA:190,14,1,2
BRDA:190,14,2,1
BRDA:190,14,3,1
BRDA:198,15,0,26
BRDA:198,15,1,2
BRDA:229,16,0,26
BRDA:229,16,1,5
BRDA:232,17,0,2
BRDA:232,17,1,24
BRF:38
BRH:37
end_of_record
TN:
SF:src/components/chat/ConversationReplyPanel.tsx
FN:47,ConversationReplyPanel
FN:72,(anonymous_1)
FN:76,(anonymous_2)
FN:98,(anonymous_3)
FN:114,(anonymous_4)
FN:124,(anonymous_5)
FN:149,(anonymous_6)
FN:217,(anonymous_7)
FN:233,(anonymous_8)
FN:347,(anonymous_9)
FNF:10
FNH:10
FNDA:129,ConversationReplyPanel
FNDA:35,(anonymous_1)
FNDA:12,(anonymous_2)
FNDA:7,(anonymous_3)
FNDA:7,(anonymous_4)
FNDA:79,(anonymous_5)
FNDA:264,(anonymous_6)
FNDA:77,(anonymous_7)
FNDA:1,(anonymous_8)
FNDA:2,(anonymous_9)
DA:1,1
DA:39,1
DA:60,129
DA:61,129
DA:62,129
DA:63,129
DA:64,129
DA:65,129
DA:66,129
DA:67,129
DA:69,129
DA:70,129
DA:72,129
DA:73,35
DA:76,129
DA:77,12
DA:79,11
DA:80,11
DA:81,11
DA:90,9
DA:91,2
DA:92,2
DA:95,7
DA:98,7
DA:109,7
DA:110,7
DA:111,7
DA:114,7
DA:116,4
DA:117,4
DA:119,11
DA:120,11
DA:124,129
DA:125,79
DA:126,2
DA:127,2
DA:131,129
DA:150,264
DA:151,264
DA:152,264
DA:217,77
DA:233,1
DA:348,2
LF:43
LH:43
BRDA:77,0,0,1
BRDA:77,0,1,11
BRDA:77,1,0,12
BRDA:77,1,1,11
BRDA:90,2,0,2
BRDA:90,2,1,7
BRDA:92,3,0,2
BRDA:92,3,1,1
BRDA:111,4,0,6
BRDA:111,4,1,1
BRDA:117,5,0,3
BRDA:117,5,1,1
BRDA:125,6,0,2
BRDA:125,6,1,77
BRDA:125,7,0,79
BRDA:125,7,1,2
BRDA:140,8,0,129
BRDA:140,8,1,1
BRDA:146,9,0,1
BRDA:146,9,1,128
BRDA:155,10,0,128
BRDA:155,10,1,136
BRDA:159,11,0,128
BRDA:159,11,1,136
BRDA:161,12,0,8
BRDA:161,12,1,128
BRDA:166,13,0,128
BRDA:166,13,1,136
BRDA:168,14,0,8
BRDA:168,14,1,128
BRDA:176,15,0,128
BRDA:176,15,1,136
BRDA:178,16,0,8
BRDA:178,16,1,128
BRDA:183,17,0,264
BRDA:183,17,1,8
BRDA:202,18,0,129
BRDA:202,18,1,125
BRDA:220,19,0,1
BRDA:220,19,1,124
BRDA:243,20,0,125
BRDA:243,20,1,6
BRDA:258,21,0,125
BRDA:258,21,1,89
BRDA:261,22,0,11
BRDA:261,22,1,114
BRDA:275,23,0,129
BRDA:275,23,1,4
BRDA:290,24,0,129
BRDA:290,24,1,129
BRDA:296,25,0,129
BRDA:296,25,1,129
BRDA:306,26,0,129
BRDA:306,26,1,1
BRDA:324,27,0,129
BRDA:324,27,1,1
BRDA:332,28,0,1
BRDA:332,28,1,1
BRDA:333,29,0,1
BRDA:333,29,1,1
BRDA:334,30,0,1
BRDA:334,30,1,1
BRDA:335,31,0,1
BRDA:335,31,1,1
BRDA:342,32,0,129
BRDA:342,32,1,129
BRDA:342,32,2,1
BRDA:350,33,0,2
BRDA:350,33,1,1
BRDA:351,34,0,2
BRDA:351,34,1,1
BRF:71
BRH:71
end_of_record
TN:
SF:src/components/chat/FullPageChat.tsx
FN:15,FullPageChat
FN:34,(anonymous_1)
FN:38,(anonymous_2)
FN:42,(anonymous_3)
FN:46,(anonymous_4)
FN:47,(anonymous_5)
FN:51,(anonymous_6)
FN:54,(anonymous_7)
FN:60,(anonymous_8)
FN:72,(anonymous_9)
FN:77,(anonymous_10)
FN:102,(anonymous_11)
FN:135,(anonymous_12)
FN:136,(anonymous_13)
FN:143,(anonymous_14)
FN:144,(anonymous_15)
FN:150,(anonymous_16)
FN:151,(anonymous_17)
FN:172,(anonymous_18)
FN:179,(anonymous_19)
FN:195,(anonymous_20)
FN:246,(anonymous_21)
FN:289,(anonymous_22)
FNF:23
FNH:23
FNDA:174,FullPageChat
FNDA:59,(anonymous_1)
FNDA:59,(anonymous_2)
FNDA:24,(anonymous_3)
FNDA:24,(anonymous_4)
FNDA:18,(anonymous_5)
FNDA:24,(anonymous_6)
FNDA:35,(anonymous_7)
FNDA:19,(anonymous_8)
FNDA:18,(anonymous_9)
FNDA:12,(anonymous_10)
FNDA:5,(anonymous_11)
FNDA:1,(anonymous_12)
FNDA:2,(anonymous_13)
FNDA:1,(anonymous_14)
FNDA:2,(anonymous_15)
FNDA:4,(anonymous_16)
FNDA:8,(anonymous_17)
FNDA:9,(anonymous_18)
FNDA:3,(anonymous_19)
FNDA:18,(anonymous_20)
FNDA:136,(anonymous_21)
FNDA:114,(anonymous_22)
DA:1,1
DA:7,1
DA:16,174
DA:17,174
DA:25,174
DA:26,174
DA:27,174
DA:28,174
DA:29,174
DA:30,174
DA:31,174
DA:32,174
DA:34,174
DA:35,59
DA:38,174
DA:39,59
DA:42,174
DA:43,24
DA:46,174
DA:47,24
DA:48,18
DA:49,18
DA:51,24
DA:54,174
DA:55,35
DA:56,11
DA:60,174
DA:61,19
DA:63,18
DA:72,19
DA:73,19
DA:74,19
DA:76,19
DA:77,19
DA:78,19
DA:80,19
DA:90,17
DA:92,15
DA:94,19
DA:95,6
DA:96,6
DA:98,5
DA:99,5
DA:100,5
DA:102,5
DA:114,5
DA:115,5
DA:117,5
DA:118,10
DA:119,10
DA:121,5
DA:122,5
DA:123,5
DA:125,10
DA:126,22
DA:129,11
DA:131,10
DA:132,4
DA:133,4
DA:134,4
DA:135,1
DA:136,1
DA:137,2
DA:141,6
DA:142,1
DA:143,1
DA:144,1
DA:145,2
DA:148,5
DA:149,4
DA:150,4
DA:151,8
DA:157,9
DA:158,9
DA:160,9
DA:172,9
DA:174,9
DA:175,1
DA:179,3
DA:191,17
DA:195,174
DA:196,18
DA:197,18
DA:200,174
DA:247,136
DA:289,114
LF:86
LH:86
BRDA:7,0,0,1
BRDA:7,0,1,1
BRDA:49,1,0,1
BRDA:49,1,1,17
BRDA:55,2,0,11
BRDA:55,2,1,24
BRDA:61,3,0,1
BRDA:61,3,1,18
BRDA:61,4,0,19
BRDA:61,4,1,18
BRDA:65,5,0,18
BRDA:65,5,1,15
BRDA:90,6,0,2
BRDA:90,6,1,15
BRDA:92,7,0,15
BRDA:92,7,1,1
BRDA:94,8,0,6
BRDA:94,8,1,9
BRDA:96,9,0,1
BRDA:96,9,1,5
BRDA:106,10,0,5
BRDA:106,10,1,5
BRDA:119,11,0,5
BRDA:119,11,1,5
BRDA:123,12,0,5
BRDA:123,12,1,5
BRDA:126,13,0,11
BRDA:126,13,1,11
BRDA:131,14,0,4
BRDA:131,14,1,6
BRDA:134,15,0,1
BRDA:134,15,1,3
BRDA:137,16,0,1
BRDA:137,16,1,1
BRDA:141,17,0,1
BRDA:141,17,1,5
BRDA:145,18,0,1
BRDA:145,18,1,1
BRDA:148,19,0,4
BRDA:148,19,1,1
BRDA:151,20,0,4
BRDA:151,20,1,4
BRDA:166,21,0,1
BRDA:166,21,1,8
BRDA:167,22,0,1
BRDA:167,22,1,8
BRDA:174,23,0,1
BRDA:174,23,1,8
BRDA:183,24,0,3
BRDA:183,24,1,3
BRDA:228,25,0,174
BRDA:228,25,1,124
BRDA:250,26,0,174
BRDA:250,26,1,0
BRDA:258,27,0,174
BRDA:258,27,1,15
BRDA:258,27,2,15
BRDA:258,27,3,15
BRDA:262,28,0,174
BRDA:262,28,1,18
BRDA:296,29,0,174
BRDA:296,29,1,111
BRDA:299,30,0,18
BRDA:299,30,1,156
BRF:64
BRH:63
end_of_record
TN:
SF:src/components/contact/BottomCTA.tsx
FN:8,BottomCTA
FN:10,(anonymous_1)
FN:21,(anonymous_2)
FNF:3
FNH:3
FNDA:7,BottomCTA
FNDA:2,(anonymous_1)
FNDA:1,(anonymous_2)
DA:1,1
DA:9,7
DA:10,7
DA:11,2
DA:12,2
DA:13,2
DA:14,2
DA:21,7
DA:22,1
DA:23,1
DA:26,7
LF:11
LH:11
BRF:0
BRH:0
end_of_record
TN:
SF:src/components/contact/CalendarContactCards.tsx
FN:10,CalendarContactCards
FNF:1
FNH:1
FNDA:8,CalendarContactCards
DA:1,8
DA:7,8
DA:8,8
DA:11,8
DA:12,8
DA:14,8
DA:15,8
DA:17,7
LF:8
LH:8
BRDA:14,0,0,8
BRDA:14,0,1,3
BRDA:15,1,0,1
BRDA:15,1,1,7
BRDA:23,2,0,7
BRDA:23,2,1,5
BRDA:45,3,0,8
BRDA:45,3,1,3
BRF:8
BRH:8
end_of_record
TN:
SF:src/components/contact/ContactFaqList.tsx
FN:9,ContactFaqList
FN:12,(anonymous_1)
FNF:2
FNH:2
FNDA:6,ContactFaqList
FNDA:10,(anonymous_1)
DA:1,1
DA:10,6
DA:13,10
LF:3
LH:3
BRF:0
BRH:0
end_of_record
TN:
SF:src/components/contact/ContactForm.tsx
FN:28,ContactForm
FN:51,(anonymous_1)
FN:73,(anonymous_2)
FN:100,(anonymous_3)
FN:135,(anonymous_4)
FN:137,(anonymous_5)
FN:146,(anonymous_6)
FN:150,(anonymous_7)
FN:154,(anonymous_8)
FN:164,(anonymous_9)
FN:171,(anonymous_10)
FN:177,(anonymous_11)
FN:184,(anonymous_12)
FN:188,(anonymous_13)
FN:195,(anonymous_14)
FN:213,(anonymous_15)
FN:227,(anonymous_16)
FN:245,(anonymous_17)
FN:258,(anonymous_18)
FN:274,(anonymous_19)
FN:278,(anonymous_20)
FN:303,(anonymous_21)
FN:307,(anonymous_22)
FN:328,(anonymous_23)
FN:332,(anonymous_24)
FN:356,(anonymous_25)
FN:372,(anonymous_26)
FN:439,(anonymous_27)
FNF:28
FNH:27
FNDA:1855,ContactForm
FNDA:20,(anonymous_1)
FNDA:20,(anonymous_2)
FNDA:1,(anonymous_3)
FNDA:5,(anonymous_4)
FNDA:0,(anonymous_5)
FNDA:2,(anonymous_6)
FNDA:1,(anonymous_7)
FNDA:16695,(anonymous_8)
FNDA:1855,(anonymous_9)
FNDA:8,(anonymous_10)
FNDA:1,(anonymous_11)
FNDA:1,(anonymous_12)
FNDA:6,(anonymous_13)
FNDA:1,(anonymous_14)
FNDA:136,(anonymous_15)
FNDA:268,(anonymous_16)
FNDA:22,(anonymous_17)
FNDA:16,(anonymous_18)
FNDA:16,(anonymous_19)
FNDA:14840,(anonymous_20)
FNDA:2,(anonymous_21)
FNDA:11130,(anonymous_22)
FNDA:2,(anonymous_23)
FNDA:9275,(anonymous_24)
FNDA:240,(anonymous_25)
FNDA:1037,(anonymous_26)
FNDA:10,(anonymous_27)
DA:1,1
DA:26,1
DA:29,1855
DA:30,1855
DA:31,1855
DA:33,1855
DA:45,1855
DA:46,1855
DA:47,1855
DA:48,1855
DA:49,1855
DA:51,1855
DA:52,20
DA:54,20
DA:55,20
DA:56,3
DA:57,17
DA:58,1
DA:60,20
DA:61,20
DA:62,20
DA:63,4
DA:64,16
DA:65,1
DA:68,20
DA:69,20
DA:70,20
DA:73,1855
DA:74,20
DA:75,20
DA:76,20
DA:77,20
DA:78,5
DA:79,5
DA:83,15
DA:85,14
DA:87,14
DA:88,14
DA:91,14
DA:92,3
DA:93,3
DA:96,1
DA:97,1
DA:99,1
DA:100,1
DA:101,1
DA:105,12
DA:107,12
DA:108,12
DA:119,9
DA:120,6
DA:121,6
DA:133,6
DA:134,6
DA:135,6
DA:137,3
DA:138,3
DA:139,1
DA:140,1
DA:141,1
DA:143,1
DA:145,3
DA:146,3
DA:149,1
DA:150,1
DA:154,1855
DA:155,16695
DA:164,1855
DA:165,1855
DA:171,1855
DA:172,8
DA:173,8
DA:176,8
DA:177,1
DA:178,1
DA:182,7
DA:183,8
DA:184,1
DA:185,1
DA:188,6
DA:189,6
DA:190,6
DA:192,6
DA:195,1855
DA:196,1
DA:199,1855
DA:201,1855
DA:213,136
DA:227,268
DA:245,22
DA:258,16
DA:274,16
DA:279,14840
DA:303,2
DA:308,11130
DA:328,2
DA:333,9275
DA:356,240
DA:372,1037
DA:439,10
LF:100
LH:100
BRDA:54,0,0,3
BRDA:54,0,1,17
BRDA:55,1,0,3
BRDA:55,1,1,17
BRDA:57,2,0,1
BRDA:57,2,1,16
BRDA:60,3,0,4
BRDA:60,3,1,16
BRDA:61,4,0,4
BRDA:61,4,1,16
BRDA:62,5,0,4
BRDA:62,5,1,16
BRDA:64,6,0,1
BRDA:64,6,1,15
BRDA:77,7,0,5
BRDA:77,7,1,15
BRDA:83,8,0,1
BRDA:83,8,1,14
BRDA:91,9,0,3
BRDA:91,9,1,11
BRDA:97,10,0,1
BRDA:97,10,1,0
BRDA:119,11,0,6
BRDA:119,11,1,3
BRDA:138,12,0,1
BRDA:138,12,1,2
BRDA:159,13,0,566
BRDA:159,13,1,16129
BRDA:168,14,0,1855
BRDA:168,14,1,507
BRDA:173,15,0,0
BRDA:173,15,1,8
BRDA:176,16,0,1
BRDA:176,16,1,7
BRDA:183,17,0,1
BRDA:183,17,1,7
BRDA:217,18,0,1855
BRDA:217,18,1,112
BRDA:231,19,0,1855
BRDA:231,19,1,114
BRDA:290,20,0,1855
BRDA:290,20,1,113
BRDA:304,21,0,1855
BRDA:304,21,1,1831
BRDA:329,22,0,1855
BRDA:329,22,1,1833
BRDA:360,23,0,1855
BRDA:360,23,1,113
BRDA:376,24,0,1855
BRDA:376,24,1,114
BRDA:382,25,0,10
BRDA:382,25,1,1845
BRDA:426,26,0,1855
BRDA:426,26,1,2
BRDA:447,27,0,1855
BRDA:447,27,1,114
BRDA:459,28,0,1855
BRDA:459,28,1,1844
BRDA:462,29,0,3
BRDA:462,29,1,1852
BRDA:467,30,0,11
BRDA:467,30,1,1841
BRDA:472,31,0,6
BRDA:472,31,1,1835
BRDA:486,32,0,1855
BRDA:486,32,1,5
BRF:66
BRH:64
end_of_record
TN:
SF:src/components/contact/ContactMethods.tsx
FN:42,ContactMethods
FN:110,(anonymous_1)
FNF:2
FNH:2
FNDA:10,ContactMethods
FNDA:50,(anonymous_1)
DA:1,1
DA:24,1
DA:33,1
DA:43,10
DA:44,10
DA:46,10
DA:89,10
DA:111,50
LF:8
LH:8
BRDA:115,0,0,30
BRDA:115,0,1,20
BRDA:116,1,0,30
BRDA:116,1,1,20
BRF:4
BRH:4
end_of_record
TN:
SF:src/components/contact/FAQSection.tsx
FN:43,FAQSection
FN:48,(anonymous_1)
FN:49,(anonymous_2)
FN:67,(anonymous_3)
FN:91,(anonymous_4)
FN:99,(anonymous_5)
FN:110,(anonymous_6)
FNF:7
FNH:7
FNDA:23,FAQSection
FNDA:10,(anonymous_1)
FNDA:10,(anonymous_2)
FNDA:4,(anonymous_3)
FNDA:30,(anonymous_4)
FNDA:61,(anonymous_5)
FNDA:4,(anonymous_6)
DA:1,1
DA:15,1
DA:44,23
DA:45,23
DA:46,23
DA:48,23
DA:49,10
DA:50,10
DA:51,10
DA:52,5
DA:53,5
DA:54,5
DA:55,1
DA:61,9
DA:64,10
DA:67,23
DA:68,4
DA:71,23
DA:92,30
DA:100,61
DA:110,4
LF:21
LH:21
BRDA:52,0,0,5
BRDA:52,0,1,0
BRDA:54,1,0,1
BRDA:54,1,1,4
BRDA:68,2,0,1
BRDA:68,2,1,3
BRDA:89,3,0,10
BRDA:89,3,1,13
BRDA:104,4,0,3
BRDA:104,4,1,58
BRDA:118,5,0,3
BRDA:118,5,1,58
BRDA:122,6,0,3
BRDA:122,6,1,58
BRDA:132,7,0,61
BRDA:132,7,1,3
BRDA:100,8,0,61
BRDA:100,8,1,60
BRF:18
BRH:17
end_of_record
TN:
SF:src/components/contact/FormFields.tsx
FN:16,FieldWrapper
FN:46,(anonymous_1)
FN:75,(anonymous_2)
FN:96,(anonymous_3)
FN:119,(anonymous_4)
FN:149,FormFileUpload
FN:168,(anonymous_6)
FNF:7
FNH:7
FNDA:6,FieldWrapper
FNDA:7,(anonymous_1)
FNDA:5,(anonymous_2)
FNDA:10,(anonymous_3)
FNDA:5,(anonymous_4)
FNDA:7,FormFileUpload
FNDA:1,(anonymous_6)
DA:1,1
DA:17,6
DA:46,1
DA:48,7
DA:65,1
DA:75,1
DA:77,5
DA:97,10
DA:111,1
DA:119,1
DA:121,5
DA:138,1
DA:150,7
DA:151,7
DA:169,1
DA:170,1
LF:16
LH:16
BRDA:22,0,0,6
BRDA:22,0,1,1
BRDA:26,1,0,6
BRDA:26,1,1,1
BRDA:55,2,0,1
BRDA:55,2,1,6
BRDA:76,3,0,5
BRDA:85,4,0,1
BRDA:85,4,1,4
BRDA:88,5,0,5
BRDA:88,5,1,5
BRDA:128,6,0,1
BRDA:128,6,1,4
BRDA:149,7,0,7
BRDA:158,8,0,2
BRDA:158,8,1,5
BRDA:160,9,0,2
BRDA:160,9,1,3
BRDA:169,10,0,1
BRDA:169,10,1,0
BRDA:175,11,0,2
BRDA:175,11,1,5
BRDA:199,12,0,7
BRDA:199,12,1,2
BRF:24
BRH:23
end_of_record
TN:
SF:src/components/contact/QuickContactCards.tsx
FN:14,QuickContactCards
FN:46,(anonymous_1)
FNF:2
FNH:2
FNDA:7,QuickContactCards
FNDA:28,(anonymous_1)
DA:1,1
DA:15,7
DA:17,7
DA:44,7
DA:47,28
DA:48,28
LF:6
LH:6
BRDA:52,0,0,14
BRDA:52,0,1,14
BRDA:53,1,0,14
BRDA:53,1,1,14
BRF:4
BRH:4
end_of_record
TN:
SF:src/components/contact/SuccessModal.tsx
FN:17,SuccessModal
FN:23,(anonymous_1)
FN:43,(anonymous_2)
FN:47,(anonymous_3)
FN:51,(anonymous_4)
FN:98,(anonymous_5)
FN:142,(anonymous_6)
FN:142,(anonymous_7)
FN:152,(anonymous_8)
FN:152,(anonymous_9)
FN:161,(anonymous_10)
FNF:11
FNH:11
FNDA:93,SuccessModal
FNDA:14,(anonymous_1)
FNDA:1,(anonymous_2)
FNDA:1,(anonymous_3)
FNDA:3,(anonymous_4)
FNDA:19,(anonymous_5)
FNDA:14,(anonymous_6)
FNDA:14,(anonymous_7)
FNDA:1,(anonymous_8)
FNDA:1,(anonymous_9)
FNDA:1,(anonymous_10)
DA:1,1
DA:18,93
DA:19,93
DA:20,93
DA:21,93
DA:23,93
DA:24,14
DA:25,13
DA:26,13
DA:27,13
DA:39,11
DA:40,9
DA:42,2
DA:43,2
DA:46,2
DA:47,2
DA:51,93
DA:52,3
DA:53,3
DA:54,3
DA:55,3
DA:58,93
DA:60,93
DA:98,19
DA:142,14
DA:152,1
DA:161,1
LF:27
LH:27
BRDA:24,0,0,1
BRDA:24,0,1,13
BRDA:24,1,0,14
BRDA:24,1,1,14
BRDA:31,2,0,13
BRDA:31,2,1,1
BRDA:34,3,0,14
BRDA:34,3,1,12
BRDA:35,4,0,14
BRDA:35,4,1,1
BRDA:39,5,0,9
BRDA:39,5,1,2
BRDA:62,6,0,93
BRDA:62,6,1,92
BRDA:82,7,0,31
BRDA:82,7,1,61
BRDA:113,8,0,8
BRDA:113,8,1,53
BRDA:156,9,0,53
BRDA:156,9,1,4
BRDA:166,10,0,53
BRDA:166,10,1,40
BRDA:169,11,0,13
BRDA:169,11,1,40
BRF:24
BRH:24
end_of_record
TN:
SF:src/components/contact/WhatsAppButton.tsx
FN:8,WhatsAppButton
FNF:1
FNH:1
FNDA:6,WhatsAppButton
DA:1,1
DA:9,6
DA:10,6
DA:11,6
DA:15,6
LF:5
LH:5
BRF:0
BRH:0
end_of_record
TN:
SF:src/components/home/ContactCTA.tsx
FN:8,ContactCTA
FNF:1
FNH:1
FNDA:4,ContactCTA
DA:1,1
DA:9,4
DA:10,4
LF:3
LH:3
BRF:0
BRH:0
end_of_record
TN:
SF:src/components/home/FeaturedProjects.tsx
FN:11,FeaturedProjects
FN:13,(anonymous_1)
FN:24,(anonymous_2)
FN:69,(anonymous_3)
FNF:4
FNH:4
FNDA:9,FeaturedProjects
FNDA:54,(anonymous_1)
FNDA:27,(anonymous_2)
FNDA:81,(anonymous_3)
DA:1,1
DA:12,9
DA:13,54
DA:15,9
DA:25,27
DA:70,81
LF:6
LH:6
BRDA:45,0,0,27
BRDA:45,0,1,27
BRDA:54,1,0,27
BRDA:54,1,1,18
BRF:4
BRH:4
end_of_record
TN:
SF:src/components/home/HeroSection.tsx
FN:22,HeroSection
FN:183,HeroSocialLinks
FN:193,(anonymous_2)
FNF:3
FNH:3
FNDA:18,HeroSection
FNDA:18,HeroSocialLinks
FNDA:54,(anonymous_2)
DA:1,1
DA:23,18
DA:24,18
DA:184,18
DA:185,18
DA:186,18
DA:191,18
DA:194,54
LF:8
LH:8
BRDA:40,0,0,18
BRDA:40,0,1,17
BRDA:45,1,0,18
BRDA:45,1,1,17
BRDA:51,2,0,18
BRDA:51,2,1,17
BRDA:54,3,0,18
BRDA:54,3,1,17
BRDA:58,4,0,18
BRDA:58,4,1,17
BRDA:61,5,0,18
BRDA:61,5,1,17
BRF:12
BRH:12
end_of_record
TN:
SF:src/components/home/HeroTypewriter.tsx
FN:6,HeroTypewriter
FN:22,(anonymous_1)
FN:23,(anonymous_2)
FN:24,(anonymous_3)
FN:27,(anonymous_4)
FN:33,(anonymous_5)
FN:34,(anonymous_6)
FN:37,(anonymous_7)
FN:55,(anonymous_8)
FNF:9
FNH:9
FNDA:182,HeroTypewriter
FNDA:9,(anonymous_1)
FNDA:3,(anonymous_2)
FNDA:9,(anonymous_3)
FNDA:182,(anonymous_4)
FNDA:5,(anonymous_5)
FNDA:7,(anonymous_6)
FNDA:165,(anonymous_7)
FNDA:166,(anonymous_8)
DA:1,1
DA:7,182
DA:8,182
DA:14,182
DA:15,182
DA:16,182
DA:17,182
DA:18,182
DA:20,182
DA:22,182
DA:23,9
DA:24,9
DA:27,182
DA:28,182
DA:30,173
DA:32,173
DA:33,7
DA:34,7
DA:37,166
DA:39,165
DA:40,69
DA:42,96
DA:43,92
DA:45,4
DA:46,4
DA:47,4
DA:48,4
DA:55,182
DA:56,166
DA:57,166
DA:61,182
LF:31
LH:31
BRDA:14,0,0,0
BRDA:14,0,1,182
BRDA:14,1,0,182
BRDA:14,1,1,0
BRDA:28,2,0,9
BRDA:28,2,1,173
BRDA:32,3,0,7
BRDA:32,3,1,166
BRDA:32,4,0,173
BRDA:32,4,1,76
BRDA:39,5,0,69
BRDA:39,5,1,96
BRDA:42,6,0,92
BRDA:42,6,1,4
BRDA:52,7,0,97
BRDA:52,7,1,69
BRF:16
BRH:14
end_of_record
TN:
SF:src/components/home/ServicesOverview.tsx
FN:26,ServicesOverview
FN:37,(anonymous_1)
FNF:2
FNH:2
FNDA:6,ServicesOverview
FNDA:36,(anonymous_1)
DA:1,1
DA:17,1
DA:27,6
DA:28,6
DA:38,36
LF:5
LH:5
BRF:0
BRH:0
end_of_record
TN:
SF:src/components/home/SkillsOverview.tsx
FN:18,SkillsOverview
FN:29,(anonymous_1)
FN:47,(anonymous_2)
FNF:3
FNH:3
FNDA:6,SkillsOverview
FNDA:30,(anonymous_1)
FNDA:120,(anonymous_2)
DA:1,1
DA:10,1
DA:19,6
DA:20,6
DA:30,30
DA:48,120
LF:6
LH:6
BRF:0
BRH:0
end_of_record
TN:
SF:src/components/home/Testimonials.tsx
FN:9,Testimonials
FN:20,(anonymous_1)
FN:31,(anonymous_2)
FN:47,(anonymous_3)
FNF:4
FNH:4
FNDA:8,Testimonials
FNDA:32,(anonymous_1)
FNDA:160,(anonymous_2)
FNDA:64,(anonymous_3)
DA:1,1
DA:10,8
DA:11,8
DA:21,32
DA:32,160
DA:47,64
LF:6
LH:6
BRF:0
BRH:0
end_of_record
TN:
SF:src/components/layout/Footer.tsx
FN:7,Footer
FN:18,(anonymous_1)
FN:64,(anonymous_2)
FN:80,(anonymous_3)
FN:86,(anonymous_4)
FNF:5
FNH:5
FNDA:16,Footer
FNDA:45,(anonymous_1)
FNDA:60,(anonymous_2)
FNDA:45,(anonymous_3)
FNDA:165,(anonymous_4)
DA:8,16
DA:9,16
DA:10,16
DA:15,15
DA:18,45
DA:39,15
DA:65,60
DA:81,45
DA:87,165
LF:9
LH:9
BRDA:10,0,0,1
BRDA:10,0,1,15
BRDA:88,1,0,60
BRDA:88,1,1,105
BRF:4
BRH:4
end_of_record
TN:
SF:src/components/layout/Navbar.tsx
FN:24,Navbar
FN:34,(anonymous_1)
FN:35,(anonymous_2)
FN:37,(anonymous_3)
FN:40,(anonymous_4)
FN:71,(anonymous_5)
FN:100,(anonymous_6)
FN:120,(anonymous_7)
FNF:8
FNH:8
FNDA:17,Navbar
FNDA:13,(anonymous_1)
FNDA:1,(anonymous_2)
FNDA:13,(anonymous_3)
FNDA:13,(anonymous_4)
FNDA:112,(anonymous_5)
FNDA:3,(anonymous_6)
FNDA:14,(anonymous_7)
DA:1,1
DA:14,1
DA:25,17
DA:26,17
DA:27,17
DA:28,17
DA:29,17
DA:32,17
DA:34,17
DA:35,13
DA:36,13
DA:37,13
DA:40,17
DA:41,13
DA:42,0
DA:43,0
DA:47,17
DA:49,16
DA:51,16
DA:72,112
DA:73,112
DA:74,112
DA:100,3
DA:121,14
DA:122,14
DA:123,14
LF:26
LH:24
BRDA:41,0,0,0
BRDA:41,0,1,13
BRDA:47,1,0,1
BRDA:47,1,1,16
BRDA:55,2,0,1
BRDA:55,2,1,15
BRDA:73,3,0,112
BRDA:73,3,1,112
BRDA:73,3,2,0
BRDA:80,4,0,16
BRDA:80,4,1,96
BRDA:104,5,0,2
BRDA:104,5,1,14
BRDA:111,6,0,17
BRDA:111,6,1,2
BRDA:122,7,0,14
BRDA:122,7,1,14
BRDA:122,7,2,0
BRDA:129,8,0,2
BRDA:129,8,1,12
BRF:20
BRH:17
end_of_record
TN:
SF:src/components/newsletter/forms/NewsletterSignupForm.tsx
FN:15,NewsletterSignupForm
FN:31,(anonymous_1)
FN:137,(anonymous_2)
FN:149,(anonymous_3)
FN:160,(anonymous_4)
FNF:5
FNH:5
FNDA:239,NewsletterSignupForm
FNDA:9,(anonymous_1)
FNDA:40,(anonymous_2)
FNDA:151,(anonymous_3)
FNDA:10,(anonymous_4)
DA:1,1
DA:21,239
DA:22,239
DA:23,239
DA:24,239
DA:25,239
DA:28,239
DA:30,239
DA:32,9
DA:33,9
DA:35,9
DA:36,9
DA:38,9
DA:39,9
DA:50,7
DA:52,7
DA:53,1
DA:54,1
DA:55,1
DA:58,6
DA:59,5
DA:60,5
DA:65,5
DA:66,5
DA:67,5
DA:68,5
DA:70,1
DA:71,1
DA:74,1
DA:75,1
DA:81,239
DA:83,239
DA:85,239
DA:86,5
DA:106,234
DA:137,40
DA:149,151
DA:160,10
LF:38
LH:38
BRDA:18,0,0,239
BRDA:33,1,0,0
BRDA:33,1,1,9
BRDA:33,2,0,9
BRDA:33,2,1,9
BRDA:43,3,0,9
BRDA:43,3,1,0
BRDA:52,4,0,1
BRDA:52,4,1,6
BRDA:54,5,0,1
BRDA:54,5,1,0
BRDA:58,6,0,5
BRDA:58,6,1,1
BRDA:61,7,0,1
BRDA:61,7,1,4
BRDA:71,8,0,1
BRDA:71,8,1,0
BRDA:85,9,0,5
BRDA:85,9,1,234
BRDA:109,10,0,234
BRDA:109,10,1,208
BRDA:109,11,0,239
BRDA:109,11,1,2
BRDA:109,12,0,239
BRDA:109,12,1,24
BRDA:111,13,0,239
BRDA:111,13,1,3
BRDA:115,14,0,3
BRDA:115,14,1,2
BRDA:117,15,0,3
BRDA:117,15,1,1
BRDA:122,16,0,1
BRDA:122,16,1,2
BRDA:131,17,0,239
BRDA:131,17,1,232
BRDA:175,18,0,239
BRDA:175,18,1,225
BRDA:175,18,2,163
BRDA:178,19,0,2
BRDA:178,19,1,232
BRDA:181,20,0,9
BRDA:181,20,1,225
BRF:42
BRH:38
end_of_record
TN:
SF:src/components/portfolio/ProjectCard.tsx
FN:25,ProjectCard
FN:83,(anonymous_1)
FNF:2
FNH:2
FNDA:17,ProjectCard
FNDA:51,(anonymous_1)
DA:1,1
DA:26,17
DA:84,51
LF:3
LH:3
BRDA:25,0,0,17
BRDA:46,1,0,17
BRDA:46,1,1,15
BRDA:56,2,0,17
BRDA:56,2,1,15
BRF:5
BRH:5
end_of_record
TN:
SF:src/components/shared/AnimatedSection.tsx
FN:12,AnimatedSection
FNF:1
FNH:1
FNDA:6,AnimatedSection
DA:1,1
DA:17,6
LF:2
LH:2
BRDA:15,0,0,6
BRF:1
BRH:1
end_of_record
TN:
SF:src/components/shared/CtaSection.tsx
FN:43,CtaSection
FN:53,(anonymous_1)
FN:123,(anonymous_2)
FNF:3
FNH:3
FNDA:14,CtaSection
FNDA:16,(anonymous_1)
FNDA:2,(anonymous_2)
DA:1,1
DA:37,1
DA:53,14
DA:54,16
DA:55,16
DA:57,16
DA:65,16
DA:69,16
DA:70,1
DA:79,15
DA:88,14
DA:123,2
LF:12
LH:12
BRDA:49,0,0,14
BRDA:50,1,0,14
BRDA:59,2,0,14
BRDA:59,2,1,2
BRDA:65,3,0,1
BRDA:65,3,1,15
BRDA:69,4,0,1
BRDA:69,4,1,15
BRDA:72,5,0,1
BRDA:72,5,1,0
BRDA:74,6,0,1
BRDA:74,6,1,1
BRDA:80,7,0,15
BRDA:80,7,1,0
BRDA:81,8,0,16
BRDA:81,8,1,0
BRDA:83,9,0,16
BRDA:83,9,1,15
BRDA:94,10,0,14
BRDA:94,10,1,13
BRDA:99,11,0,14
BRDA:99,11,1,13
BRDA:107,12,0,14
BRDA:107,12,1,1
BRF:24
BRH:21
end_of_record
TN:
SF:src/components/shared/NewsletterSkeleton.tsx
FN:14,NewsletterSkeleton
FNF:1
FNH:1
FNDA:5,NewsletterSkeleton
DA:15,5
LF:1
LH:1
BRF:0
BRH:0
end_of_record
TN:
SF:src/components/shared/SectionHeader.tsx
FN:13,SectionHeader
FNF:1
FNH:1
FNDA:9,SectionHeader
DA:1,1
DA:19,9
LF:2
LH:2
BRDA:17,0,0,9
BRDA:27,1,0,9
BRDA:27,1,1,8
BRDA:34,2,0,9
BRDA:34,2,1,2
BRF:5
BRH:5
end_of_record
TN:
SF:src/components/shared/Timeline.tsx
FN:17,Timeline
FN:24,(anonymous_1)
FN:47,(anonymous_2)
FNF:3
FNH:3
FNDA:10,Timeline
FNDA:17,(anonymous_1)
FNDA:27,(anonymous_2)
DA:1,1
DA:18,10
DA:25,17
DA:48,27
LF:4
LH:4
BRF:0
BRH:0
end_of_record
TN:
SF:src/components/ui/AnimatedCounter.tsx
FN:16,AnimatedCounter
FN:27,(anonymous_1)
FN:28,(anonymous_2)
FN:30,(anonymous_3)
FNF:4
FNH:4
FNDA:7,AnimatedCounter
FNDA:14,(anonymous_1)
FNDA:14,(anonymous_2)
FNDA:7,(anonymous_3)
DA:1,1
DA:24,7
DA:25,7
DA:26,7
DA:27,14
DA:28,14
DA:30,7
DA:31,7
DA:32,7
DA:36,7
DA:40,7
LF:11
LH:11
BRDA:17,0,0,7
BRDA:19,1,0,7
BRDA:20,2,0,7
BRDA:21,3,0,7
BRDA:22,4,0,7
BRDA:31,5,0,7
BRDA:31,5,1,0
BRF:7
BRH:6
end_of_record
TN:
SF:src/components/ui/BackToTop.tsx
FN:8,BackToTop
FN:20,(anonymous_1)
FNF:2
FNH:2
FNDA:7,BackToTop
FNDA:1,(anonymous_1)
DA:1,1
DA:9,7
DA:10,7
DA:11,7
DA:16,7
DA:18,7
DA:20,1
LF:7
LH:7
BRDA:30,0,0,6
BRDA:30,0,1,1
BRDA:31,1,0,5
BRDA:31,1,1,1
BRDA:35,2,0,6
BRDA:35,2,1,1
BRDA:36,3,0,5
BRDA:36,3,1,1
BRF:8
BRH:8
end_of_record
TN:
SF:src/components/ui/ErrorBoundary.tsx
FN:11,ErrorFallback
FN:29,constructor
FN:34,getDerivedStateFromError
FN:36,render
FN:42,(anonymous_4)
FNF:5
FNH:5
FNDA:11,ErrorFallback
FNDA:14,constructor
FNDA:1,getDerivedStateFromError
FNDA:27,render
FNDA:1,(anonymous_4)
DA:1,1
DA:12,11
DA:13,11
DA:30,14
DA:31,14
DA:34,12
DA:37,27
DA:38,13
DA:39,11
DA:42,1
DA:46,14
LF:11
LH:11
BRDA:18,0,0,11
BRDA:18,0,1,2
BRDA:37,1,0,13
BRDA:37,1,1,14
BRDA:38,2,0,2
BRDA:38,2,1,11
BRF:6
BRH:6
end_of_record
TN:
SF:src/components/ui/GlassCard.tsx
FN:11,GlassCard
FNF:1
FNH:1
FNDA:6,GlassCard
DA:1,1
DA:12,6
LF:2
LH:2
BRDA:11,0,0,6
BRDA:21,1,0,6
BRDA:21,1,1,1
BRDA:22,2,0,6
BRDA:22,2,1,1
BRF:5
BRH:5
end_of_record
TN:
SF:src/components/ui/ScrollProgress.tsx
FN:5,ScrollProgress
FNF:1
FNH:1
FNDA:7,ScrollProgress
DA:1,1
DA:6,7
DA:7,7
DA:13,7
LF:4
LH:4
BRF:0
BRH:0
end_of_record
TN:
SF:src/components/ui/SkillBar.tsx
FN:10,SkillBar
FNF:1
FNH:1
FNDA:6,SkillBar
DA:1,1
DA:11,6
LF:2
LH:2
BRF:0
BRH:0
end_of_record
TN:
SF:src/components/ui/SocialIcons.tsx
FN:7,GithubIcon
FN:19,LinkedInIcon
FN:31,TwitterIcon
FNF:3
FNH:3
FNDA:53,GithubIcon
FNDA:52,LinkedInIcon
FNDA:35,TwitterIcon
DA:8,53
DA:20,52
DA:32,35
LF:3
LH:3
BRF:0
BRH:0
end_of_record
TN:
SF:src/components/ui/StatusBadge.tsx
FN:82,formatLabel
FN:90,(anonymous_1)
FN:102,StatusBadge
FNF:3
FNH:3
FNDA:19,formatLabel
FNDA:16,(anonymous_1)
FNDA:20,StatusBadge
DA:13,1
DA:83,19
DA:84,18
DA:85,17
DA:87,16
DA:90,16
DA:109,20
DA:111,20
DA:113,20
LF:9
LH:9
BRDA:83,0,0,1
BRDA:83,0,1,18
BRDA:84,1,0,1
BRDA:84,1,1,17
BRDA:85,2,0,1
BRDA:85,2,1,16
BRDA:105,3,0,20
BRDA:109,4,0,20
BRDA:109,4,1,1
BRDA:111,5,0,20
BRDA:111,5,1,19
BRDA:121,6,0,20
BRDA:121,6,1,1
BRF:13
BRH:13
end_of_record
TN:
SF:src/components/ui/ThemeProvider.tsx
FN:14,ThemeProvider
FN:19,(anonymous_1)
FN:20,(anonymous_2)
FN:30,(anonymous_3)
FN:34,(anonymous_4)
FN:36,(anonymous_5)
FN:42,(anonymous_6)
FN:46,(anonymous_7)
FN:55,(anonymous_8)
FN:57,(anonymous_9)
FN:67,useTheme
FNF:11
FNH:11
FNDA:39,ThemeProvider
FNDA:19,(anonymous_1)
FNDA:18,(anonymous_2)
FNDA:19,(anonymous_3)
FNDA:19,(anonymous_4)
FNDA:1,(anonymous_5)
FNDA:19,(anonymous_6)
FNDA:38,(anonymous_7)
FNDA:7,(anonymous_8)
FNDA:7,(anonymous_9)
FNDA:40,useTheme
DA:1,2
DA:12,2
DA:15,39
DA:16,39
DA:19,39
DA:20,19
DA:21,18
DA:22,18
DA:23,3
DA:24,3
DA:26,15
DA:27,15
DA:30,19
DA:34,39
DA:35,19
DA:36,19
DA:37,1
DA:38,1
DA:41,19
DA:42,19
DA:46,39
DA:47,38
DA:48,38
DA:49,38
DA:50,38
DA:51,7
DA:55,39
DA:56,7
DA:57,7
DA:60,39
DA:68,40
DA:69,40
DA:70,2
DA:72,38
LF:34
LH:34
BRDA:22,0,0,3
BRDA:22,0,1,15
BRDA:27,1,0,1
BRDA:27,1,1,14
BRDA:37,2,0,1
BRDA:37,2,1,0
BRDA:38,3,0,1
BRDA:38,3,1,0
BRDA:50,4,0,7
BRDA:50,4,1,31
BRDA:57,5,0,2
BRDA:57,5,1,5
BRDA:69,6,0,2
BRDA:69,6,1,38
BRF:14
BRH:12
end_of_record
TN:
SF:src/components/ui/ThemeToggle.tsx
FN:7,ThemeToggle
FNF:1
FNH:1
FNDA:8,ThemeToggle
DA:1,1
DA:8,8
DA:10,8
LF:3
LH:3
BRDA:20,0,0,5
BRDA:20,0,1,3
BRF:2
BRH:2
end_of_record
TN:
SF:src/components/ui/Turnstile.tsx
FN:9,Turnstile
FNF:1
FNH:1
FNDA:6,Turnstile
DA:1,1
DA:10,6
DA:11,6
DA:12,4
LF:4
LH:4
BRDA:11,0,0,2
BRDA:11,0,1,4
BRF:2
BRH:2
end_of_record
TN:
SF:src/hooks/useNotifications.ts
FN:47,useNotifications
FN:63,(anonymous_1)
FN:83,(anonymous_2)
FN:87,connectSSE
FN:98,(anonymous_4)
FN:103,(anonymous_5)
FN:108,(anonymous_6)
FN:110,(anonymous_7)
FN:112,(anonymous_8)
FN:120,(anonymous_9)
FN:126,(anonymous_10)
FN:138,(anonymous_11)
FN:144,(anonymous_12)
FN:151,(anonymous_13)
FN:168,(anonymous_14)
FN:174,(anonymous_15)
FN:181,(anonymous_16)
FN:181,(anonymous_17)
FN:182,(anonymous_18)
FN:190,(anonymous_19)
FN:206,(anonymous_20)
FN:213,(anonymous_21)
FN:213,(anonymous_22)
FN:214,(anonymous_23)
FN:222,(anonymous_24)
FN:229,(anonymous_25)
FN:229,(anonymous_26)
FN:230,(anonymous_27)
FNF:28
FNH:27
FNDA:64,useNotifications
FNDA:25,(anonymous_1)
FNDA:24,(anonymous_2)
FNDA:23,connectSSE
FNDA:1,(anonymous_4)
FNDA:6,(anonymous_5)
FNDA:5,(anonymous_6)
FNDA:10,(anonymous_7)
FNDA:4,(anonymous_8)
FNDA:1,(anonymous_9)
FNDA:0,(anonymous_10)
FNDA:23,(anonymous_11)
FNDA:1,(anonymous_12)
FNDA:24,(anonymous_13)
FNDA:76,(anonymous_14)
FNDA:2,(anonymous_15)
FNDA:1,(anonymous_16)
FNDA:2,(anonymous_17)
FNDA:1,(anonymous_18)
FNDA:1,(anonymous_19)
FNDA:1,(anonymous_20)
FNDA:1,(anonymous_21)
FNDA:2,(anonymous_22)
FNDA:1,(anonymous_23)
FNDA:1,(anonymous_24)
FNDA:1,(anonymous_25)
FNDA:2,(anonymous_26)
FNDA:1,(anonymous_27)
DA:8,1
DA:50,64
DA:52,64
DA:53,64
DA:54,64
DA:55,64
DA:56,64
DA:58,64
DA:59,64
DA:63,64
DA:64,25
DA:65,25
DA:67,25
DA:69,23
DA:71,22
DA:72,21
DA:73,25
DA:75,4
DA:77,25
DA:83,64
DA:84,24
DA:85,24
DA:89,23
DA:90,1
DA:91,1
DA:94,22
DA:95,22
DA:96,22
DA:98,22
DA:99,1
DA:100,1
DA:103,22
DA:104,6
DA:105,6
DA:106,6
DA:108,6
DA:110,10
DA:112,4
DA:113,4
DA:120,22
DA:121,1
DA:122,1
DA:125,1
DA:126,1
DA:127,0
DA:128,0
DA:133,0
DA:138,24
DA:139,23
DA:140,23
DA:144,24
DA:146,1
DA:147,1
DA:151,24
DA:152,24
DA:153,24
DA:154,24
DA:155,24
DA:156,24
DA:163,64
DA:167,64
DA:168,76
DA:174,64
DA:175,2
DA:176,2
DA:181,2
DA:182,1
DA:190,64
DA:191,1
DA:192,1
DA:197,1
DA:198,1
DA:206,64
DA:207,1
DA:208,1
DA:213,2
DA:214,1
DA:222,64
DA:223,1
DA:224,1
DA:229,2
DA:230,1
DA:236,64
LF:83
LH:80
BRDA:48,0,0,64
BRDA:50,1,0,64
BRDA:50,2,0,64
BRDA:50,3,0,64
BRDA:69,4,0,1
BRDA:69,4,1,22
BRDA:72,5,0,21
BRDA:72,5,1,0
BRDA:73,6,0,25
BRDA:73,6,1,0
BRDA:73,6,2,0
BRDA:75,7,0,3
BRDA:75,7,1,1
BRDA:89,8,0,1
BRDA:89,8,1,22
BRDA:89,9,0,23
BRDA:89,9,1,23
BRDA:110,10,0,1
BRDA:110,10,1,4
BRDA:125,11,0,1
BRDA:125,11,1,0
BRDA:146,12,0,1
BRDA:146,12,1,0
BRDA:146,13,0,1
BRDA:146,13,1,1
BRDA:153,14,0,22
BRDA:153,14,1,2
BRDA:154,15,0,22
BRDA:154,15,1,2
BRDA:155,16,0,1
BRDA:155,16,1,23
BRDA:156,17,0,24
BRDA:156,17,1,0
BRF:33
BRH:27
end_of_record
TN:
SF:src/lib/activity-logger.ts
FN:8,autoLogCreate
FN:28,autoLogUpdate
FN:48,autoLogDelete
FN:68,autoLogAction
FN:92,autoLogSecurityEvent
FN:133,trackUserSession
FN:155,endUserSessionTracking
FN:168,autoLogAuditTrail
FNF:8
FNH:8
FNDA:1,autoLogCreate
FNDA:1,autoLogUpdate
FNDA:1,autoLogDelete
FNDA:1,autoLogAction
FNDA:3,autoLogSecurityEvent
FNDA:2,trackUserSession
FNDA:2,endUserSessionTracking
FNDA:4,autoLogAuditTrail
DA:16,1
DA:36,1
DA:56,1
DA:78,1
DA:101,3
DA:104,3
DA:115,3
DA:116,2
DA:117,2
DA:125,1
DA:129,3
DA:139,2
DA:141,2
DA:151,1
DA:156,2
DA:158,2
DA:163,1
DA:176,4
DA:178,4
DA:190,1
LF:20
LH:20
BRDA:75,0,0,1
BRDA:95,1,0,3
BRDA:115,2,0,2
BRDA:115,2,1,1
BRDA:145,3,0,2
BRDA:145,3,1,1
BRDA:146,4,0,2
BRDA:146,4,1,1
BRDA:183,5,0,4
BRDA:183,5,1,3
BRDA:184,6,0,4
BRDA:184,6,1,2
BRDA:185,7,0,4
BRDA:185,7,1,2
BRDA:186,8,0,2
BRDA:186,8,1,2
BRDA:186,9,0,1
BRDA:186,9,1,1
BRF:18
BRH:18
end_of_record
TN:
SF:src/lib/activity.ts
FN:5,parseUserAgent
FN:55,logActivity
FN:104,resolveCountryFromIp
FN:114,logAuthAction
FN:118,logCrmAction
FN:122,logContactAction
FN:126,logPortfolioAction
FN:130,logBlogAction
FN:134,logNewsletterAction
FN:138,logCalendarAction
FN:142,logPaymentAction
FN:146,logFileAction
FN:150,logSystemAction
FN:170,getActivityLogs
FN:246,getActivityAnalytics
FN:319,(anonymous_15)
FN:326,(anonymous_16)
FN:387,(anonymous_17)
FN:389,(anonymous_18)
FN:391,(anonymous_19)
FN:393,(anonymous_20)
FN:394,(anonymous_21)
FN:398,(anonymous_22)
FN:400,(anonymous_23)
FN:413,(anonymous_24)
FN:414,(anonymous_25)
FN:419,createAuditTrail
FN:453,getAuditTrails
FN:481,createSecurityEvent
FN:509,getSecurityEvents
FN:569,resolveSecurityEvent
FN:582,createUserSession
FN:605,endUserSession
FNF:33
FNH:33
FNDA:33,parseUserAgent
FNDA:31,logActivity
FNDA:3,resolveCountryFromIp
FNDA:1,logAuthAction
FNDA:1,logCrmAction
FNDA:1,logContactAction
FNDA:1,logPortfolioAction
FNDA:1,logBlogAction
FNDA:1,logNewsletterAction
FNDA:1,logCalendarAction
FNDA:1,logPaymentAction
FNDA:1,logFileAction
FNDA:1,logSystemAction
FNDA:8,getActivityLogs
FNDA:6,getActivityAnalytics
FNDA:6,(anonymous_15)
FNDA:4,(anonymous_16)
FNDA:6,(anonymous_17)
FNDA:6,(anonymous_18)
FNDA:6,(anonymous_19)
FNDA:6,(anonymous_20)
FNDA:6,(anonymous_21)
FNDA:6,(anonymous_22)
FNDA:5,(anonymous_23)
FNDA:11,(anonymous_24)
FNDA:6,(anonymous_25)
FNDA:2,createAuditTrail
FNDA:2,getAuditTrails
FNDA:3,createSecurityEvent
FNDA:5,getSecurityEvents
FNDA:2,resolveSecurityEvent
FNDA:2,createUserSession
FNDA:1,endUserSession
DA:10,33
DA:12,14
DA:13,14
DA:14,14
DA:15,14
DA:17,14
DA:18,9
DA:19,7
DA:20,6
DA:21,5
DA:22,4
DA:24,14
DA:25,12
DA:26,11
DA:27,10
DA:28,8
DA:29,6
DA:31,14
DA:32,13
DA:33,12
DA:34,10
DA:35,9
DA:37,14
DA:56,31
DA:69,31
DA:71,31
DA:74,31
DA:77,31
DA:96,30
DA:98,1
DA:99,1
DA:105,3
DA:106,3
DA:107,3
DA:109,1
DA:115,1
DA:119,1
DA:123,1
DA:127,1
DA:131,1
DA:135,1
DA:139,1
DA:143,1
DA:147,1
DA:151,1
DA:184,8
DA:186,8
DA:188,8
DA:189,8
DA:190,8
DA:191,8
DA:192,8
DA:193,8
DA:196,8
DA:197,3
DA:198,3
DA:199,3
DA:203,8
DA:204,1
DA:212,1
DA:215,8
DA:219,8
DA:222,8
DA:237,8
DA:247,6
DA:248,6
DA:249,6
DA:250,6
DA:252,6
DA:253,6
DA:256,6
DA:268,6
DA:319,6
DA:320,6
DA:326,6
DA:329,6
DA:330,6
DA:331,6
DA:337,6
DA:343,6
DA:344,6
DA:345,6
DA:346,6
DA:350,6
DA:359,6
DA:360,6
DA:361,11
DA:362,11
DA:363,11
DA:364,7
DA:365,11
DA:369,6
DA:374,6
DA:375,6
DA:376,6
DA:377,6
DA:380,6
DA:387,6
DA:389,6
DA:391,6
DA:393,6
DA:394,6
DA:398,6
DA:401,5
DA:402,5
DA:413,11
DA:414,6
DA:431,2
DA:433,2
DA:448,1
DA:449,1
DA:460,2
DA:461,2
DA:462,2
DA:463,2
DA:465,2
DA:477,2
DA:490,3
DA:492,3
DA:504,1
DA:505,1
DA:530,5
DA:532,5
DA:533,5
DA:534,5
DA:535,5
DA:536,5
DA:537,5
DA:538,3
DA:539,3
DA:540,3
DA:543,5
DA:546,5
DA:560,5
DA:570,2
DA:571,2
DA:575,1
DA:577,1
DA:589,2
DA:591,2
DA:607,1
LF:141
LH:141
BRDA:10,0,0,19
BRDA:10,0,1,14
BRDA:17,1,0,5
BRDA:17,1,1,9
BRDA:17,2,0,14
BRDA:17,2,1,5
BRDA:18,3,0,2
BRDA:18,3,1,7
BRDA:19,4,0,1
BRDA:19,4,1,6
BRDA:19,5,0,7
BRDA:19,5,1,1
BRDA:20,6,0,1
BRDA:20,6,1,5
BRDA:21,7,0,1
BRDA:21,7,1,4
BRDA:24,8,0,2
BRDA:24,8,1,12
BRDA:25,9,0,1
BRDA:25,9,1,11
BRDA:25,10,0,12
BRDA:25,10,1,11
BRDA:26,11,0,1
BRDA:26,11,1,10
BRDA:27,12,0,2
BRDA:27,12,1,8
BRDA:28,13,0,2
BRDA:28,13,1,6
BRDA:28,14,0,8
BRDA:28,14,1,8
BRDA:28,14,2,7
BRDA:31,15,0,1
BRDA:31,15,1,13
BRDA:32,16,0,1
BRDA:32,16,1,12
BRDA:33,17,0,2
BRDA:33,17,1,10
BRDA:33,18,0,1
BRDA:33,18,1,1
BRDA:34,19,0,1
BRDA:34,19,1,9
BRDA:64,20,0,31
BRDA:74,21,0,31
BRDA:74,21,1,30
BRDA:74,22,0,3
BRDA:74,22,1,27
BRDA:79,23,0,31
BRDA:79,23,1,28
BRDA:82,24,0,31
BRDA:82,24,1,27
BRDA:83,25,0,31
BRDA:83,25,1,27
BRDA:86,26,0,31
BRDA:86,26,1,30
BRDA:87,27,0,31
BRDA:87,27,1,27
BRDA:88,28,0,31
BRDA:88,28,1,18
BRDA:150,29,0,1
BRDA:170,30,0,8
BRDA:181,31,0,8
BRDA:182,32,0,8
BRDA:183,33,0,8
BRDA:188,34,0,1
BRDA:188,34,1,7
BRDA:189,35,0,1
BRDA:189,35,1,7
BRDA:190,36,0,1
BRDA:190,36,1,7
BRDA:191,37,0,1
BRDA:191,37,1,7
BRDA:192,38,0,1
BRDA:192,38,1,7
BRDA:193,39,0,1
BRDA:193,39,1,7
BRDA:196,40,0,3
BRDA:196,40,1,5
BRDA:196,41,0,8
BRDA:196,41,1,6
BRDA:198,42,0,2
BRDA:198,42,1,1
BRDA:199,43,0,2
BRDA:199,43,1,1
BRDA:203,44,0,1
BRDA:203,44,1,7
BRDA:215,45,0,1
BRDA:215,45,1,7
BRDA:248,46,0,1
BRDA:248,46,1,5
BRDA:249,47,0,1
BRDA:249,47,1,5
BRDA:250,48,0,1
BRDA:250,48,1,5
BRDA:320,49,0,5
BRDA:320,49,1,1
BRDA:346,50,0,6
BRDA:346,50,1,6
BRDA:362,51,0,11
BRDA:362,51,1,11
BRDA:363,52,0,4
BRDA:363,52,1,7
BRDA:364,53,0,6
BRDA:364,53,1,1
BRDA:377,54,0,6
BRDA:377,54,1,6
BRDA:393,55,0,6
BRDA:393,55,1,1
BRDA:404,56,0,5
BRDA:404,56,1,1
BRDA:405,57,0,5
BRDA:405,57,1,1
BRDA:410,58,0,5
BRDA:410,58,1,1
BRDA:438,59,0,2
BRDA:438,59,1,1
BRDA:439,60,0,2
BRDA:439,60,1,1
BRDA:440,61,0,2
BRDA:440,61,1,1
BRDA:441,62,0,2
BRDA:441,62,1,1
BRDA:442,63,0,2
BRDA:442,63,1,1
BRDA:443,64,0,2
BRDA:443,64,1,1
BRDA:444,65,0,2
BRDA:444,65,1,1
BRDA:457,66,0,2
BRDA:458,67,0,2
BRDA:461,68,0,1
BRDA:461,68,1,1
BRDA:462,69,0,1
BRDA:462,69,1,1
BRDA:463,70,0,1
BRDA:463,70,1,1
BRDA:496,71,0,3
BRDA:496,71,1,2
BRDA:497,72,0,3
BRDA:497,72,1,2
BRDA:498,73,0,3
BRDA:498,73,1,2
BRDA:499,74,0,3
BRDA:499,74,1,2
BRDA:500,75,0,3
BRDA:500,75,1,2
BRDA:509,76,0,5
BRDA:527,77,0,5
BRDA:528,78,0,5
BRDA:529,79,0,5
BRDA:533,80,0,1
BRDA:533,80,1,4
BRDA:534,81,0,1
BRDA:534,81,1,4
BRDA:535,82,0,1
BRDA:535,82,1,4
BRDA:536,83,0,1
BRDA:536,83,1,4
BRDA:537,84,0,3
BRDA:537,84,1,2
BRDA:537,85,0,5
BRDA:537,85,1,3
BRDA:539,86,0,2
BRDA:539,86,1,1
BRDA:540,87,0,2
BRDA:540,87,1,1
BRDA:543,88,0,1
BRDA:543,88,1,4
BRDA:595,89,0,2
BRDA:595,89,1,1
BRDA:596,90,0,2
BRDA:596,90,1,1
BRDA:600,91,0,2
BRDA:600,91,1,1
BRF:173
BRH:173
end_of_record
TN:
SF:src/lib/analytics.ts
FN:7,trackEvent
FNF:1
FNH:1
FNDA:25,trackEvent
DA:1,2
DA:13,25
DA:14,25
DA:24,25
DA:25,4
DA:26,4
DA:27,4
DA:28,4
LF:8
LH:8
BRDA:24,0,0,4
BRDA:24,0,1,21
BRDA:24,1,0,25
BRDA:24,1,1,24
BRDA:27,2,0,4
BRDA:27,2,1,0
BRF:6
BRH:5
end_of_record
TN:
SF:src/lib/api-key.ts
FN:4,generateApiKey
FN:11,validateApiKey
FN:23,hasPermission
FNF:3
FNH:3
FNDA:11,generateApiKey
FNDA:5,validateApiKey
FNDA:16,hasPermission
DA:5,11
DA:6,11
DA:7,11
DA:8,11
DA:12,5
DA:13,5
DA:14,5
DA:15,4
DA:16,2
DA:17,2
DA:19,1
DA:24,16
DA:25,11
DA:26,6
DA:27,2
LF:15
LH:15
BRDA:15,0,0,2
BRDA:15,0,1,2
BRDA:24,1,0,5
BRDA:24,1,1,11
BRDA:25,2,0,5
BRDA:25,2,1,6
BRDA:25,3,0,5
BRDA:25,3,1,3
BRDA:26,4,0,4
BRDA:26,4,1,2
BRF:10
BRH:10
end_of_record
TN:
SF:src/lib/auth-activity.ts
FN:8,logSignIn
FN:33,logFailedSignIn
FN:55,logSignOut
FN:82,logPasswordChange
FN:99,logPasswordReset
FN:116,checkBruteForce
FNF:6
FNH:6
FNDA:3,logSignIn
FNDA:3,logFailedSignIn
FNDA:1,logSignOut
FNDA:1,logPasswordChange
FNDA:1,logPasswordReset
FNDA:6,checkBruteForce
DA:14,3
DA:24,3
DA:25,2
DA:39,3
DA:40,2
DA:42,3
DA:59,1
DA:68,1
DA:69,1
DA:70,1
DA:86,1
DA:103,1
DA:121,6
DA:122,5
DA:123,5
DA:124,5
DA:126,5
DA:134,4
DA:135,1
DA:143,1
DA:145,3
DA:147,1
LF:22
LH:22
BRDA:24,0,0,2
BRDA:24,0,1,1
BRDA:39,1,0,2
BRDA:39,1,1,1
BRDA:119,2,0,6
BRDA:121,3,0,1
BRDA:121,3,1,5
BRDA:134,4,0,1
BRDA:134,4,1,3
BRF:9
BRH:9
end_of_record
TN:
SF:src/lib/blog-categories.ts
FNF:0
FNH:0
DA:1,1
LF:1
LH:1
BRF:0
BRH:0
end_of_record
TN:
SF:src/lib/cache.ts
FN:10,constructor
FN:14,get
FN:24,set
FN:31,invalidate
FN:39,clear
FNF:5
FNH:5
FNDA:1,constructor
FNDA:15,get
FNDA:14,set
FNDA:2,invalidate
FNDA:10,clear
DA:7,1
DA:11,1
DA:15,15
DA:16,15
DA:17,9
DA:18,2
DA:19,2
DA:21,7
DA:25,14
DA:32,2
DA:33,4
DA:34,3
DA:40,10
DA:44,1
LF:14
LH:14
BRDA:10,0,0,1
BRDA:16,1,0,6
BRDA:16,1,1,9
BRDA:17,2,0,2
BRDA:17,2,1,7
BRDA:27,3,0,14
BRDA:27,3,1,12
BRDA:33,4,0,3
BRDA:33,4,1,1
BRF:9
BRH:9
end_of_record
TN:
SF:src/lib/contact-schema.ts
FN:115,validateFile
FN:125,calculateLeadScore
FNF:2
FNH:2
FNDA:9,validateFile
FNDA:19,calculateLeadScore
DA:3,8
DA:17,8
DA:25,8
DA:33,8
DA:43,8
DA:50,8
DA:105,8
DA:112,8
DA:113,8
DA:116,9
DA:117,2
DA:119,7
DA:120,2
DA:122,5
DA:126,19
DA:129,19
DA:130,3
DA:131,16
DA:132,2
DA:133,14
DA:134,1
DA:135,13
DA:136,1
DA:140,19
DA:141,4
DA:142,15
DA:143,2
DA:147,19
DA:148,19
DA:149,19
DA:150,19
DA:151,19
DA:152,19
DA:155,19
DA:156,16
DA:159,19
DA:160,17
DA:162,19
LF:38
LH:38
BRDA:116,0,0,2
BRDA:116,0,1,7
BRDA:119,1,0,2
BRDA:119,1,1,5
BRDA:129,2,0,3
BRDA:129,2,1,16
BRDA:129,3,0,19
BRDA:129,3,1,18
BRDA:131,4,0,2
BRDA:131,4,1,14
BRDA:133,5,0,1
BRDA:133,5,1,13
BRDA:135,6,0,1
BRDA:135,6,1,12
BRDA:140,7,0,4
BRDA:140,7,1,15
BRDA:140,8,0,19
BRDA:140,8,1,17
BRDA:142,9,0,2
BRDA:142,9,1,13
BRDA:142,10,0,15
BRDA:142,10,1,14
BRDA:147,11,0,2
BRDA:147,11,1,17
BRDA:148,12,0,3
BRDA:148,12,1,16
BRDA:149,13,0,3
BRDA:149,13,1,16
BRDA:150,14,0,2
BRDA:150,14,1,17
BRDA:151,15,0,2
BRDA:151,15,1,17
BRDA:152,16,0,2
BRDA:152,16,1,17
BRDA:155,17,0,3
BRDA:155,17,1,16
BRDA:156,18,0,1
BRDA:156,18,1,15
BRDA:159,19,0,2
BRDA:159,19,1,17
BRDA:160,20,0,2
BRDA:160,20,1,15
BRF:42
BRH:42
end_of_record
TN:
SF:src/lib/db.ts
FN:8,createPrismaClient
FN:23,getPrisma
FN:32,get
FNF:3
FNH:3
FNDA:17,createPrismaClient
FNDA:19,getPrisma
FNDA:1,get
DA:4,8
DA:9,17
DA:10,17
DA:11,14
DA:16,3
DA:17,3
DA:24,19
DA:25,17
DA:26,17
DA:31,8
DA:33,1
LF:11
LH:11
BRDA:10,0,0,14
BRDA:10,0,1,3
BRDA:24,1,0,2
BRDA:24,1,1,17
BRF:4
BRH:4
end_of_record
TN:
SF:src/lib/email-templates.ts
FN:3,formatDate
FN:12,wrapper
FN:20,header
FN:29,detailTable
FN:30,(anonymous_4)
FN:34,(anonymous_5)
FN:44,body
FN:48,ownerBookingNotification
FN:83,clientConfirmation
FN:112,reminderEmail
FN:152,contactNotification
FN:176,ticketConfirmation
FN:212,ticketReplyNotification
FN:239,ticketStatusChanged
FN:268,ticketClosedSurvey
FN:274,(anonymous_15)
FNF:16
FNH:16
FNDA:24,formatDate
FNDA:43,wrapper
FNDA:43,header
FNDA:17,detailTable
FNDA:155,(anonymous_4)
FNDA:81,(anonymous_5)
FNDA:15,body
FNDA:10,ownerBookingNotification
FNDA:7,clientConfirmation
FNDA:7,reminderEmail
FNDA:7,contactNotification
FNDA:3,ticketConfirmation
FNDA:3,ticketReplyNotification
FNDA:3,ticketStatusChanged
FNDA:3,ticketClosedSurvey
FNDA:15,(anonymous_15)
DA:4,24
DA:9,2
DA:10,2
DA:13,43
DA:21,43
DA:30,155
DA:31,17
DA:32,17
DA:34,81
DA:45,15
DA:63,10
DA:90,7
DA:91,7
DA:92,7
DA:119,7
DA:120,7
DA:121,7
DA:160,7
DA:183,3
DA:219,3
DA:246,3
DA:274,3
DA:275,15
DA:278,3
LF:24
LH:24
BRDA:22,0,0,29
BRDA:22,0,1,14
BRDA:24,1,0,29
BRDA:24,1,1,14
BRDA:31,2,0,0
BRDA:31,2,1,17
BRDA:71,3,0,10
BRDA:71,3,1,6
BRDA:79,4,0,3
BRDA:79,4,1,7
BRDA:91,5,0,7
BRDA:91,5,1,5
BRDA:97,6,0,3
BRDA:97,6,1,4
BRDA:97,7,0,2
BRDA:97,7,1,5
BRDA:120,8,0,7
BRDA:120,8,1,5
BRDA:130,9,0,2
BRDA:130,9,1,5
BRDA:131,10,0,3
BRDA:131,10,1,4
BRDA:204,11,0,3
BRDA:204,11,1,2
BRDA:204,11,2,2
BRDA:231,12,0,3
BRDA:231,12,1,2
BRDA:231,12,2,2
BRDA:260,13,0,3
BRDA:260,13,1,2
BRDA:260,13,2,2
BRF:31
BRH:30
end_of_record
TN:
SF:src/lib/form-field-options.ts
FN:56,mergeOptions
FN:63,(anonymous_1)
FN:66,(anonymous_2)
FN:67,(anonymous_3)
FN:73,(anonymous_4)
FN:78,loadFormFieldOptions
FN:100,getEnabledOptions
FN:101,(anonymous_7)
FNF:8
FNH:8
FNDA:33,mergeOptions
FNDA:70,(anonymous_1)
FNDA:14,(anonymous_2)
FNDA:12,(anonymous_3)
FNDA:5,(anonymous_4)
FNDA:15,loadFormFieldOptions
FNDA:4,getEnabledOptions
FNDA:7,(anonymous_7)
DA:20,1
DA:31,1
DA:40,1
DA:48,1
DA:60,33
DA:63,70
DA:65,9
DA:66,14
DA:67,12
DA:73,5
DA:79,15
DA:80,15
DA:81,14
DA:83,11
DA:84,11
DA:85,11
DA:86,11
DA:88,11
DA:94,1
DA:101,7
LF:20
LH:20
BRDA:60,0,0,24
BRDA:60,0,1,9
BRDA:60,1,0,33
BRDA:60,1,1,11
BRDA:60,1,2,11
BRDA:69,2,0,12
BRDA:69,2,1,2
BRDA:69,2,2,0
BRDA:70,3,0,9
BRDA:70,3,1,3
BRDA:70,4,0,3
BRDA:70,4,1,0
BRDA:71,5,0,12
BRDA:71,5,1,5
BRDA:71,5,2,0
BRDA:81,6,0,3
BRDA:81,6,1,11
BRF:17
BRH:14
end_of_record
TN:
SF:src/lib/geo.ts
FN:10,cacheResult
FN:22,getCountryFromRequest
FN:34,getCountryFromIp
FN:61,resolveCountry
FNF:4
FNH:4
FNDA:1011,cacheResult
FNDA:10,getCountryFromRequest
FNDA:1019,getCountryFromIp
FNDA:6,resolveCountry
DA:6,20
DA:8,20
DA:11,1011
DA:13,2
DA:14,2
DA:16,1011
DA:23,10
DA:24,10
DA:25,10
DA:27,1
DA:35,1019
DA:38,1017
DA:39,1017
DA:41,1011
DA:42,1011
DA:45,1009
DA:46,1
DA:47,1
DA:49,1008
DA:50,1008
DA:51,1019
DA:52,1019
DA:54,2
DA:55,2
DA:65,6
DA:66,4
DA:67,4
DA:69,4
DA:70,3
DA:72,1
LF:30
LH:30
BRDA:11,0,0,2
BRDA:11,0,1,1009
BRDA:14,1,0,2
BRDA:14,1,1,0
BRDA:25,2,0,10
BRDA:25,2,1,6
BRDA:35,3,0,2
BRDA:35,3,1,1017
BRDA:39,4,0,6
BRDA:39,4,1,1011
BRDA:45,5,0,1
BRDA:45,5,1,1008
BRDA:50,6,0,1008
BRDA:50,6,1,0
BRDA:65,7,0,4
BRDA:65,7,1,2
BRDA:67,8,0,2
BRDA:67,8,1,2
BRDA:69,9,0,3
BRDA:69,9,1,1
BRF:20
BRH:18
end_of_record
TN:
SF:src/lib/get-site-settings.ts
FN:44,getSiteSettings
FNF:1
FNH:1
FNDA:42,getSiteSettings
DA:26,7
DA:36,7
DA:45,42
DA:46,42
DA:47,42
DA:52,15
DA:53,15
DA:54,4
DA:55,4
DA:56,4
DA:60,15
DA:61,15
DA:62,5
DA:63,5
DA:64,5
DA:68,15
DA:84,27
LF:17
LH:17
BRDA:53,0,0,4
BRDA:53,0,1,11
BRDA:61,1,0,5
BRDA:61,1,1,10
BRDA:64,2,0,2
BRDA:64,2,1,3
BRDA:64,3,0,5
BRDA:64,3,1,3
BRDA:69,4,0,15
BRDA:69,4,1,12
BRDA:69,4,2,10
BRDA:70,5,0,42
BRDA:70,5,1,12
BRDA:70,5,2,10
BRDA:71,6,0,42
BRDA:71,6,1,13
BRDA:73,7,0,42
BRDA:73,7,1,13
BRDA:74,8,0,42
BRDA:74,8,1,13
BRDA:75,9,0,42
BRDA:75,9,1,14
BRDA:76,10,0,42
BRDA:76,10,1,13
BRDA:77,11,0,42
BRDA:77,11,1,14
BRDA:78,12,0,42
BRDA:78,12,1,14
BRF:28
BRH:28
end_of_record
TN:
SF:src/lib/google-calendar.ts
FN:3,createCalendarEvent
FNF:1
FNH:1
FNDA:15,createCalendarEvent
DA:12,15
DA:13,15
DA:14,1
DA:15,1
DA:16,1
DA:19,14
DA:20,14
DA:25,14
DA:27,14
DA:31,15
DA:32,15
DA:33,15
DA:34,15
DA:36,15
DA:55,12
DA:57,2
DA:58,2
LF:17
LH:17
BRDA:13,0,0,1
BRDA:13,0,1,14
BRDA:27,1,0,4
BRDA:27,1,1,9
BRDA:31,2,0,15
BRDA:31,2,1,11
BRDA:43,3,0,15
BRDA:43,3,1,12
BRDA:47,4,0,15
BRDA:47,4,1,12
BRDA:49,5,0,1
BRDA:49,5,1,12
BRF:12
BRH:12
end_of_record
TN:
SF:src/lib/i18n.ts
FN:3,useTranslations
FN:7,t
FNF:2
FNH:2
FNDA:189,useTranslations
FNDA:2,t
DA:4,189
DA:8,2
LF:2
LH:2
BRF:0
BRH:0
end_of_record
TN:
SF:src/lib/notifications.ts
FN:9,createNotification
FN:29,notifyNewContact
FN:41,notifyEscalation
FN:54,notifyNewBooking
FN:68,getNotifications
FN:144,markAsRead
FN:150,markAsUnread
FN:155,markAllAsRead
FN:162,archiveNotifications
FN:168,pinNotifications
FN:174,deleteNotifications
FN:179,acknowledgeNotification
FN:187,snoozeNotification
FN:197,getNotificationAnalytics
FN:217,getNotificationPreferences
FN:222,updateNotificationPreferences
FN:233,getNotificationTemplates
FN:239,upsertNotificationTemplate
FN:256,deleteNotificationTemplate
FNF:19
FNH:19
FNDA:3,createNotification
FNDA:2,notifyNewContact
FNDA:3,notifyEscalation
FNDA:2,notifyNewBooking
FNDA:23,getNotifications
FNDA:4,markAsRead
FNDA:2,markAsUnread
FNDA:2,markAllAsRead
FNDA:5,archiveNotifications
FNDA:5,pinNotifications
FNDA:3,deleteNotifications
FNDA:2,acknowledgeNotification
FNDA:2,snoozeNotification
FNDA:4,getNotificationAnalytics
FNDA:4,getNotificationPreferences
FNDA:2,updateNotificationPreferences
FNDA:3,getNotificationTemplates
FNDA:4,upsertNotificationTemplate
FNDA:2,deleteNotificationTemplate
DA:17,3
DA:30,2
DA:42,3
DA:55,2
DA:83,23
DA:85,23
DA:86,23
DA:87,23
DA:88,23
DA:89,23
DA:92,23
DA:93,23
DA:94,5
DA:95,5
DA:99,23
DA:100,23
DA:101,4
DA:108,23
DA:110,2
DA:114,21
DA:115,3
DA:116,18
DA:117,2
DA:120,23
DA:121,4
DA:122,4
DA:123,4
DA:126,23
DA:127,23
DA:128,23
DA:130,23
DA:131,23
DA:132,21
DA:134,23
DA:139,23
DA:145,4
DA:146,4
DA:147,4
DA:151,2
DA:152,2
DA:156,2
DA:157,2
DA:163,5
DA:164,5
DA:165,5
DA:169,5
DA:170,5
DA:171,5
DA:175,3
DA:176,3
DA:180,2
DA:184,2
DA:188,2
DA:192,2
DA:198,4
DA:199,4
DA:200,3
DA:201,3
DA:202,3
DA:205,4
DA:212,4
DA:218,4
DA:219,4
DA:224,2
DA:234,3
DA:235,3
DA:236,3
DA:243,4
DA:245,2
DA:251,2
DA:257,2
DA:258,2
LF:72
LH:72
BRDA:44,0,0,3
BRDA:44,0,1,1
BRDA:85,1,0,2
BRDA:85,1,1,21
BRDA:86,2,0,2
BRDA:86,2,1,21
BRDA:87,3,0,2
BRDA:87,3,1,21
BRDA:88,4,0,2
BRDA:88,4,1,21
BRDA:89,5,0,2
BRDA:89,5,1,21
BRDA:93,6,0,5
BRDA:93,6,1,18
BRDA:100,7,0,4
BRDA:100,7,1,19
BRDA:108,8,0,2
BRDA:108,8,1,21
BRDA:108,9,0,23
BRDA:108,9,1,5
BRDA:114,10,0,3
BRDA:114,10,1,18
BRDA:116,11,0,2
BRDA:116,11,1,16
BRDA:120,12,0,4
BRDA:120,12,1,19
BRDA:120,13,0,23
BRDA:120,13,1,20
BRDA:122,14,0,3
BRDA:122,14,1,1
BRDA:123,15,0,3
BRDA:123,15,1,1
BRDA:126,16,0,23
BRDA:126,16,1,21
BRDA:127,17,0,23
BRDA:127,17,1,20
BRDA:131,18,0,2
BRDA:131,18,1,21
BRDA:145,19,0,2
BRDA:145,19,1,2
BRDA:162,20,0,5
BRDA:163,21,0,2
BRDA:163,21,1,3
BRDA:168,22,0,5
BRDA:169,23,0,2
BRDA:169,23,1,3
BRDA:199,24,0,3
BRDA:199,24,1,1
BRDA:199,25,0,4
BRDA:199,25,1,1
BRDA:201,26,0,3
BRDA:201,26,1,0
BRDA:202,27,0,2
BRDA:202,27,1,1
BRDA:219,28,0,4
BRDA:219,28,1,2
BRDA:233,29,0,3
BRDA:235,30,0,2
BRDA:235,30,1,1
BRDA:243,31,0,2
BRDA:243,31,1,2
BRF:61
BRH:60
end_of_record
TN:
SF:src/lib/overview.ts
FN:13,computeTrend
FN:57,buildOverviewResult
FN:77,(anonymous_2)
FN:78,(anonymous_3)
FNF:4
FNH:4
FNDA:45,computeTrend
FNDA:9,buildOverviewResult
FNDA:40,(anonymous_2)
FNDA:40,(anonymous_3)
DA:17,45
DA:18,43
DA:19,41
DA:20,41
DA:77,40
DA:78,40
DA:79,9
DA:81,9
LF:8
LH:8
BRDA:17,0,0,2
BRDA:17,0,1,43
BRDA:17,1,0,45
BRDA:17,1,1,4
BRDA:18,2,0,2
BRDA:18,2,1,41
BRDA:84,3,0,8
BRDA:84,3,1,1
BRDA:90,4,0,8
BRDA:90,4,1,1
BRDA:94,5,0,8
BRDA:94,5,1,1
BRF:12
BRH:12
end_of_record
TN:
SF:src/lib/providers.tsx
FN:15,QueryProvider
FN:16,(anonymous_1)
FN:43,QuerySafeWrapper
FN:51,(anonymous_3)
FNF:4
FNH:4
FNDA:3,QueryProvider
FNDA:3,(anonymous_1)
FNDA:5,QuerySafeWrapper
FNDA:5,(anonymous_3)
DA:1,1
DA:6,1
DA:16,3
DA:18,3
DA:51,5
DA:52,5
DA:55,5
LF:7
LH:7
BRDA:52,0,0,5
BRDA:52,0,1,4
BRF:2
BRH:2
end_of_record
TN:
SF:src/lib/recurring.ts
FN:1,calculateNextRun
FNF:1
FNH:1
FNDA:18,calculateNextRun
DA:6,18
DA:7,18
DA:9,16
DA:10,16
DA:12,16
DA:14,2
DA:15,2
DA:16,2
DA:19,4
DA:20,4
DA:21,2
DA:22,2
DA:23,2
DA:24,2
DA:25,2
DA:26,2
DA:29,9
DA:30,9
DA:31,4
DA:32,4
DA:33,3
DA:35,4
DA:38,1
LF:23
LH:23
BRDA:7,0,0,2
BRDA:7,0,1,16
BRDA:12,1,0,2
BRDA:12,1,1,4
BRDA:12,1,2,9
BRDA:12,1,3,1
BRDA:20,2,0,2
BRDA:20,2,1,2
BRDA:20,3,0,4
BRDA:20,3,1,3
BRDA:23,4,0,2
BRDA:23,4,1,0
BRDA:30,5,0,5
BRDA:30,5,1,4
BRDA:30,6,0,9
BRDA:30,6,1,6
BRDA:30,6,2,5
BRDA:32,7,0,3
BRDA:32,7,1,1
BRF:19
BRH:18
end_of_record
TN:
SF:src/lib/resend.ts
FN:9,getResend
FNF:1
FNH:1
FNDA:4,getResend
DA:3,3
DA:10,4
DA:11,3
DA:12,3
DA:13,1
DA:17,2
DA:19,3
LF:7
LH:7
BRDA:10,0,0,3
BRDA:10,0,1,1
BRDA:12,1,0,1
BRDA:12,1,1,2
BRF:4
BRH:4
end_of_record
TN:
SF:src/lib/resume-activity.ts
FN:4,logResumeActivity
FNF:1
FNH:1
FNDA:4,logResumeActivity
DA:10,4
DA:11,4
DA:12,4
DA:14,3
DA:23,1
LF:5
LH:5
BRDA:12,0,0,1
BRDA:12,0,1,3
BRDA:19,1,0,3
BRDA:19,1,1,2
BRF:4
BRH:4
end_of_record
TN:
SF:src/lib/resume-ats.ts
FN:53,calculateATSScore
FN:80,(anonymous_1)
FN:93,(anonymous_2)
FN:96,(anonymous_3)
FN:101,(anonymous_4)
FN:114,(anonymous_5)
FN:116,(anonymous_6)
FN:129,(anonymous_7)
FN:153,(anonymous_8)
FN:154,(anonymous_9)
FN:157,(anonymous_10)
FN:163,(anonymous_11)
FN:164,(anonymous_12)
FNF:13
FNH:13
FNDA:33,calculateATSScore
FNDA:256,(anonymous_1)
FNDA:9,(anonymous_2)
FNDA:9,(anonymous_3)
FNDA:10,(anonymous_4)
FNDA:5,(anonymous_5)
FNDA:5,(anonymous_6)
FNDA:80,(anonymous_7)
FNDA:80,(anonymous_8)
FNDA:14,(anonymous_9)
FNDA:1056,(anonymous_10)
FNDA:231,(anonymous_11)
FNDA:231,(anonymous_12)
DA:45,1
DA:54,33
DA:55,33
DA:58,33
DA:59,33
DA:60,33
DA:61,28
DA:62,33
DA:63,29
DA:64,33
DA:65,29
DA:66,33
DA:67,29
DA:68,33
DA:69,29
DA:70,33
DA:73,33
DA:74,33
DA:75,33
DA:76,8
DA:77,8
DA:78,8
DA:79,5
DA:80,256
DA:81,8
DA:82,4
DA:84,25
DA:86,33
DA:89,33
DA:90,33
DA:91,33
DA:92,9
DA:93,9
DA:94,9
DA:95,1
DA:96,9
DA:97,9
DA:98,2
DA:99,9
DA:100,4
DA:101,10
DA:102,9
DA:103,3
DA:105,24
DA:107,33
DA:110,33
DA:111,33
DA:112,33
DA:113,5
DA:114,5
DA:115,1
DA:116,5
DA:118,28
DA:120,33
DA:123,33
DA:124,33
DA:125,33
DA:126,6
DA:127,6
DA:128,1
DA:129,80
DA:130,6
DA:131,2
DA:133,27
DA:135,33
DA:138,33
DA:139,33
DA:140,33
DA:141,3
DA:143,30
DA:145,33
DA:148,33
DA:149,33
DA:150,33
DA:153,80
DA:154,14
DA:157,1056
DA:158,33
DA:159,33
DA:160,33
DA:163,231
DA:164,231
DA:165,33
DA:167,33
LF:84
LH:84
BRDA:60,0,0,5
BRDA:60,0,1,28
BRDA:62,1,0,4
BRDA:62,1,1,29
BRDA:64,2,0,4
BRDA:64,2,1,29
BRDA:66,3,0,4
BRDA:66,3,1,29
BRDA:68,4,0,4
BRDA:68,4,1,29
BRDA:68,5,0,33
BRDA:68,5,1,30
BRDA:68,5,2,30
BRDA:75,6,0,8
BRDA:75,6,1,25
BRDA:78,7,0,3
BRDA:78,7,1,5
BRDA:78,8,0,8
BRDA:78,8,1,4
BRDA:81,9,0,4
BRDA:81,9,1,4
BRDA:91,10,0,9
BRDA:91,10,1,24
BRDA:91,11,0,33
BRDA:91,11,1,33
BRDA:93,12,0,9
BRDA:93,12,1,2
BRDA:93,12,2,2
BRDA:94,13,0,8
BRDA:94,13,1,1
BRDA:96,14,0,9
BRDA:96,14,1,7
BRDA:97,15,0,7
BRDA:97,15,1,2
BRDA:99,16,0,5
BRDA:99,16,1,4
BRDA:101,17,0,10
BRDA:101,17,1,6
BRDA:102,18,0,6
BRDA:102,18,1,3
BRDA:112,19,0,5
BRDA:112,19,1,28
BRDA:112,20,0,33
BRDA:112,20,1,33
BRDA:114,21,0,4
BRDA:114,21,1,1
BRDA:116,22,0,3
BRDA:116,22,1,2
BRDA:125,23,0,6
BRDA:125,23,1,27
BRDA:125,24,0,33
BRDA:125,24,1,33
BRDA:127,25,0,5
BRDA:127,25,1,1
BRDA:130,26,0,4
BRDA:130,26,1,2
BRDA:140,27,0,3
BRDA:140,27,1,30
BRDA:140,28,0,33
BRDA:140,28,1,33
BRDA:151,29,0,33
BRDA:151,29,1,25
BRDA:152,30,0,33
BRDA:152,30,1,31
BRDA:153,31,0,33
BRDA:153,31,1,0
BRDA:154,32,0,33
BRDA:154,32,1,0
BRDA:154,33,0,14
BRDA:154,33,1,0
BRDA:154,34,0,14
BRDA:154,34,1,4
BRDA:155,35,0,33
BRDA:155,35,1,0
BRDA:159,36,0,27
BRDA:159,36,1,6
BRF:76
BRH:72
end_of_record
TN:
SF:src/lib/rss.ts
FN:10,fetchRssFeed
FN:33,extractXmlValue
FN:39,buildRssEmailHtml
FN:41,(anonymous_3)
FNF:4
FNH:4
FNDA:6,fetchRssFeed
FNDA:35,extractXmlValue
FNDA:13,buildRssEmailHtml
FNDA:15,(anonymous_3)
DA:11,6
DA:12,6
DA:14,6
DA:15,6
DA:18,6
DA:19,5
DA:20,5
DA:30,6
DA:34,35
DA:35,35
DA:36,35
DA:40,13
DA:42,15
DA:55,13
LF:14
LH:14
BRDA:10,0,0,6
BRDA:18,1,0,6
BRDA:18,1,1,6
BRDA:24,2,0,5
BRDA:24,2,1,4
BRDA:26,3,0,5
BRDA:26,3,1,1
BRDA:36,4,0,35
BRDA:36,4,1,20
BRDA:36,4,2,5
BRF:10
BRH:10
end_of_record
TN:
SF:src/lib/scoring.ts
FN:3,calculateEngagementScore
FN:15,(anonymous_1)
FN:16,(anonymous_2)
FN:41,recalculateAllScores
FNF:4
FNH:4
FNDA:19,calculateEngagementScore
FNDA:20,(anonymous_1)
FNDA:20,(anonymous_2)
FNDA:2,recalculateAllScores
DA:4,19
DA:9,19
DA:11,18
DA:12,18
DA:14,18
DA:15,20
DA:16,20
DA:18,19
DA:19,19
DA:21,19
DA:22,6
DA:23,6
DA:24,3
DA:25,2
DA:28,18
DA:29,5
DA:30,5
DA:31,2
DA:34,18
DA:35,18
DA:36,14
DA:38,18
DA:42,2
DA:43,2
DA:44,2
DA:45,2
DA:47,2
LF:27
LH:27
BRDA:9,0,0,1
BRDA:9,0,1,18
BRDA:14,1,0,18
BRDA:14,1,1,1
BRDA:21,2,0,6
BRDA:21,2,1,13
BRDA:23,3,0,3
BRDA:23,3,1,3
BRDA:24,4,0,1
BRDA:24,4,1,2
BRDA:25,5,0,1
BRDA:25,5,1,1
BRDA:28,6,0,5
BRDA:28,6,1,13
BRDA:30,7,0,3
BRDA:30,7,1,2
BRDA:31,8,0,1
BRDA:31,8,1,1
BRDA:35,9,0,4
BRDA:35,9,1,14
BRDA:36,10,0,1
BRDA:36,10,1,13
BRF:22
BRH:22
end_of_record
TN:
SF:src/lib/security.ts
FN:14,validateOrigin
FN:23,(anonymous_1)
FN:41,cleanup
FN:60,checkRateLimit
FN:82,rateLimitFromRequest
FNF:5
FNH:5
FNDA:17,validateOrigin
FNDA:41,(anonymous_1)
FNDA:65,cleanup
FNDA:65,checkRateLimit
FNDA:9,rateLimitFromRequest
DA:3,2
DA:15,17
DA:16,17
DA:18,17
DA:20,14
DA:21,17
DA:22,17
DA:23,41
DA:25,2
DA:36,2
DA:38,2
DA:39,2
DA:42,65
DA:43,65
DA:44,1
DA:45,1
DA:46,11
DA:55,2
DA:64,65
DA:66,65
DA:67,65
DA:69,65
DA:70,25
DA:71,25
DA:74,40
DA:75,40
DA:76,7
DA:79,33
DA:86,9
DA:89,9
LF:30
LH:30
BRDA:18,0,0,3
BRDA:18,0,1,14
BRDA:18,1,0,17
BRDA:18,1,1,5
BRDA:20,2,0,14
BRDA:20,2,1,2
BRDA:20,2,2,0
BRDA:23,3,0,41
BRDA:23,3,1,36
BRDA:43,4,0,64
BRDA:43,4,1,1
BRDA:46,5,0,11
BRDA:46,5,1,0
BRDA:62,6,0,65
BRDA:69,7,0,25
BRDA:69,7,1,40
BRDA:69,8,0,65
BRDA:69,8,1,42
BRDA:75,9,0,7
BRDA:75,9,1,33
BRDA:86,10,0,9
BRDA:86,10,1,4
BRDA:86,10,2,2
BRF:23
BRH:21
end_of_record
TN:
SF:src/lib/sentry.ts
FN:14,getSentry
FN:40,captureError
FNF:2
FNH:2
FNDA:8,getSentry
FNDA:8,captureError
DA:12,7
DA:15,8
DA:16,7
DA:19,7
DA:20,7
DA:21,7
DA:22,8
DA:23,3
DA:29,5
DA:32,2
DA:41,8
DA:43,8
DA:44,5
DA:50,8
LF:14
LH:14
BRDA:15,0,0,1
BRDA:15,0,1,7
BRDA:21,1,0,7
BRDA:21,1,1,1
BRDA:22,2,0,3
BRDA:22,2,1,5
BRDA:22,3,0,8
BRDA:22,3,1,6
BRDA:25,4,0,3
BRDA:25,4,1,3
BRDA:43,5,0,5
BRDA:43,5,1,3
BRDA:43,6,0,8
BRDA:43,6,1,6
BRF:14
BRH:14
end_of_record
TN:
SF:src/lib/spam-check.ts
FN:20,stripHtml
FN:24,extractUrls
FN:39,hasIpAddress
FN:44,hasRedirectPattern
FN:50,(anonymous_4)
FN:53,extractTextContent
FN:58,checkSpamScore
FN:152,(anonymous_7)
FNF:8
FNH:8
FNDA:35,stripHtml
FNDA:35,extractUrls
FNDA:62,hasIpAddress
FNDA:58,hasRedirectPattern
FNDA:462,(anonymous_4)
FNDA:35,extractTextContent
FNDA:35,checkSpamScore
FNDA:62,(anonymous_7)
DA:7,1
DA:21,35
DA:25,35
DA:26,35
DA:28,35
DA:29,60
DA:31,35
DA:32,35
DA:33,62
DA:34,62
DA:36,35
DA:40,62
DA:41,62
DA:45,58
DA:50,462
DA:54,35
DA:55,35
DA:59,35
DA:60,35
DA:61,35
DA:62,35
DA:63,35
DA:66,35
DA:67,35
DA:68,33
DA:69,33
DA:70,33
DA:71,5
DA:72,5
DA:77,35
DA:78,35
DA:79,35
DA:80,5
DA:81,5
DA:85,35
DA:86,35
DA:87,35
DA:88,1610
DA:89,68
DA:90,68
DA:91,8
DA:95,35
DA:96,35
DA:97,8
DA:101,35
DA:102,8
DA:103,8
DA:107,35
DA:108,35
DA:109,35
DA:110,1
DA:111,1
DA:115,35
DA:116,35
DA:117,3
DA:118,3
DA:122,35
DA:124,35
DA:125,35
DA:126,4
DA:127,3
DA:128,3
DA:131,35
DA:132,3
DA:133,3
DA:137,35
DA:138,35
DA:139,35
DA:140,4
DA:141,4
DA:145,35
DA:146,35
DA:147,13
DA:148,13
DA:152,62
DA:153,35
DA:154,14
DA:155,14
DA:159,35
DA:162,35
DA:163,32
DA:164,27
DA:166,35
LF:83
LH:83
BRDA:34,0,0,2
BRDA:34,0,1,60
BRDA:67,1,0,33
BRDA:67,1,1,2
BRDA:70,2,0,5
BRDA:70,2,1,28
BRDA:77,3,0,35
BRDA:77,3,1,28
BRDA:78,4,0,35
BRDA:78,4,1,30
BRDA:79,5,0,5
BRDA:79,5,1,30
BRDA:79,6,0,35
BRDA:79,6,1,32
BRDA:88,7,0,68
BRDA:88,7,1,1542
BRDA:90,8,0,8
BRDA:90,8,1,60
BRDA:96,9,0,8
BRDA:96,9,1,27
BRDA:101,10,0,8
BRDA:101,10,1,27
BRDA:107,11,0,35
BRDA:107,11,1,32
BRDA:109,12,0,1
BRDA:109,12,1,34
BRDA:109,13,0,35
BRDA:109,13,1,3
BRDA:115,14,0,35
BRDA:115,14,1,18
BRDA:116,15,0,3
BRDA:116,15,1,32
BRDA:116,16,0,35
BRDA:116,16,1,3
BRDA:126,17,0,3
BRDA:126,17,1,1
BRDA:131,18,0,3
BRDA:131,18,1,32
BRDA:137,19,0,35
BRDA:137,19,1,30
BRDA:138,20,0,35
BRDA:138,20,1,32
BRDA:139,21,0,4
BRDA:139,21,1,31
BRDA:139,22,0,35
BRDA:139,22,1,32
BRDA:146,23,0,13
BRDA:146,23,1,22
BRDA:146,24,0,35
BRDA:146,24,1,23
BRDA:152,25,0,62
BRDA:152,25,1,58
BRDA:153,26,0,14
BRDA:153,26,1,21
BRDA:162,27,0,3
BRDA:162,27,1,32
BRDA:163,28,0,5
BRDA:163,28,1,27
BRF:58
BRH:58
end_of_record
TN:
SF:src/lib/stats.ts
FN:1,chiSquarePValue
FN:29,chiSquareCdf
FN:34,gammainc
FN:42,seriesGammainc
FN:55,continuedFractionGammainc
FN:77,logGamma
FN:94,formatPValue
FN:99,isSignificant
FNF:8
FNH:8
FNDA:20,chiSquarePValue
FNDA:12,chiSquareCdf
FNDA:11,gammainc
FNDA:5,seriesGammainc
FNDA:6,continuedFractionGammainc
FNDA:11,logGamma
FNDA:13,formatPValue
FNDA:13,isSignificant
DA:7,20
DA:8,20
DA:9,20
DA:10,20
DA:11,20
DA:13,20
DA:15,12
DA:16,12
DA:17,12
DA:18,12
DA:20,12
DA:21,12
DA:22,12
DA:23,12
DA:24,12
DA:26,12
DA:30,12
DA:31,11
DA:35,11
DA:36,11
DA:37,5
DA:39,6
DA:43,5
DA:44,5
DA:45,5
DA:46,5
DA:47,46
DA:48,46
DA:49,46
DA:50,46
DA:52,5
DA:56,6
DA:57,6
DA:58,6
DA:59,6
DA:60,6
DA:61,6
DA:62,6
DA:63,62
DA:64,62
DA:65,62
DA:66,62
DA:67,62
DA:68,62
DA:69,62
DA:70,62
DA:71,62
DA:72,62
DA:74,6
DA:78,11
DA:83,11
DA:84,11
DA:85,11
DA:86,11
DA:87,11
DA:88,66
DA:89,66
DA:91,11
DA:95,13
DA:96,7
DA:100,13
LF:61
LH:61
BRDA:13,0,0,8
BRDA:13,0,1,12
BRDA:13,1,0,20
BRDA:13,1,1,17
BRDA:13,1,2,16
BRDA:13,1,3,13
BRDA:30,2,0,1
BRDA:30,2,1,11
BRDA:35,3,0,0
BRDA:35,3,1,11
BRDA:35,4,0,11
BRDA:35,4,1,11
BRDA:36,5,0,5
BRDA:36,5,1,6
BRDA:50,6,0,5
BRDA:50,6,1,41
BRDA:66,7,0,0
BRDA:66,7,1,62
BRDA:68,8,0,0
BRDA:68,8,1,62
BRDA:72,9,0,6
BRDA:72,9,1,56
BRDA:95,10,0,6
BRDA:95,10,1,7
BRDA:99,11,0,13
BRF:25
BRH:22
end_of_record
TN:
SF:src/lib/turnstile.ts
FN:1,verifyTurnstile
FNF:1
FNH:1
FNDA:6,verifyTurnstile
DA:2,6
DA:3,6
DA:5,5
DA:7,4
DA:8,4
DA:13,3
DA:14,3
DA:16,1
LF:8
LH:8
BRDA:3,0,0,1
BRDA:3,0,1,5
BRDA:5,1,0,1
BRDA:5,1,1,4
BRF:4
BRH:4
end_of_record
TN:
SF:src/lib/utils.ts
FN:4,cn
FN:8,formatDate
FN:16,readTime
FNF:3
FNH:3
FNDA:25141,cn
FNDA:2,formatDate
FNDA:3,readTime
DA:5,25141
DA:9,2
DA:17,3
DA:18,3
LF:4
LH:4
BRF:0
BRH:0
end_of_record
TN:
SF:src/lib/webhooks.ts
FN:4,dispatchWebhook
FN:35,(anonymous_1)
FNF:2
FNH:2
FNDA:11,dispatchWebhook
FNDA:3,(anonymous_1)
DA:5,11
DA:6,11
DA:13,10
DA:19,10
DA:20,10
DA:25,10
DA:26,2
DA:27,2
DA:28,2
DA:31,10
DA:36,3
DA:40,1
LF:12
LH:12
BRDA:25,0,0,2
BRDA:25,0,1,8
BRF:2
BRH:2
end_of_record
TN:
SF:src/lib/ai/embeddings.ts
FN:4,generateEmbedding
FN:31,searchByVector
FN:45,(anonymous_2)
FNF:3
FNH:3
FNDA:9,generateEmbedding
FNDA:3,searchByVector
FNDA:2,(anonymous_2)
DA:1,9
DA:2,9
DA:5,9
DA:6,9
DA:8,8
DA:9,8
DA:22,7
DA:24,5
DA:25,5
DA:27,1
DA:32,3
DA:33,3
DA:35,2
DA:36,2
DA:37,2
DA:39,2
DA:45,2
DA:47,1
LF:18
LH:18
BRDA:6,0,0,1
BRDA:6,0,1,8
BRDA:22,1,0,2
BRDA:22,1,1,5
BRDA:25,2,0,5
BRDA:25,2,1,1
BRDA:31,3,0,3
BRDA:33,4,0,1
BRDA:33,4,1,2
BRF:9
BRH:9
end_of_record
TN:
SF:src/lib/ai/index.ts
FN:41,createProvider
FN:64,getDefaultModel
FNF:2
FNH:2
FNDA:13,createProvider
FNDA:7,getDefaultModel
DA:11,1
DA:21,1
DA:31,1
DA:45,13
DA:46,13
DA:47,1
DA:50,12
DA:51,12
DA:53,13
DA:61,13
DA:65,7
LF:11
LH:11
BRDA:46,0,0,1
BRDA:46,0,1,12
BRDA:51,1,0,12
BRDA:51,1,1,10
BRDA:51,2,0,8
BRDA:51,2,1,2
BRDA:55,3,0,13
BRDA:55,3,1,11
BRDA:56,4,0,13
BRDA:56,4,1,11
BRDA:57,5,0,13
BRDA:57,5,1,11
BRDA:58,6,0,1
BRDA:58,6,1,11
BRF:14
BRH:14
end_of_record
TN:
SF:src/lib/ai/prompts.ts
FN:4,buildSystemPrompt
FN:49,getDefaultSystemPrompt
FN:75,getKnowledgeContext
FN:92,(anonymous_3)
FNF:4
FNH:4
FNDA:3,buildSystemPrompt
FNDA:4,getDefaultSystemPrompt
FNDA:3,getKnowledgeContext
FNDA:2,(anonymous_3)
DA:5,3
DA:6,3
DA:7,3
DA:9,3
DA:11,3
DA:50,4
DA:76,3
DA:89,3
DA:91,2
DA:94,2
LF:10
LH:10
BRDA:7,0,0,3
BRDA:7,0,1,1
BRDA:44,1,0,3
BRDA:44,1,1,1
BRDA:89,2,0,1
BRDA:89,2,1,2
BRDA:94,3,0,1
BRDA:94,3,1,1
BRF:8
BRH:8
end_of_record
TN:
SF:src/lib/ai/providers/anthropic.ts
FN:4,name
FN:6,getSystemPrompt
FN:7,(anonymous_2)
FN:11,getUserMessages
FN:13,(anonymous_4)
FN:14,(anonymous_5)
FN:20,complete
FN:61,completeStream
FNF:8
FNH:8
FNDA:3,name
FNDA:21,getSystemPrompt
FNDA:21,(anonymous_2)
FNDA:21,getUserMessages
FNDA:25,(anonymous_4)
FNDA:22,(anonymous_5)
FNDA:11,complete
FNDA:10,completeStream
DA:4,3
DA:7,21
DA:8,21
DA:12,21
DA:13,25
DA:14,22
DA:21,11
DA:22,11
DA:24,11
DA:29,11
DA:30,11
DA:31,10
DA:34,11
DA:44,10
DA:45,1
DA:46,1
DA:49,9
DA:50,9
DA:62,10
DA:63,10
DA:65,10
DA:71,10
DA:73,10
DA:83,9
DA:84,1
DA:85,1
DA:88,8
DA:89,10
DA:90,7
DA:91,7
DA:93,7
DA:94,19
DA:95,19
DA:97,12
DA:98,12
DA:99,12
DA:101,19
DA:102,12
DA:103,12
DA:104,11
DA:105,11
DA:106,11
DA:107,8
LF:43
LH:43
BRDA:15,0,0,1
BRDA:15,0,1,21
BRDA:27,1,0,11
BRDA:27,1,1,10
BRDA:27,1,2,0
BRDA:29,2,0,2
BRDA:29,2,1,9
BRDA:30,3,0,10
BRDA:30,3,1,1
BRDA:30,4,0,11
BRDA:30,4,1,10
BRDA:31,5,0,10
BRDA:31,5,1,10
BRDA:34,6,0,11
BRDA:34,6,1,10
BRDA:44,7,0,1
BRDA:44,7,1,9
BRDA:51,8,0,9
BRDA:51,8,1,1
BRDA:54,9,0,11
BRDA:54,9,1,8
BRDA:55,10,0,11
BRDA:55,10,1,8
BRDA:56,11,0,11
BRDA:56,11,1,8
BRDA:56,12,0,11
BRDA:56,12,1,8
BRDA:68,13,0,10
BRDA:68,13,1,10
BRDA:68,13,2,0
BRDA:71,14,0,1
BRDA:71,14,1,9
BRDA:73,15,0,10
BRDA:73,15,1,10
BRDA:83,16,0,1
BRDA:83,16,1,8
BRDA:89,17,0,1
BRDA:89,17,1,9
BRDA:95,18,0,7
BRDA:95,18,1,12
BRDA:99,19,0,12
BRDA:99,19,1,12
BRDA:103,20,0,1
BRDA:103,20,1,11
BRDA:103,21,0,12
BRDA:103,21,1,12
BRDA:106,22,0,8
BRDA:106,22,1,3
BRDA:106,23,0,11
BRDA:106,23,1,9
BRF:50
BRH:48
end_of_record
TN:
SF:src/lib/ai/providers/base.ts
FN:29,constructor
FN:41,getApiKey
FN:48,buildSystemMessage
FN:53,buildMessages
FNF:4
FNH:4
FNDA:120,constructor
FNDA:79,getApiKey
FNDA:51,buildSystemMessage
FNDA:48,buildMessages
DA:30,120
DA:42,79
DA:43,12
DA:45,67
DA:49,51
DA:50,3
DA:54,48
DA:55,48
LF:8
LH:8
BRDA:42,0,0,12
BRDA:42,0,1,67
BRDA:49,1,0,48
BRDA:49,1,1,3
BRDA:55,2,0,2
BRDA:55,2,1,46
BRF:6
BRH:6
end_of_record
TN:
SF:src/lib/ai/providers/gemini.ts
FN:4,name
FN:6,formatMessages
FN:18,getSystemInstruction
FN:19,(anonymous_3)
FN:22,complete
FN:64,completeStream
FNF:6
FNH:6
FNDA:3,name
FNDA:18,formatMessages
FNDA:18,getSystemInstruction
FNDA:19,(anonymous_3)
FNDA:9,complete
FNDA:9,completeStream
DA:4,3
DA:7,18
DA:8,18
DA:9,21
DA:10,19
DA:15,18
DA:19,19
DA:23,9
DA:24,9
DA:25,9
DA:26,9
DA:28,9
DA:35,9
DA:37,8
DA:46,8
DA:47,1
DA:48,1
DA:51,7
DA:52,7
DA:53,9
DA:65,9
DA:66,9
DA:67,9
DA:68,9
DA:70,9
DA:77,9
DA:79,8
DA:88,8
DA:89,1
DA:90,1
DA:93,7
DA:94,9
DA:95,6
DA:96,6
DA:98,6
DA:99,18
DA:100,18
DA:102,12
DA:103,12
DA:104,12
DA:106,18
DA:107,12
DA:108,12
DA:109,10
DA:110,10
DA:111,10
DA:112,12
LF:47
LH:47
BRDA:9,0,0,2
BRDA:9,0,1,19
BRDA:11,1,0,1
BRDA:11,1,1,18
BRDA:26,2,0,9
BRDA:26,2,1,1
BRDA:31,3,0,9
BRDA:31,3,1,7
BRDA:31,3,2,0
BRDA:32,4,0,9
BRDA:32,4,1,7
BRDA:32,4,2,0
BRDA:35,5,0,1
BRDA:35,5,1,8
BRDA:46,6,0,1
BRDA:46,6,1,7
BRDA:52,7,0,7
BRDA:52,7,1,1
BRDA:57,8,0,9
BRDA:57,8,1,6
BRDA:58,9,0,9
BRDA:58,9,1,6
BRDA:59,10,0,9
BRDA:59,10,1,6
BRDA:68,11,0,9
BRDA:68,11,1,0
BRDA:73,12,0,9
BRDA:73,12,1,8
BRDA:73,12,2,0
BRDA:74,13,0,9
BRDA:74,13,1,8
BRDA:74,13,2,0
BRDA:77,14,0,1
BRDA:77,14,1,8
BRDA:88,15,0,1
BRDA:88,15,1,7
BRDA:94,16,0,1
BRDA:94,16,1,8
BRDA:100,17,0,6
BRDA:100,17,1,12
BRDA:104,18,0,12
BRDA:104,18,1,12
BRDA:108,19,0,2
BRDA:108,19,1,10
BRDA:108,20,0,12
BRDA:108,20,1,10
BRDA:112,21,0,8
BRDA:112,21,1,4
BRF:48
BRH:43
end_of_record
TN:
SF:src/lib/ai/providers/groq.ts
FN:4,name
FN:6,constructor
FNF:2
FNH:2
FNDA:2,name
FNDA:7,constructor
DA:4,2
DA:7,7
LF:2
LH:2
BRF:0
BRH:0
end_of_record
TN:
SF:src/lib/ai/providers/lmstudio.ts
FN:4,name
FN:6,constructor
FNF:2
FNH:2
FNDA:3,name
FNDA:6,constructor
DA:4,3
DA:7,6
LF:2
LH:2
BRDA:9,0,0,6
BRDA:9,0,1,1
BRDA:10,1,0,6
BRDA:10,1,1,6
BRDA:11,2,0,6
BRDA:11,2,1,6
BRF:6
BRH:6
end_of_record
TN:
SF:src/lib/ai/providers/ollama.ts
FN:4,name
FN:6,constructor
FN:16,complete
FN:17,(anonymous_3)
FN:53,completeStream
FN:54,(anonymous_5)
FNF:6
FNH:6
FNDA:1,name
FNDA:19,constructor
FNDA:7,complete
FNDA:7,(anonymous_3)
FNDA:8,completeStream
FNDA:8,(anonymous_5)
DA:4,1
DA:7,19
DA:17,7
DA:22,7
DA:36,7
DA:37,1
DA:38,1
DA:41,6
DA:42,6
DA:54,8
DA:59,8
DA:73,8
DA:74,1
DA:75,1
DA:78,7
DA:79,8
DA:80,6
DA:81,6
DA:83,6
DA:84,19
DA:85,19
DA:86,13
DA:87,13
DA:88,13
DA:89,19
DA:90,13
DA:91,13
DA:92,11
DA:93,11
DA:94,11
LF:30
LH:30
BRDA:11,0,0,19
BRDA:11,0,1,1
BRDA:29,1,0,7
BRDA:29,1,1,6
BRDA:30,2,0,7
BRDA:30,2,1,6
BRDA:36,3,0,1
BRDA:36,3,1,6
BRDA:43,4,0,6
BRDA:43,4,1,1
BRDA:44,5,0,5
BRDA:44,5,1,1
BRDA:46,6,0,7
BRDA:46,6,1,5
BRDA:47,7,0,7
BRDA:47,7,1,5
BRDA:48,8,0,7
BRDA:48,8,1,5
BRDA:48,9,0,7
BRDA:48,9,1,5
BRDA:66,10,0,8
BRDA:66,10,1,8
BRDA:67,11,0,8
BRDA:67,11,1,8
BRDA:73,12,0,1
BRDA:73,12,1,7
BRDA:79,13,0,1
BRDA:79,13,1,7
BRDA:85,14,0,6
BRDA:85,14,1,13
BRDA:88,15,0,13
BRDA:88,15,1,12
BRDA:91,16,0,2
BRDA:91,16,1,11
BRDA:94,17,0,9
BRDA:94,17,1,2
BRF:36
BRH:36
end_of_record
TN:
SF:src/lib/ai/providers/openai.ts
FN:4,name
FN:6,complete
FN:39,completeStream
FNF:3
FNH:3
FNDA:3,name
FNDA:13,complete
FNDA:13,completeStream
DA:4,3
DA:7,13
DA:22,10
DA:23,2
DA:24,2
DA:27,8
DA:28,8
DA:40,13
DA:55,11
DA:56,2
DA:57,2
DA:60,9
DA:61,13
DA:63,8
DA:64,8
DA:66,8
DA:67,29
DA:68,29
DA:70,21
DA:71,21
DA:72,21
DA:74,29
DA:75,21
DA:76,21
DA:77,14
DA:79,14
DA:80,14
DA:81,14
DA:82,21
LF:29
LH:29
BRDA:7,0,0,13
BRDA:7,0,1,8
BRDA:16,1,0,13
BRDA:16,1,1,9
BRDA:17,2,0,13
BRDA:17,2,1,9
BRDA:22,3,0,2
BRDA:22,3,1,8
BRDA:32,4,0,8
BRDA:32,4,1,6
BRDA:33,5,0,13
BRDA:33,5,1,6
BRDA:34,6,0,13
BRDA:34,6,1,6
BRDA:40,7,0,13
BRDA:40,7,1,9
BRDA:49,8,0,13
BRDA:49,8,1,11
BRDA:50,9,0,13
BRDA:50,9,1,11
BRDA:55,10,0,2
BRDA:55,10,1,9
BRDA:61,11,0,1
BRDA:61,11,1,12
BRDA:68,12,0,8
BRDA:68,12,1,21
BRDA:72,13,0,21
BRDA:72,13,1,20
BRDA:76,14,0,7
BRDA:76,14,1,14
BRDA:76,15,0,21
BRDA:76,15,1,19
BRDA:77,16,0,0
BRDA:77,16,1,14
BRDA:82,17,0,12
BRDA:82,17,1,9
BRF:36
BRH:35
end_of_record
TN:
SF:src/lib/ai/providers/openrouter.ts
FN:4,name
FN:6,constructor
FN:13,complete
FN:49,completeStream
FNF:4
FNH:4
FNDA:3,name
FNDA:13,constructor
FNDA:5,complete
FNDA:6,completeStream
DA:4,3
DA:7,13
DA:14,5
DA:15,5
DA:32,4
DA:33,1
DA:34,1
DA:37,3
DA:38,3
DA:50,6
DA:51,6
DA:68,5
DA:69,1
DA:70,1
DA:73,4
DA:74,6
DA:75,3
DA:76,3
DA:78,3
DA:79,11
DA:80,11
DA:81,8
DA:82,8
DA:83,8
DA:84,11
DA:85,8
DA:86,8
DA:87,5
DA:88,5
DA:89,5
DA:90,5
DA:91,8
LF:32
LH:32
BRDA:14,0,0,5
BRDA:14,0,1,0
BRDA:26,1,0,5
BRDA:26,1,1,3
BRDA:27,2,0,5
BRDA:27,2,1,3
BRDA:32,3,0,1
BRDA:32,3,1,3
BRDA:42,4,0,3
BRDA:42,4,1,2
BRDA:43,5,0,5
BRDA:43,5,1,2
BRDA:44,6,0,5
BRDA:44,6,1,2
BRDA:50,7,0,6
BRDA:50,7,1,0
BRDA:62,8,0,6
BRDA:62,8,1,5
BRDA:63,9,0,6
BRDA:63,9,1,5
BRDA:68,10,0,1
BRDA:68,10,1,4
BRDA:74,11,0,1
BRDA:74,11,1,5
BRDA:80,12,0,3
BRDA:80,12,1,8
BRDA:83,13,0,8
BRDA:83,13,1,8
BRDA:86,14,0,3
BRDA:86,14,1,5
BRDA:86,15,0,8
BRDA:86,15,1,6
BRDA:87,16,0,0
BRDA:87,16,1,5
BRDA:91,17,0,4
BRDA:91,17,1,4
BRF:36
BRH:33
end_of_record
TN:
SF:src/lib/availability/slots.ts
FN:14,getAvailableSlots
FN:71,(anonymous_1)
FN:86,getNextAvailableDays
FNF:3
FNH:3
FNDA:37,getAvailableSlots
FNDA:20,(anonymous_1)
FNDA:5,getNextAvailableDays
DA:18,37
DA:20,37
DA:24,37
DA:26,25
DA:28,25
DA:34,25
DA:36,24
DA:44,24
DA:45,24
DA:46,24
DA:48,24
DA:49,37
DA:51,37
DA:52,37
DA:53,37
DA:55,37
DA:56,325
DA:58,325
DA:59,40
DA:60,40
DA:61,40
DA:62,4
DA:63,4
DA:67,321
DA:68,321
DA:69,321
DA:71,321
DA:72,20
DA:73,16
DA:74,16
DA:75,16
DA:76,16
DA:79,321
DA:80,321
DA:83,24
DA:90,5
DA:92,5
DA:93,28
DA:94,28
DA:95,28
DA:97,28
DA:99,24
DA:100,24
DA:101,15
DA:109,5
LF:45
LH:45
BRDA:16,0,0,37
BRDA:24,1,0,12
BRDA:24,1,1,25
BRDA:24,2,0,37
BRDA:24,2,1,26
BRDA:34,3,0,1
BRDA:34,3,1,24
BRDA:58,4,0,40
BRDA:58,4,1,285
BRDA:58,5,0,325
BRDA:58,5,1,40
BRDA:61,6,0,4
BRDA:61,6,1,36
BRDA:61,7,0,40
BRDA:61,7,1,22
BRDA:72,8,0,4
BRDA:72,8,1,16
BRDA:76,9,0,16
BRDA:76,9,1,4
BRDA:87,10,0,5
BRDA:88,11,0,5
BRDA:97,12,0,4
BRDA:97,12,1,24
BRDA:97,13,0,28
BRDA:97,13,1,26
BRDA:100,14,0,15
BRDA:100,14,1,9
BRF:27
BRH:27
end_of_record
TN:
SF:src/lib/brevo/brevo-fetch.ts
FN:12,getBrevoConfig
FN:23,constructor
FN:31,brevoFetch
FN:39,(anonymous_3)
FN:54,(anonymous_4)
FNF:5
FNH:4
FNDA:82,getBrevoConfig
FNDA:8,constructor
FNDA:80,brevoFetch
FNDA:0,(anonymous_3)
FNDA:1,(anonymous_4)
DA:6,3
DA:13,82
DA:14,82
DA:15,2
DA:17,80
DA:24,8
DA:25,8
DA:26,8
DA:27,8
DA:35,80
DA:36,80
DA:37,80
DA:38,80
DA:39,80
DA:41,80
DA:42,80
DA:53,77
DA:54,4
DA:55,4
DA:62,73
DA:63,53
DA:65,6
DA:66,2
DA:71,79
LF:24
LH:24
BRDA:14,0,0,2
BRDA:14,0,1,80
BRDA:23,1,0,8
BRDA:33,2,0,80
BRDA:38,3,0,80
BRDA:38,3,1,79
BRDA:53,4,0,4
BRDA:53,4,1,73
BRDA:56,5,0,4
BRDA:56,5,1,4
BRDA:62,6,0,20
BRDA:62,6,1,53
BRDA:65,7,0,4
BRDA:65,7,1,2
BRDA:67,8,0,1
BRDA:67,8,1,1
BRF:16
BRH:16
end_of_record
TN:
SF:src/lib/brevo/client.ts
FN:47,getBrevo
FN:51,(anonymous_1)
FN:62,(anonymous_2)
FN:65,(anonymous_3)
FN:78,(anonymous_4)
FN:83,(anonymous_5)
FN:107,(anonymous_6)
FN:123,(anonymous_7)
FN:135,(anonymous_8)
FN:141,(anonymous_9)
FN:147,(anonymous_10)
FN:150,(anonymous_11)
FN:156,(anonymous_12)
FN:161,(anonymous_13)
FN:173,(anonymous_14)
FN:187,(anonymous_15)
FN:193,(anonymous_16)
FN:203,(anonymous_17)
FN:206,(anonymous_18)
FN:209,(anonymous_19)
FN:215,(anonymous_20)
FN:228,(anonymous_21)
FN:248,(anonymous_22)
FN:262,(anonymous_23)
FN:287,(anonymous_24)
FN:290,(anonymous_25)
FN:293,(anonymous_26)
FN:307,(anonymous_27)
FN:331,(anonymous_28)
FN:348,(anonymous_29)
FN:351,(anonymous_30)
FN:367,(anonymous_31)
FN:383,(anonymous_32)
FN:389,(anonymous_33)
FN:424,(anonymous_34)
FN:427,(anonymous_35)
FN:433,(anonymous_36)
FN:436,(anonymous_37)
FN:457,(anonymous_38)
FN:463,(anonymous_39)
FN:472,(anonymous_40)
FN:477,(anonymous_41)
FN:483,(anonymous_42)
FN:488,(anonymous_43)
FN:491,(anonymous_44)
FN:494,(anonymous_45)
FN:500,(anonymous_46)
FN:511,(anonymous_47)
FN:520,(anonymous_48)
FN:522,(anonymous_49)
FN:532,(anonymous_50)
FN:538,(anonymous_51)
FN:541,(anonymous_52)
FN:546,(anonymous_53)
FN:559,(anonymous_54)
FN:561,(anonymous_55)
FNF:56
FNH:56
FNDA:80,getBrevo
FNDA:2,(anonymous_1)
FNDA:7,(anonymous_2)
FNDA:1,(anonymous_3)
FNDA:2,(anonymous_4)
FNDA:6,(anonymous_5)
FNDA:1,(anonymous_6)
FNDA:1,(anonymous_7)
FNDA:1,(anonymous_8)
FNDA:1,(anonymous_9)
FNDA:1,(anonymous_10)
FNDA:1,(anonymous_11)
FNDA:1,(anonymous_12)
FNDA:2,(anonymous_13)
FNDA:2,(anonymous_14)
FNDA:1,(anonymous_15)
FNDA:2,(anonymous_16)
FNDA:1,(anonymous_17)
FNDA:1,(anonymous_18)
FNDA:1,(anonymous_19)
FNDA:2,(anonymous_20)
FNDA:1,(anonymous_21)
FNDA:1,(anonymous_22)
FNDA:2,(anonymous_23)
FNDA:1,(anonymous_24)
FNDA:1,(anonymous_25)
FNDA:2,(anonymous_26)
FNDA:2,(anonymous_27)
FNDA:3,(anonymous_28)
FNDA:1,(anonymous_29)
FNDA:1,(anonymous_30)
FNDA:1,(anonymous_31)
FNDA:1,(anonymous_32)
FNDA:1,(anonymous_33)
FNDA:1,(anonymous_34)
FNDA:1,(anonymous_35)
FNDA:1,(anonymous_36)
FNDA:3,(anonymous_37)
FNDA:1,(anonymous_38)
FNDA:1,(anonymous_39)
FNDA:1,(anonymous_40)
FNDA:1,(anonymous_41)
FNDA:1,(anonymous_42)
FNDA:1,(anonymous_43)
FNDA:1,(anonymous_44)
FNDA:1,(anonymous_45)
FNDA:1,(anonymous_46)
FNDA:2,(anonymous_47)
FNDA:1,(anonymous_48)
FNDA:1,(anonymous_49)
FNDA:1,(anonymous_50)
[...]
DA:261,2
DA:263,2
DA:265,1
DA:268,23
DA:269,25
DA:270,25
DA:271,24
DA:274,23
LF:86
LH:85
BRDA:33,0,0,55
BRDA:33,0,1,21
BRDA:42,1,0,7
BRDA:42,1,1,1
BRDA:50,2,0,2
BRDA:50,2,1,1
BRDA:64,3,0,7
BRDA:64,3,1,0
BRDA:68,4,0,5
BRDA:68,4,1,2
BRDA:72,5,0,7
BRDA:72,5,1,6
BRDA:97,6,0,13
BRDA:97,6,1,11
BRDA:97,6,2,1
BRDA:98,7,0,13
BRDA:98,7,1,13
BRDA:100,8,0,0
BRDA:100,8,1,13
BRDA:106,9,0,0
BRDA:106,9,1,0
BRDA:106,9,2,0
BRDA:116,10,0,1
BRDA:116,10,1,12
BRDA:119,11,0,13
BRDA:119,11,1,11
BRDA:120,12,0,4
BRDA:120,12,1,9
BRDA:123,13,0,4
BRDA:123,13,1,0
BRDA:133,14,0,1
BRDA:133,14,1,1
BRDA:159,15,0,1
BRDA:159,15,1,2
BRDA:160,16,0,1
BRDA:160,16,1,0
BRDA:162,17,0,3
BRDA:162,17,1,2
BRDA:175,18,0,4
BRDA:175,18,1,3
BRDA:176,19,0,4
BRDA:176,19,1,3
BRDA:177,20,0,4
BRDA:177,20,1,3
BRDA:177,20,2,3
BRDA:178,21,0,4
BRDA:178,21,1,0
BRDA:181,22,0,2
BRDA:181,22,1,1
BRDA:182,23,0,2
BRDA:182,23,1,0
BRDA:183,24,0,2
BRDA:183,24,1,2
BRDA:184,25,0,2
BRDA:184,25,1,2
BRDA:184,25,2,2
BRDA:185,26,0,1
BRDA:185,26,1,1
BRDA:190,27,0,2
BRDA:190,27,1,1
BRDA:191,28,0,2
BRDA:191,28,1,1
BRDA:192,29,0,2
BRDA:192,29,1,2
BRDA:192,29,2,2
BRDA:193,30,0,2
BRDA:193,30,1,2
BRDA:194,31,0,2
BRDA:194,31,1,2
BRDA:195,32,0,2
BRDA:195,32,1,2
BRDA:195,32,2,2
BRDA:203,33,0,3
BRDA:203,33,1,2
BRDA:204,34,0,3
BRDA:204,34,1,2
BRDA:205,35,0,3
BRDA:205,35,1,2
BRDA:208,36,0,2
BRDA:208,36,1,1
BRDA:210,37,0,2
BRDA:210,37,1,1
BRDA:211,38,0,2
BRDA:211,38,1,2
BRDA:211,38,2,2
BRDA:212,39,0,2
BRDA:212,39,1,2
BRDA:213,40,0,2
BRDA:213,40,1,1
BRDA:216,41,0,2
BRDA:216,41,1,0
BRDA:220,42,0,1
BRDA:220,42,1,0
BRDA:221,43,0,1
BRDA:221,43,1,1
BRDA:229,44,0,2
BRDA:229,44,1,1
BRDA:229,44,2,1
BRDA:230,45,0,2
BRDA:230,45,1,1
BRDA:230,45,2,1
BRDA:231,46,0,2
BRDA:231,46,1,1
BRDA:231,46,2,1
BRDA:233,47,0,1
BRDA:233,47,1,1
BRDA:234,48,0,1
BRDA:234,48,1,1
BRDA:241,49,0,1
BRDA:241,49,1,0
BRDA:242,50,0,1
BRDA:242,50,1,0
BRDA:243,51,0,1
BRDA:243,51,1,0
BRDA:244,52,0,1
BRDA:244,52,1,0
BRDA:245,53,0,1
BRDA:245,53,1,0
BRDA:252,54,0,2
BRDA:252,54,1,1
BRDA:253,55,0,2
BRDA:253,55,1,0
BRDA:254,56,0,2
BRDA:254,56,1,1
BRDA:256,57,0,1
BRDA:256,57,1,1
BRDA:261,58,0,2
BRDA:261,58,1,1
BRDA:265,59,0,1
BRDA:265,59,1,0
BRDA:270,60,0,1
BRDA:270,60,1,24
BRF:132
BRH:114
end_of_record
TN:
SF:src/lib/email/reply-notification-template.ts
FN:6,adminReplyTemplate
FNF:1
FNH:1
FNDA:13,adminReplyTemplate
DA:4,2
DA:12,13
DA:13,13
DA:14,13
DA:16,13
DA:85,13
LF:6
LH:6
BRDA:4,0,0,2
BRDA:4,0,1,2
BRF:2
BRH:2
end_of_record
TN:
SF:src/lib/email/templates.ts
FN:6,formatDate
FN:20,wrapTemplate
FN:70,appointmentConfirmationTemplate
FN:141,appointmentReminderTemplate
FN:201,appointmentRescheduledTemplate
FN:260,appointmentCancelledTemplate
FN:306,customReminderTemplate
FNF:7
FNH:7
FNDA:31,formatDate
FNDA:28,wrapTemplate
FNDA:8,appointmentConfirmationTemplate
FNDA:6,appointmentReminderTemplate
FNDA:6,appointmentRescheduledTemplate
FNDA:5,appointmentCancelledTemplate
FNDA:3,customReminderTemplate
DA:3,1
DA:4,1
DA:7,31
DA:8,31
DA:14,31
DA:15,5
DA:17,26
DA:21,28
DA:80,8
DA:81,8
DA:136,8
DA:150,6
DA:151,6
DA:196,6
DA:211,6
DA:212,6
DA:255,6
DA:267,5
DA:268,5
DA:301,5
DA:312,3
DA:313,3
DA:338,3
LF:23
LH:23
BRDA:3,0,0,1
BRDA:3,0,1,1
BRDA:14,1,0,5
BRDA:14,1,1,26
BRDA:93,2,0,1
BRDA:93,2,1,7
BRDA:105,3,0,1
BRDA:105,3,1,7
BRDA:109,4,0,1
BRDA:109,4,1,7
BRDA:117,5,0,1
BRDA:117,5,1,7
BRDA:162,6,0,0
BRDA:162,6,1,6
BRDA:174,7,0,0
BRDA:174,7,1,6
BRDA:220,8,0,1
BRDA:220,8,1,5
BRDA:239,9,0,0
BRDA:239,9,1,6
BRDA:277,10,0,1
BRDA:277,10,1,4
BRDA:323,11,0,1
BRDA:323,11,1,2
BRDA:324,12,0,1
BRDA:324,12,1,2
BRF:26
BRH:23
end_of_record
TN:
SF:src/lib/email/templates/prebuilt.ts
FN:35,wrap
FNF:1
FNH:1
FNDA:18,wrap
DA:11,1
DA:36,18
DA:51,1
DA:489,1
LF:4
LH:4
BRF:0
BRH:0
end_of_record
TN:
SF:src/lib/helpers/testimonial-settings.ts
FN:11,getTestimonialPageSettings
FNF:1
FNH:1
FNDA:12,getTestimonialPageSettings
DA:12,12
DA:13,12
DA:14,12
DA:15,11
DA:16,2
DA:18,9
DA:19,12
DA:20,12
DA:28,2
DA:29,2
LF:10
LH:10
BRDA:15,0,0,2
BRDA:15,0,1,9
BRDA:18,1,0,2
BRDA:18,1,1,7
BRDA:19,2,0,12
BRDA:19,2,1,1
BRDA:25,3,0,5
BRDA:25,3,1,3
BRF:8
BRH:8
end_of_record
TN:
SF:src/lib/hooks/useFormFieldOptions.ts
FN:50,filterEnabled
FN:51,(anonymous_1)
FN:54,useFormFieldOptions
FN:57,(anonymous_3)
FN:59,(anonymous_4)
FN:60,(anonymous_5)
FN:65,(anonymous_6)
FNF:7
FNH:7
FNDA:33,filterEnabled
FNDA:182,(anonymous_1)
FNDA:11,useFormFieldOptions
FNDA:5,(anonymous_3)
FNDA:4,(anonymous_4)
FNDA:3,(anonymous_5)
FNDA:2,(anonymous_6)
DA:16,1
DA:27,1
DA:36,1
DA:44,1
DA:51,182
DA:55,11
DA:57,11
DA:58,5
DA:59,4
DA:61,3
DA:62,2
DA:70,11
LF:12
LH:12
BRDA:61,0,0,2
BRDA:61,0,1,1
BRDA:61,1,0,3
BRDA:61,1,1,3
BRDA:61,1,2,3
BRF:5
BRH:5
end_of_record
TN:
SF:src/lib/integrations/notification-hooks.ts
FN:3,createEventNotification
FN:33,notifyLeadCreated
FN:43,notifyLeadStatusChanged
FN:53,notifyClientCreated
FN:63,notifyDealWon
FN:74,notifyDealLost
FN:84,notifyProposalApproved
FN:96,notifyContactSubmission
FN:107,notifyQuoteRequest
FN:117,notifyServiceInquiry
FN:129,notifyAppointmentBooked
FN:140,notifyAppointmentCancelled
FN:150,notifyAppointmentReminder
FN:160,notifyMeetingStartingSoon
FN:172,notifyProjectPublished
FN:182,notifyProjectUpdated
FN:192,notifyPortfolioInquiry
FN:204,notifyNewSubscriber
FN:214,notifyCampaignSent
FN:225,notifyCampaignCompleted
FN:235,notifyUnsubscribe
FN:247,notifyResumeDownloaded
FN:257,notifyResumeViewed
FN:269,notifyNewTestimonial
FN:279,notifyTestimonialApproved
FN:291,notifyUserLogin
FN:300,notifySecurityAlert
FN:310,notifyBackupCompleted
FN:319,notifyStorageWarning
FN:329,notifySystemError
FNF:30
FNH:30
FNDA:34,createEventNotification
FNDA:2,notifyLeadCreated
FNDA:1,notifyLeadStatusChanged
FNDA:1,notifyClientCreated
FNDA:2,notifyDealWon
FNDA:1,notifyDealLost
FNDA:1,notifyProposalApproved
FNDA:1,notifyContactSubmission
FNDA:2,notifyQuoteRequest
FNDA:1,notifyServiceInquiry
FNDA:1,notifyAppointmentBooked
FNDA:1,notifyAppointmentCancelled
FNDA:1,notifyAppointmentReminder
FNDA:1,notifyMeetingStartingSoon
FNDA:1,notifyProjectPublished
FNDA:1,notifyProjectUpdated
FNDA:1,notifyPortfolioInquiry
FNDA:1,notifyNewSubscriber
FNDA:1,notifyCampaignSent
FNDA:1,notifyCampaignCompleted
FNDA:1,notifyUnsubscribe
FNDA:1,notifyResumeDownloaded
FNDA:1,notifyResumeViewed
FNDA:1,notifyNewTestimonial
FNDA:1,notifyTestimonialApproved
FNDA:1,notifyUserLogin
FNDA:2,notifySecurityAlert
FNDA:1,notifyBackupCompleted
FNDA:1,notifyStorageWarning
FNDA:2,notifySystemError
DA:11,34
DA:34,2
DA:44,1
DA:54,1
DA:64,2
DA:75,1
DA:85,1
DA:97,1
DA:108,2
DA:118,1
DA:130,1
DA:141,1
DA:151,1
DA:161,1
DA:173,1
DA:183,1
DA:193,1
DA:205,1
DA:215,1
DA:226,1
DA:236,1
DA:248,1
DA:258,1
DA:270,1
DA:280,1
DA:292,1
DA:301,2
DA:311,1
DA:320,1
DA:330,2
LF:30
LH:30
BRDA:37,0,0,1
BRDA:37,0,1,1
BRDA:111,1,0,2
BRDA:111,1,1,1
BRF:4
BRH:4
end_of_record
TN:
SF:src/lib/notifications/event-handlers.ts
FN:15,notifyCrmLeadCreated
FN:31,notifyCrmLeadStatusChanged
FN:47,notifyCrmDealWon
FN:63,notifyCrmDealLost
FN:79,notifyCrmProposalApproved
FN:98,notifyNewContactSubmission
FN:114,notifyServiceInquiry
FN:134,notifyAppointmentBooked
FN:151,notifyAppointmentRescheduled
FN:168,notifyAppointmentCancelled
FN:184,notifyMeetingCompleted
FN:200,notifyAppointmentReminder
FN:216,notifyMeetingStartingSoon
FN:236,notifyProjectPublished
FN:250,notifyProjectUpdated
FN:264,notifyPortfolioInquiry
FN:284,notifyNewSubscriber
FN:299,notifyCampaignSent
FN:313,notifyCampaignCompleted
FN:326,notifyUnsubscribeRequest
FN:344,notifyResumeDownloaded
FN:358,notifyResumeViewed
FN:375,notifyNewTestimonial
FN:390,notifyTestimonialApproved
FN:407,notifyUserLogin
FN:421,notifySecurityAlert
FN:438,notifySystemError
FN:454,notifyBackupCompleted
FN:468,notifyStorageWarning
FN:489,notifyPaymentFailed
FN:508,notifyInvoicePaid
FN:526,notifyPaymentReceived
FN:544,notifyInvoiceOverdue
FN:567,notifyChatStarted
FN:582,notifyChatEscalated
FN:602,notifyFailedLogin
FN:619,notifyPasswordChanged
FN:637,notifyFileUploaded
FN:653,notifyIntegrationConnected
FN:676,notifySupportTicketEscalated
FN:692,notifySupportBulkAction
FN:703,notifySupportSlaBreach
FN:715,notifyBlogComment
FNF:43
FNH:43
FNDA:3,notifyCrmLeadCreated
FNDA:2,notifyCrmLeadStatusChanged
FNDA:3,notifyCrmDealWon
FNDA:2,notifyCrmDealLost
FNDA:3,notifyCrmProposalApproved
FNDA:3,notifyNewContactSubmission
FNDA:1,notifyServiceInquiry
FNDA:2,notifyAppointmentBooked
FNDA:2,notifyAppointmentRescheduled
FNDA:3,notifyAppointmentCancelled
FNDA:4,notifyMeetingCompleted
FNDA:1,notifyAppointmentReminder
FNDA:1,notifyMeetingStartingSoon
FNDA:3,notifyProjectPublished
FNDA:1,notifyProjectUpdated
FNDA:1,notifyPortfolioInquiry
FNDA:3,notifyNewSubscriber
FNDA:1,notifyCampaignSent
FNDA:1,notifyCampaignCompleted
FNDA:2,notifyUnsubscribeRequest
FNDA:1,notifyResumeDownloaded
FNDA:1,notifyResumeViewed
FNDA:1,notifyNewTestimonial
FNDA:3,notifyTestimonialApproved
FNDA:1,notifyUserLogin
FNDA:1,notifySecurityAlert
FNDA:1,notifySystemError
FNDA:1,notifyBackupCompleted
FNDA:1,notifyStorageWarning
FNDA:2,notifyPaymentFailed
FNDA:5,notifyInvoicePaid
FNDA:1,notifyPaymentReceived
FNDA:2,notifyInvoiceOverdue
FNDA:1,notifyChatStarted
FNDA:1,notifyChatEscalated
FNDA:1,notifyFailedLogin
FNDA:1,notifyPasswordChanged
FNDA:1,notifyFileUploaded
FNDA:1,notifyIntegrationConnected
FNDA:1,notifySupportTicketEscalated
FNDA:1,notifySupportBulkAction
FNDA:1,notifySupportSlaBreach
FNDA:1,notifyBlogComment
DA:21,3
DA:37,2
DA:53,3
DA:69,2
DA:84,3
DA:104,3
DA:120,1
DA:141,2
DA:158,2
DA:174,3
DA:189,4
DA:206,1
DA:221,1
DA:240,3
DA:254,1
DA:270,1
DA:289,3
DA:303,1
DA:316,1
DA:330,2
DA:348,1
DA:361,1
DA:380,1
DA:393,3
DA:411,1
DA:426,1
DA:442,1
DA:458,1
DA:473,1
DA:496,2
DA:515,5
DA:531,1
DA:550,2
DA:571,1
DA:586,1
DA:607,1
DA:622,1
DA:642,1
DA:657,1
DA:681,1
DA:693,1
DA:704,1
DA:720,1
LF:43
LH:43
BRDA:25,0,0,3
BRDA:25,0,1,1
BRDA:41,1,0,2
BRDA:41,1,1,1
BRDA:57,2,0,3
BRDA:57,2,1,1
BRDA:73,3,0,2
BRDA:73,3,1,1
BRDA:88,4,0,3
BRDA:88,4,1,1
BRDA:108,5,0,3
BRDA:108,5,1,1
BRDA:124,6,0,1
BRDA:124,6,1,1
BRDA:145,7,0,2
BRDA:145,7,1,1
BRDA:162,8,0,2
BRDA:162,8,1,0
BRDA:178,9,0,3
BRDA:178,9,1,1
BRDA:193,10,0,4
BRDA:193,10,1,1
BRDA:210,11,0,1
BRDA:210,11,1,1
BRDA:225,12,0,1
BRDA:225,12,1,1
BRDA:244,13,0,3
BRDA:244,13,1,1
BRDA:258,14,0,1
BRDA:258,14,1,1
BRDA:274,15,0,1
BRDA:274,15,1,1
BRDA:333,16,0,1
BRDA:333,16,1,1
BRDA:351,17,0,1
BRDA:351,17,1,0
BRDA:364,18,0,1
BRDA:364,18,1,0
BRDA:384,19,0,1
BRDA:384,19,1,1
BRDA:430,20,0,1
BRDA:430,20,1,1
BRDA:500,21,0,2
BRDA:500,21,1,1
BRDA:519,22,0,5
BRDA:519,22,1,1
BRDA:573,23,0,1
BRDA:573,23,1,0
BRDA:588,24,0,1
BRDA:588,24,1,0
BRDA:685,25,0,1
BRDA:685,25,1,1
BRDA:696,26,0,0
BRDA:696,26,1,1
BRDA:724,27,0,1
BRDA:724,27,1,1
BRF:56
BRH:50
end_of_record
TN:
SF:src/lib/notifications/notification-bus.ts
FN:34,emitNotification
FN:38,onNotification
FN:41,(anonymous_2)
FN:46,offNotification
FNF:4
FNH:4
FNDA:51,emitNotification
FNDA:76,onNotification
FNDA:75,(anonymous_2)
FNDA:1,offNotification
DA:27,13
DA:28,13
DA:30,13
DA:35,51
DA:39,76
DA:41,76
DA:42,75
DA:47,1
LF:8
LH:8
BRF:0
BRH:0
end_of_record
TN:
SF:src/lib/notifications/notification-service.ts
FN:84,interpolate
FN:88,(anonymous_1)
FN:97,resolveChannels
FN:121,sendNotification
FN:219,dispatchEmail
FN:268,buildEmailHtml
FN:300,escapeHtml
FN:311,logNotificationDelivery
FN:334,checkQuietHours
FN:387,timeToMinutes
FN:394,sendNotificationFromTemplate
FN:432,markNotificationRead
FN:459,getUnreadCount
FNF:13
FNH:13
FNDA:6,interpolate
FNDA:9,(anonymous_1)
FNDA:47,resolveChannels
FNDA:52,sendNotification
FNDA:43,dispatchEmail
FNDA:9,buildEmailHtml
FNDA:18,escapeHtml
FNDA:94,logNotificationDelivery
FNDA:52,checkQuietHours
FNDA:9,timeToMinutes
FNDA:2,sendNotificationFromTemplate
FNDA:2,markNotificationRead
FNDA:1,getUnreadCount
DA:71,13
DA:88,6
DA:89,9
DA:90,9
DA:91,6
DA:101,47
DA:103,17
DA:104,17
DA:108,16
DA:109,1
DA:110,1
DA:113,15
DA:115,1
DA:124,52
DA:125,52
DA:126,52
DA:129,52
DA:132,47
DA:135,52
DA:138,52
DA:159,51
DA:162,51
DA:163,92
DA:165,47
DA:166,47
DA:167,47
DA:170,45
DA:171,43
DA:172,43
DA:173,43
DA:174,43
DA:178,2
DA:179,2
DA:183,51
DA:184,51
DA:185,51
DA:186,51
DA:200,51
DA:201,51
DA:211,51
DA:223,43
DA:224,43
DA:225,43
DA:228,43
DA:229,43
DA:230,19
DA:234,19
DA:237,43
DA:238,34
DA:242,9
DA:243,43
DA:245,43
DA:255,7
DA:256,1
DA:259,1
DA:261,7
DA:262,7
DA:269,9
DA:301,18
DA:317,94
DA:318,94
DA:339,52
DA:342,50
DA:344,50
DA:346,20
DA:347,20
DA:351,19
DA:352,3
DA:353,3
DA:354,3
DA:355,3
DA:357,3
DA:358,3
DA:359,3
DA:362,3
DA:364,2
DA:367,1
DA:371,3
DA:372,1
DA:377,18
DA:378,1
DA:381,17
DA:383,1
DA:388,9
DA:389,9
DA:405,2
DA:409,2
DA:411,1
DA:412,1
DA:414,2
DA:436,2
DA:441,2
DA:443,2
DA:444,2
DA:460,1
LF:95
LH:95
BRDA:90,0,0,3
BRDA:90,0,1,6
BRDA:90,1,0,9
BRDA:90,1,1,8
BRDA:101,2,0,30
BRDA:101,2,1,17
BRDA:101,3,0,30
BRDA:101,3,1,0
BRDA:108,4,0,1
BRDA:108,4,1,15
BRDA:110,5,0,1
BRDA:110,5,1,0
BRDA:110,6,0,1
BRDA:110,6,1,1
BRDA:113,7,0,15
BRDA:113,7,1,0
BRDA:115,8,0,1
BRDA:115,8,1,0
BRDA:124,9,0,52
BRDA:124,9,1,49
BRDA:124,9,2,22
BRDA:125,10,0,52
BRDA:125,10,1,41
BRDA:125,10,2,18
BRDA:126,11,0,52
BRDA:126,11,1,47
BRDA:126,11,2,23
BRDA:129,12,0,52
BRDA:129,12,1,47
BRDA:135,13,0,50
BRDA:135,13,1,2
BRDA:140,14,0,52
BRDA:140,14,1,30
BRDA:144,15,0,52
BRDA:144,15,1,25
BRDA:146,16,0,52
BRDA:146,16,1,13
BRDA:147,17,0,52
BRDA:147,17,1,25
BRDA:148,18,0,52
BRDA:148,18,1,52
BRDA:149,19,0,52
BRDA:149,19,1,52
BRDA:150,20,0,52
BRDA:150,20,1,52
BRDA:152,21,0,0
BRDA:152,21,1,52
BRDA:152,22,0,52
BRDA:152,22,1,52
BRDA:153,23,0,52
BRDA:153,23,1,13
BRDA:155,24,0,52
BRDA:155,24,1,52
BRDA:163,25,0,47
BRDA:163,25,1,45
BRDA:170,26,0,43
BRDA:170,26,1,2
BRDA:170,27,0,45
BRDA:170,27,1,45
BRDA:184,28,0,51
BRDA:184,28,1,0
BRDA:191,29,0,51
BRDA:191,29,1,51
BRDA:192,30,0,2
BRDA:192,30,1,49
BRDA:192,31,0,12
BRDA:192,31,1,37
BRDA:205,32,0,51
BRDA:205,32,1,39
BRDA:225,33,0,43
BRDA:225,33,1,31
BRDA:229,34,0,19
BRDA:229,34,1,24
BRDA:234,35,0,19
BRDA:234,35,1,10
BRDA:237,36,0,34
BRDA:237,36,1,9
BRDA:242,37,0,9
BRDA:242,37,1,0
BRDA:255,38,0,1
BRDA:255,38,1,6
BRDA:261,39,0,7
BRDA:261,39,1,0
BRDA:323,40,0,94
BRDA:323,40,1,52
BRDA:324,41,0,48
BRDA:324,41,1,46
BRDA:324,42,0,94
BRDA:324,42,1,93
BRDA:339,43,0,2
BRDA:339,43,1,50
BRDA:344,44,0,30
BRDA:344,44,1,20
BRDA:351,45,0,3
BRDA:351,45,1,16
BRDA:351,46,0,19
BRDA:351,46,1,3
BRDA:362,47,0,2
BRDA:362,47,1,1
BRDA:364,48,0,2
BRDA:364,48,1,2
BRDA:367,49,0,1
BRDA:367,49,1,1
BRDA:371,50,0,1
BRDA:371,50,1,2
BRDA:371,51,0,3
BRDA:371,51,1,2
BRDA:377,52,0,1
BRDA:377,52,1,17
BRDA:377,53,0,18
BRDA:377,53,1,1
BRDA:409,54,0,1
BRDA:409,54,1,1
BRDA:412,55,0,1
BRDA:412,55,1,0
BRF:115
BRH:106
end_of_record
TN:
SF:src/lib/resume-pdf/index.ts
FNF:0
FNH:0
DA:8,1
LF:1
LH:1
BRF:0
BRH:0
end_of_record
TN:
SF:src/lib/resume-pdf/shared.ts
FN:1,formatDate
FNF:1
FNH:1
FNDA:9,formatDate
DA:2,9
DA:3,9
LF:2
LH:2
BRF:0
BRH:0
end_of_record
TN:
SF:src/lib/support/automation-engine.ts
FN:5,runAutomationRules
FNF:1
FNH:1
FNDA:15,runAutomationRules
DA:6,15
DA:11,15
DA:12,15
DA:13,15
DA:14,15
DA:15,15
DA:17,8
DA:18,8
DA:19,5
DA:20,2
DA:21,1
DA:23,8
DA:25,15
DA:27,11
DA:28,11
DA:29,12
DA:31,1
DA:32,1
DA:34,3
DA:35,3
DA:37,3
DA:38,3
DA:40,4
DA:41,4
DA:42,4
DA:43,4
DA:44,4
DA:45,4
DA:47,1
DA:48,1
DA:56,1
DA:60,0
LF:32
LH:31
BRDA:17,0,0,8
BRDA:17,0,1,1
BRDA:18,1,0,5
BRDA:18,1,1,2
BRDA:18,1,2,1
BRDA:19,2,0,3
BRDA:19,2,1,2
BRDA:20,3,0,0
BRDA:20,3,1,2
BRDA:23,4,0,4
BRDA:23,4,1,4
BRDA:25,5,0,4
BRDA:25,5,1,11
BRDA:29,6,0,1
BRDA:29,6,1,3
BRDA:29,6,2,3
BRDA:29,6,3,4
BRDA:29,6,4,1
BRDA:41,7,0,3
BRDA:41,7,1,1
BRDA:42,8,0,0
BRDA:42,8,1,4
BRDA:43,9,0,3
BRDA:43,9,1,1
BRF:24
BRH:22
end_of_record
TN:
SF:src/lib/utils/string-guards.ts
FN:12,escapeHtml
FN:24,safe
FN:33,safeVal
FN:41,formatTime
FN:59,hasRecipient
FNF:5
FNH:5
FNDA:247,escapeHtml
FNDA:54,safe
FNDA:56,safeVal
FNDA:35,formatTime
FNDA:12,hasRecipient
DA:13,247
DA:25,54
DA:34,56
DA:42,35
DA:43,23
DA:44,23
DA:45,35
DA:46,35
DA:60,12
LF:9
LH:9
BRDA:25,0,0,46
BRDA:25,0,1,8
BRDA:34,1,0,56
BRDA:34,1,1,44
BRDA:42,2,0,12
BRDA:42,2,1,23
BRDA:44,3,0,7
BRDA:44,3,1,16
BRDA:45,4,0,35
BRDA:45,4,1,4
BRDA:60,5,0,12
BRDA:60,5,1,8
BRF:12
BRH:12
end_of_record
TN:
SF:src/lib/validations/about.ts
FNF:0
FNH:0
DA:5,1
DA:102,1
DA:114,1
DA:126,1
DA:132,1
DA:139,1
DA:146,1
DA:153,1
LF:8
LH:8
BRF:0
BRH:0
end_of_record
TN:
SF:src/lib/validations/activity.ts
FNF:0
FNH:0
DA:4,1
DA:20,1
DA:37,1
DA:51,1
DA:63,1
DA:74,1
DA:87,1
LF:7
LH:7
BRF:0
BRH:0
end_of_record
TN:
SF:src/lib/validations/calendar.ts
FN:79,(anonymous_0)
FNF:1
FNH:1
FNDA:10,(anonymous_0)
DA:5,6
DA:28,6
DA:32,6
DA:53,6
DA:59,6
DA:79,10
DA:85,6
DA:98,6
DA:102,6
DA:114,6
DA:118,6
DA:128,6
DA:132,6
DA:144,6
DA:158,6
DA:162,6
DA:176,6
LF:17
LH:17
BRF:0
BRH:0
end_of_record
TN:
SF:src/lib/validations/chatbot.ts
FNF:0
FNH:0
DA:3,1
DA:7,1
DA:8,1
DA:9,1
DA:12,1
DA:17,1
DA:25,1
DA:35,1
DA:37,1
DA:46,1
DA:49,1
DA:60,1
DA:63,1
DA:94,1
DA:97,1
DA:112,1
DA:120,1
LF:17
LH:17
BRF:0
BRH:0
end_of_record
TN:
SF:src/lib/validations/contact.ts
FN:36,(anonymous_0)
FNF:1
FNH:1
FNDA:32,(anonymous_0)
DA:3,4
DA:4,4
DA:5,4
DA:6,4
DA:8,4
DA:19,4
DA:28,4
DA:36,32
DA:38,4
LF:9
LH:9
BRF:0
BRH:0
end_of_record
TN:
SF:src/lib/validations/crm.ts
FNF:0
FNH:0
DA:5,1
DA:15,1
DA:25,1
DA:34,1
DA:41,1
DA:48,1
DA:55,1
DA:62,1
DA:70,1
DA:78,1
DA:84,1
DA:90,1
DA:99,1
DA:109,1
DA:119,1
DA:128,1
DA:130,1
DA:137,1
DA:144,1
DA:151,1
DA:159,1
DA:167,1
DA:173,1
DA:179,1
DA:188,1
DA:189,1
DA:190,1
DA:196,1
DA:200,1
DA:201,1
DA:202,1
DA:203,1
DA:207,1
DA:224,1
DA:231,1
DA:244,1
DA:251,1
DA:265,1
DA:272,1
DA:285,1
DA:292,1
DA:305,1
DA:312,1
DA:324,1
DA:331,1
DA:344,1
DA:351,1
DA:362,1
DA:369,1
DA:376,1
DA:387,1
DA:394,1
DA:404,1
DA:415,1
DA:422,1
LF:55
LH:55
BRF:0
BRH:0
end_of_record
TN:
SF:src/lib/validations/homepage.ts
FNF:0
FNH:0
DA:5,1
DA:112,1
DA:124,1
DA:135,1
LF:4
LH:4
BRF:0
BRH:0
end_of_record
TN:
SF:src/lib/validations/locale.ts
FNF:0
FNH:0
DA:3,1
DA:4,1
DA:6,1
DA:12,1
DA:39,1
DA:41,1
DA:58,1
DA:75,1
DA:89,1
LF:9
LH:9
BRF:0
BRH:0
end_of_record
TN:
SF:src/lib/validations/newsletter.ts
FN:45,(anonymous_0)
FNF:1
FNH:1
FNDA:5,(anonymous_0)
DA:3,2
DA:6,2
DA:19,2
DA:24,2
DA:29,2
DA:42,2
DA:45,5
DA:50,2
DA:58,2
DA:66,2
DA:88,2
DA:90,2
DA:96,2
DA:104,2
DA:107,2
DA:115,2
DA:119,2
DA:130,2
DA:132,2
DA:138,2
DA:153,2
DA:162,2
DA:171,2
DA:174,2
DA:181,2
DA:184,2
LF:26
LH:26
BRF:0
BRH:0
end_of_record
TN:
SF:src/lib/validations/notifications.ts
FNF:0
FNH:0
DA:4,1
DA:20,1
DA:40,1
DA:49,1
DA:55,1
DA:72,1
DA:89,1
DA:92,1
LF:8
LH:8
BRF:0
BRH:0
end_of_record
TN:
SF:src/lib/validations/portfolio.ts
FNF:0
FNH:0
DA:3,2
DA:11,2
DA:19,2
DA:28,2
DA:65,2
LF:5
LH:5
BRF:0
BRH:0
end_of_record
TN:
SF:src/lib/validations/resume.ts
FNF:0
FNH:0
DA:3,1
DA:9,1
DA:42,1
DA:58,1
DA:71,1
DA:81,1
DA:94,1
DA:104,1
DA:112,1
LF:9
LH:9
BRF:0
BRH:0
end_of_record
TN:
SF:src/lib/validations/services.ts
FN:68,(anonymous_0)
FNF:1
FNH:1
FNDA:10,(anonymous_0)
DA:3,2
DA:12,2
DA:14,2
DA:27,2
DA:29,2
DA:36,2
DA:38,2
DA:49,2
DA:54,2
DA:69,10
DA:89,2
LF:11
LH:11
BRDA:69,0,0,8
BRDA:69,0,1,2
BRDA:69,1,0,10
BRDA:69,1,1,10
BRDA:69,1,2,9
BRF:5
BRH:5
end_of_record
TN:
SF:src/lib/validations/support.ts
FNF:0
FNH:0
DA:3,1
DA:4,1
DA:6,1
DA:29,1
DA:36,1
DA:48,1
DA:54,1
LF:7
LH:7
BRF:0
BRH:0
end_of_record
TN:
SF:src/lib/validations/testimonial.ts
FNF:0
FNH:0
DA:3,2
DA:8,2
DA:32,2
LF:3
LH:3
BRF:0
BRH:0
end_of_record
TN:
SF:src/lib/validations/email/index.ts
FN:187,(anonymous_0)
FNF:1
FNH:1
FNDA:6,(anonymous_0)
DA:3,1
DA:7,1
DA:20,1
DA:27,1
DA:41,1
DA:51,1
DA:66,1
DA:74,1
DA:94,1
DA:103,1
DA:124,1
DA:126,1
DA:131,1
DA:138,1
DA:158,1
DA:171,1
DA:179,1
DA:187,6
LF:18
LH:18
BRF:0
BRH:0
end_of_record
TN:
SF:src/types/activity.ts
FNF:0
FNH:0
DA:4,1
DA:11,1
DA:36,1
DA:54,1
DA:97,1
DA:133,1
LF:6
LH:6
BRF:0
BRH:0
end_of_record
TN:
SF:src/types/chatbot.ts
FNF:0
FNH:0
DA:4,1
DA:8,1
LF:2
LH:2
BRF:0
BRH:0
end_of_record
TN:
SF:src/types/notifications.ts
FNF:0
FNH:0
DA:13,16
DA:25,16
DA:40,16
DA:47,16
DA:57,16
DA:64,16
DA:79,16
DA:87,16
DA:97,16
DA:108,16
DA:114,16
DA:123,16
DA:129,16
DA:136,16
DA:141,16
DA:146,16
DA:154,16
DA:176,16
DA:219,16
DA:262,16
LF:20
LH:20
BRF:0
BRH:0
end_of_record
TN:
SF:src/types/support.ts
FNF:0
FNH:0
DA:201,1
DA:211,1
DA:219,1
DA:233,1
DA:247,1
DA:255,1
LF:6
LH:6
BRF:0
BRH:0
end_of_record
